2016-11-03 15:12:54	Thales.local:64412	INFO	system_details : system=Darwin Kernel Version 16.1.0: Thu Oct 13 21:26:57 PDT 2016; root:xnu-3789.21.3~60/RELEASE_X86_64
2016-11-03 15:12:54	Thales.local:64412	INFO	python : 3.5.1
2016-11-03 15:12:54	Thales.local:64412	INFO	user : gavin
2016-11-03 15:12:54	Thales.local:64412	INFO	command_string : /Users/gavin/miniconda2/envs/py35/bin/mutation_analysis nbr -1 ../data/ensembl_snps_79/counts/A/intergenic/directions/freq_All-chrom_A-GC_All-CtoA.txt -2 ../data/ensembl_snps_79/counts/X/intergenic/directions/freq_All-chrom_X-GC_All-CtoA.txt -o ../results/ensembl_snps_79/A_vs_X/intergenic/directions/CtoA
2016-11-03 15:12:54	Thales.local:64412	INFO	vars : {'countsfile2': '../data/ensembl_snps_79/counts/X/intergenic/directions/freq_All-chrom_X-GC_All-CtoA.txt', 'outpath': '../results/ensembl_snps_79/A_vs_X/intergenic/directions/CtoA', 'first_order': False, 'no_type3': False, 'group_label': None, 'strand_symmetry': False, 'group_ref': None, 'format': 'pdf', 'dry_run': False, 'verbose': False, 'plot_cfg': None, 'countsfile': '../data/ensembl_snps_79/counts/A/intergenic/directions/freq_All-chrom_A-GC_All-CtoA.txt'}
2016-11-03 15:12:54	Thales.local:64412	INFO	countsfile1_path : /Users/gavin/DevRepos/AnalyseMutationsGenetics/data/ensembl_snps_79/counts/A/intergenic/directions/freq_All-chrom_A-GC_All-CtoA.txt
2016-11-03 15:12:54	Thales.local:64412	INFO	countsfile1_path md5sum : 253ef825f616fe96b8aedb3386481235
2016-11-03 15:12:54	Thales.local:64412	INFO	countsfile2_path : /Users/gavin/DevRepos/AnalyseMutationsGenetics/data/ensembl_snps_79/counts/X/intergenic/directions/freq_All-chrom_X-GC_All-CtoA.txt
2016-11-03 15:12:54	Thales.local:64412	INFO	countsfile2_path md5sum : f1b0ab105f0342ff42781138ced8b65b
2016-11-03 15:12:54	Thales.local:64412	INFO	group_counts : /Users/gavin/DevRepos/AnalyseMutationsGenetics/results/ensembl_snps_79/A_vs_X/intergenic/directions/CtoA/group_counts_table.txt
2016-11-03 15:12:54	Thales.local:64412	INFO	group_counts md5sum : 65aa71c378b8731d33faf6d1b29ab543
2016-11-03 15:12:54	Thales.local:64412	INFO	analysis1 : /Users/gavin/DevRepos/AnalyseMutationsGenetics/results/ensembl_snps_79/A_vs_X/intergenic/directions/CtoA/1.json
2016-11-03 15:12:54	Thales.local:64412	INFO	analysis1 md5sum : 6ccf250049c5a4f510621fa1538253a5
2016-11-03 15:12:54	Thales.local:64412	INFO	analysis2 : /Users/gavin/DevRepos/AnalyseMutationsGenetics/results/ensembl_snps_79/A_vs_X/intergenic/directions/CtoA/2.json
2016-11-03 15:12:54	Thales.local:64412	INFO	analysis2 md5sum : 1c7dfb8f03dba679766a5914e84d0c74
2016-11-03 15:12:56	Thales.local:64412	INFO	analysis3 : /Users/gavin/DevRepos/AnalyseMutationsGenetics/results/ensembl_snps_79/A_vs_X/intergenic/directions/CtoA/3.json
2016-11-03 15:12:56	Thales.local:64412	INFO	analysis3 md5sum : b33f60db1f8847be06296aa093a1910f
2016-11-03 15:13:06	Thales.local:64412	INFO	analysis4 : /Users/gavin/DevRepos/AnalyseMutationsGenetics/results/ensembl_snps_79/A_vs_X/intergenic/directions/CtoA/4.json
2016-11-03 15:13:06	Thales.local:64412	INFO	analysis4 md5sum : 127f03fc6c163e11309811892fb39115
2016-11-03 15:13:08	Thales.local:64412	INFO	summary : /Users/gavin/DevRepos/AnalyseMutationsGenetics/results/ensembl_snps_79/A_vs_X/intergenic/directions/CtoA/summary.txt
2016-11-03 15:13:08	Thales.local:64412	INFO	summary md5sum : 1011f98449b316074ce19d3881e1d8f6
