2016-11-03 15:23:55	Thales.local:65155	INFO	system_details : system=Darwin Kernel Version 16.1.0: Thu Oct 13 21:26:57 PDT 2016; root:xnu-3789.21.3~60/RELEASE_X86_64
2016-11-03 15:23:55	Thales.local:65155	INFO	python : 3.5.1
2016-11-03 15:23:55	Thales.local:65155	INFO	user : gavin
2016-11-03 15:23:55	Thales.local:65155	INFO	command_string : /Users/gavin/miniconda2/envs/py35/bin/mutation_analysis nbr -1 ../data/ensembl_snps_79/counts/A/exon/directions/freq_All-chrom_A-GC_All-TtoC.txt -2 ../data/ensembl_snps_79/counts/malignant_melanoma/directions/freq_All-chrom_All-GC_All-TtoC.txt -o ../results/ensembl_snps_79/Aexon_vs_Melanoma/directions/TtoC
2016-11-03 15:23:55	Thales.local:65155	INFO	vars : {'format': 'pdf', 'plot_cfg': None, 'first_order': False, 'countsfile2': '../data/ensembl_snps_79/counts/malignant_melanoma/directions/freq_All-chrom_All-GC_All-TtoC.txt', 'outpath': '../results/ensembl_snps_79/Aexon_vs_Melanoma/directions/TtoC', 'strand_symmetry': False, 'dry_run': False, 'verbose': False, 'group_label': None, 'group_ref': None, 'countsfile': '../data/ensembl_snps_79/counts/A/exon/directions/freq_All-chrom_A-GC_All-TtoC.txt', 'no_type3': False}
2016-11-03 15:23:55	Thales.local:65155	INFO	countsfile1_path : /Users/gavin/DevRepos/AnalyseMutationsGenetics/data/ensembl_snps_79/counts/A/exon/directions/freq_All-chrom_A-GC_All-TtoC.txt
2016-11-03 15:23:55	Thales.local:65155	INFO	countsfile1_path md5sum : 79e8c1f579a265225cbc6883882f15bc
2016-11-03 15:23:55	Thales.local:65155	INFO	countsfile2_path : /Users/gavin/DevRepos/AnalyseMutationsGenetics/data/ensembl_snps_79/counts/malignant_melanoma/directions/freq_All-chrom_All-GC_All-TtoC.txt
2016-11-03 15:23:55	Thales.local:65155	INFO	countsfile2_path md5sum : a48997f7eb33f9c9eade8a35c715a9c1
2016-11-03 15:23:55	Thales.local:65155	INFO	group_counts : /Users/gavin/DevRepos/AnalyseMutationsGenetics/results/ensembl_snps_79/Aexon_vs_Melanoma/directions/TtoC/group_counts_table.txt
2016-11-03 15:23:55	Thales.local:65155	INFO	group_counts md5sum : 42b3c33ccb41bd7989d6fa8d7131a488
2016-11-03 15:23:55	Thales.local:65155	INFO	analysis1 : /Users/gavin/DevRepos/AnalyseMutationsGenetics/results/ensembl_snps_79/Aexon_vs_Melanoma/directions/TtoC/1.json
2016-11-03 15:23:55	Thales.local:65155	INFO	analysis1 md5sum : d4b1363fb43f47d87c3cf7de289065be
2016-11-03 15:23:56	Thales.local:65155	INFO	analysis2 : /Users/gavin/DevRepos/AnalyseMutationsGenetics/results/ensembl_snps_79/Aexon_vs_Melanoma/directions/TtoC/2.json
2016-11-03 15:23:56	Thales.local:65155	INFO	analysis2 md5sum : 5da93d98683a7e071d0dc2b20390cdc6
2016-11-03 15:23:58	Thales.local:65155	INFO	analysis3 : /Users/gavin/DevRepos/AnalyseMutationsGenetics/results/ensembl_snps_79/Aexon_vs_Melanoma/directions/TtoC/3.json
2016-11-03 15:23:58	Thales.local:65155	INFO	analysis3 md5sum : 56d093a9e320a26943157570f63ca79f
2016-11-03 15:24:05	Thales.local:65155	INFO	analysis4 : /Users/gavin/DevRepos/AnalyseMutationsGenetics/results/ensembl_snps_79/Aexon_vs_Melanoma/directions/TtoC/4.json
2016-11-03 15:24:05	Thales.local:65155	INFO	analysis4 md5sum : 6a82f8ecd79f308224b04b743b0c7b20
2016-11-03 15:24:07	Thales.local:65155	INFO	summary : /Users/gavin/DevRepos/AnalyseMutationsGenetics/results/ensembl_snps_79/Aexon_vs_Melanoma/directions/TtoC/summary.txt
2016-11-03 15:24:07	Thales.local:65155	INFO	summary md5sum : b6f372d3e72dee2cad5145323048e698
