2016-11-03 15:15:08	Thales.local:64570	INFO	system_details : system=Darwin Kernel Version 16.1.0: Thu Oct 13 21:26:57 PDT 2016; root:xnu-3789.21.3~60/RELEASE_X86_64
2016-11-03 15:15:08	Thales.local:64570	INFO	python : 3.5.1
2016-11-03 15:15:08	Thales.local:64570	INFO	user : gavin
2016-11-03 15:15:08	Thales.local:64570	INFO	command_string : /Users/gavin/miniconda2/envs/py35/bin/mutation_analysis nbr -1 ../data/ensembl_snps_79/counts/A/intergenic/directions/freq_All-chrom_A-GC_All-GtoA.txt -2 ../data/ensembl_snps_79/counts/X/intergenic/directions/freq_All-chrom_X-GC_All-GtoA.txt -o ../results/ensembl_snps_79/A_vs_X/intergenic/directions/GtoA
2016-11-03 15:15:08	Thales.local:64570	INFO	vars : {'countsfile2': '../data/ensembl_snps_79/counts/X/intergenic/directions/freq_All-chrom_X-GC_All-GtoA.txt', 'no_type3': False, 'strand_symmetry': False, 'countsfile': '../data/ensembl_snps_79/counts/A/intergenic/directions/freq_All-chrom_A-GC_All-GtoA.txt', 'format': 'pdf', 'verbose': False, 'group_label': None, 'first_order': False, 'plot_cfg': None, 'group_ref': None, 'dry_run': False, 'outpath': '../results/ensembl_snps_79/A_vs_X/intergenic/directions/GtoA'}
2016-11-03 15:15:08	Thales.local:64570	INFO	countsfile1_path : /Users/gavin/DevRepos/AnalyseMutationsGenetics/data/ensembl_snps_79/counts/A/intergenic/directions/freq_All-chrom_A-GC_All-GtoA.txt
2016-11-03 15:15:08	Thales.local:64570	INFO	countsfile1_path md5sum : b3c4fa79ebc53a4147f46c0243eaf7ae
2016-11-03 15:15:08	Thales.local:64570	INFO	countsfile2_path : /Users/gavin/DevRepos/AnalyseMutationsGenetics/data/ensembl_snps_79/counts/X/intergenic/directions/freq_All-chrom_X-GC_All-GtoA.txt
2016-11-03 15:15:08	Thales.local:64570	INFO	countsfile2_path md5sum : 623905df754997e10d8eca3957e40398
2016-11-03 15:15:08	Thales.local:64570	INFO	group_counts : /Users/gavin/DevRepos/AnalyseMutationsGenetics/results/ensembl_snps_79/A_vs_X/intergenic/directions/GtoA/group_counts_table.txt
2016-11-03 15:15:08	Thales.local:64570	INFO	group_counts md5sum : bc256fb8cfdd70ff5a283fde113bc779
2016-11-03 15:15:08	Thales.local:64570	INFO	analysis1 : /Users/gavin/DevRepos/AnalyseMutationsGenetics/results/ensembl_snps_79/A_vs_X/intergenic/directions/GtoA/1.json
2016-11-03 15:15:08	Thales.local:64570	INFO	analysis1 md5sum : 7db54a0e261850dcad4c0901ca989892
2016-11-03 15:15:09	Thales.local:64570	INFO	analysis2 : /Users/gavin/DevRepos/AnalyseMutationsGenetics/results/ensembl_snps_79/A_vs_X/intergenic/directions/GtoA/2.json
2016-11-03 15:15:09	Thales.local:64570	INFO	analysis2 md5sum : e6bef3c4d251cc5b46bcbda9b13b3e6f
2016-11-03 15:15:10	Thales.local:64570	INFO	analysis3 : /Users/gavin/DevRepos/AnalyseMutationsGenetics/results/ensembl_snps_79/A_vs_X/intergenic/directions/GtoA/3.json
2016-11-03 15:15:10	Thales.local:64570	INFO	analysis3 md5sum : 85267b5155761fad994e566ebde0e8c0
2016-11-03 15:15:15	Thales.local:64570	INFO	analysis4 : /Users/gavin/DevRepos/AnalyseMutationsGenetics/results/ensembl_snps_79/A_vs_X/intergenic/directions/GtoA/4.json
2016-11-03 15:15:15	Thales.local:64570	INFO	analysis4 md5sum : 3fade267f19d94688743843ccb529375
2016-11-03 15:15:17	Thales.local:64570	INFO	summary : /Users/gavin/DevRepos/AnalyseMutationsGenetics/results/ensembl_snps_79/A_vs_X/intergenic/directions/GtoA/summary.txt
2016-11-03 15:15:17	Thales.local:64570	INFO	summary md5sum : 6d9926d404edb70bc6082f1f6b416d88
