2016-05-27 14:01:52	thales.uds.anu.edu.au:31508	INFO	system_details : system=Darwin Kernel Version 15.5.0: Tue Apr 19 18:36:36 PDT 2016; root:xnu-3248.50.21~8/RELEASE_X86_64
2016-05-27 14:01:52	thales.uds.anu.edu.au:31508	INFO	python : 2.7.10
2016-05-27 14:01:52	thales.uds.anu.edu.au:31508	INFO	user : gavin
2016-05-27 14:01:52	thales.uds.anu.edu.au:31508	INFO	command_string : /Users/gavin/.virtualenvs/trunk/bin/mutation_analysis -1 ../data/ensembl_snps_79/counts/A/exon/directions/freq_All-chrom_A-GC_All-CtoG.txt -2 ../data/ensembl_snps_79/counts/X/exon/directions/freq_All-chrom_X-GC_All-CtoG.txt -o ../results/ensembl_snps_79/A_vs_X/exon/directions/CtoG nbr
2016-05-27 14:01:52	thales.uds.anu.edu.au:31508	INFO	vars : {'verbose': False, 'dry_run': False, 'format': 'pdf', 'group_ref': None, 'first_order': False, 'group_label': None, 'strand_symmetry': False, 'plot_cfg': None, 'force_overwrite': False, 'cfg_context': <mutation_motif.mutation_analysis.Config object at 0x1146c52d0>, 'outpath': u'../results/ensembl_snps_79/A_vs_X/exon/directions/CtoG', 'countsfile2': u'../data/ensembl_snps_79/counts/X/exon/directions/freq_All-chrom_X-GC_All-CtoG.txt', 'countsfile': u'../data/ensembl_snps_79/counts/A/exon/directions/freq_All-chrom_A-GC_All-CtoG.txt'}
2016-05-27 14:01:52	thales.uds.anu.edu.au:31508	INFO	countsfile1_path : /Users/gavin/DevRepos/AnalyseMutations/data/ensembl_snps_79/counts/A/exon/directions/freq_All-chrom_A-GC_All-CtoG.txt
2016-05-27 14:01:52	thales.uds.anu.edu.au:31508	INFO	countsfile1_path md5sum : 62d9818c99593171c5455e1a34aea615
2016-05-27 14:01:52	thales.uds.anu.edu.au:31508	INFO	countsfile2_path : /Users/gavin/DevRepos/AnalyseMutations/data/ensembl_snps_79/counts/X/exon/directions/freq_All-chrom_X-GC_All-CtoG.txt
2016-05-27 14:01:52	thales.uds.anu.edu.au:31508	INFO	countsfile2_path md5sum : 9edf28fc85b7b4587f72cf098449d3cf
2016-05-27 14:01:52	thales.uds.anu.edu.au:31508	INFO	group_counts : /Users/gavin/DevRepos/AnalyseMutations/results/ensembl_snps_79/A_vs_X/exon/directions/CtoG/group_counts_table.txt
2016-05-27 14:01:52	thales.uds.anu.edu.au:31508	INFO	group_counts md5sum : 9209d6d3fc210146d89238d767892b99
2016-05-27 14:01:52	thales.uds.anu.edu.au:31508	INFO	analysis1 : /Users/gavin/DevRepos/AnalyseMutations/results/ensembl_snps_79/A_vs_X/exon/directions/CtoG/1.json
2016-05-27 14:01:52	thales.uds.anu.edu.au:31508	INFO	analysis1 md5sum : 128086fabbfdcdf588b3c355b3ca9191
2016-05-27 14:01:52	thales.uds.anu.edu.au:31508	INFO	analysis2 : /Users/gavin/DevRepos/AnalyseMutations/results/ensembl_snps_79/A_vs_X/exon/directions/CtoG/2.json
2016-05-27 14:01:52	thales.uds.anu.edu.au:31508	INFO	analysis2 md5sum : 5ad68b2da1364f4b82872a34dbfe2e42
2016-05-27 14:01:54	thales.uds.anu.edu.au:31508	INFO	analysis3 : /Users/gavin/DevRepos/AnalyseMutations/results/ensembl_snps_79/A_vs_X/exon/directions/CtoG/3.json
2016-05-27 14:01:54	thales.uds.anu.edu.au:31508	INFO	analysis3 md5sum : 5ba6e9e9504847c73d9eadd17fe1f68d
2016-05-27 14:02:08	thales.uds.anu.edu.au:31508	INFO	analysis4 : /Users/gavin/DevRepos/AnalyseMutations/results/ensembl_snps_79/A_vs_X/exon/directions/CtoG/4.json
2016-05-27 14:02:08	thales.uds.anu.edu.au:31508	INFO	analysis4 md5sum : 65c53aec95f92895152fb79f81e582df
2016-05-27 14:02:11	thales.uds.anu.edu.au:31508	INFO	summary : /Users/gavin/DevRepos/AnalyseMutations/results/ensembl_snps_79/A_vs_X/exon/directions/CtoG/summary.txt
2016-05-27 14:02:11	thales.uds.anu.edu.au:31508	INFO	summary md5sum : f9f9886ffa10a82f7676364234ee0782
