2016-11-03 14:54:06	Thales.local:62800	INFO	system_details : system=Darwin Kernel Version 16.1.0: Thu Oct 13 21:26:57 PDT 2016; root:xnu-3789.21.3~60/RELEASE_X86_64
2016-11-03 14:54:06	Thales.local:62800	INFO	python : 3.5.1
2016-11-03 14:54:06	Thales.local:62800	INFO	user : gavin
2016-11-03 14:54:06	Thales.local:62800	INFO	command_string : /Users/gavin/miniconda2/envs/py35/bin/mutation_analysis nbr -1 ../data/ensembl_snps_79/counts/A/intron/directions/freq_All-chrom_A-GC_All-AtoT.txt -2 ../data/ensembl_snps_79/counts/A/exon/directions/freq_All-chrom_A-GC_All-AtoT.txt -o ../results/ensembl_snps_79/A/intron_vs_exon/directions/AtoT
2016-11-03 14:54:06	Thales.local:62800	INFO	vars : {'countsfile': '../data/ensembl_snps_79/counts/A/intron/directions/freq_All-chrom_A-GC_All-AtoT.txt', 'verbose': False, 'outpath': '../results/ensembl_snps_79/A/intron_vs_exon/directions/AtoT', 'no_type3': False, 'countsfile2': '../data/ensembl_snps_79/counts/A/exon/directions/freq_All-chrom_A-GC_All-AtoT.txt', 'format': 'pdf', 'group_label': None, 'group_ref': None, 'strand_symmetry': False, 'first_order': False, 'dry_run': False, 'plot_cfg': None}
2016-11-03 14:54:06	Thales.local:62800	INFO	countsfile1_path : /Users/gavin/DevRepos/AnalyseMutationsGenetics/data/ensembl_snps_79/counts/A/intron/directions/freq_All-chrom_A-GC_All-AtoT.txt
2016-11-03 14:54:06	Thales.local:62800	INFO	countsfile1_path md5sum : e4d38603940a167f7feb61270ca36c24
2016-11-03 14:54:06	Thales.local:62800	INFO	countsfile2_path : /Users/gavin/DevRepos/AnalyseMutationsGenetics/data/ensembl_snps_79/counts/A/exon/directions/freq_All-chrom_A-GC_All-AtoT.txt
2016-11-03 14:54:06	Thales.local:62800	INFO	countsfile2_path md5sum : c834c58f4be7e4a0b075eb866bb208e5
2016-11-03 14:54:06	Thales.local:62800	INFO	group_counts : /Users/gavin/DevRepos/AnalyseMutationsGenetics/results/ensembl_snps_79/A/intron_vs_exon/directions/AtoT/group_counts_table.txt
2016-11-03 14:54:06	Thales.local:62800	INFO	group_counts md5sum : 31dfa33a738a18e1fefef311d80ef47a
2016-11-03 14:54:06	Thales.local:62800	INFO	analysis1 : /Users/gavin/DevRepos/AnalyseMutationsGenetics/results/ensembl_snps_79/A/intron_vs_exon/directions/AtoT/1.json
2016-11-03 14:54:06	Thales.local:62800	INFO	analysis1 md5sum : ef6c0d8e1093dc6f666bd244b5a351fe
2016-11-03 14:54:06	Thales.local:62800	INFO	analysis2 : /Users/gavin/DevRepos/AnalyseMutationsGenetics/results/ensembl_snps_79/A/intron_vs_exon/directions/AtoT/2.json
2016-11-03 14:54:06	Thales.local:62800	INFO	analysis2 md5sum : bec63a7e424d139d4197d5a5a5bfb28f
2016-11-03 14:54:09	Thales.local:62800	INFO	analysis3 : /Users/gavin/DevRepos/AnalyseMutationsGenetics/results/ensembl_snps_79/A/intron_vs_exon/directions/AtoT/3.json
2016-11-03 14:54:09	Thales.local:62800	INFO	analysis3 md5sum : 28c9d14b00cffa5fb42f6d55be628c1f
2016-11-03 14:54:19	Thales.local:62800	INFO	analysis4 : /Users/gavin/DevRepos/AnalyseMutationsGenetics/results/ensembl_snps_79/A/intron_vs_exon/directions/AtoT/4.json
2016-11-03 14:54:19	Thales.local:62800	INFO	analysis4 md5sum : c48136aee1592d506510958345c46a96
2016-11-03 14:54:25	Thales.local:62800	INFO	summary : /Users/gavin/DevRepos/AnalyseMutationsGenetics/results/ensembl_snps_79/A/intron_vs_exon/directions/AtoT/summary.txt
2016-11-03 14:54:25	Thales.local:62800	INFO	summary md5sum : 65d0aad00ea197b204d87eba2c4565b5
