2016-05-27 13:47:01	thales.uds.anu.edu.au:30596	INFO	system_details : system=Darwin Kernel Version 15.5.0: Tue Apr 19 18:36:36 PDT 2016; root:xnu-3248.50.21~8/RELEASE_X86_64
2016-05-27 13:47:01	thales.uds.anu.edu.au:30596	INFO	python : 2.7.10
2016-05-27 13:47:01	thales.uds.anu.edu.au:30596	INFO	user : gavin
2016-05-27 13:47:01	thales.uds.anu.edu.au:30596	INFO	command_string : /Users/gavin/.virtualenvs/trunk/bin/mutation_analysis -1 ../data/ensembl_snps_79/counts/A/intron/directions/freq_All-chrom_A-GC_All-GtoA.txt -2 ../data/ensembl_snps_79/counts/A/exon/directions/freq_All-chrom_A-GC_All-GtoA.txt -o ../results/ensembl_snps_79/A/intron_vs_exon/directions/GtoA nbr
2016-05-27 13:47:01	thales.uds.anu.edu.au:30596	INFO	vars : {'verbose': False, 'dry_run': False, 'format': 'pdf', 'group_ref': None, 'first_order': False, 'group_label': None, 'strand_symmetry': False, 'plot_cfg': None, 'force_overwrite': False, 'cfg_context': <mutation_motif.mutation_analysis.Config object at 0x10c9262d0>, 'outpath': u'../results/ensembl_snps_79/A/intron_vs_exon/directions/GtoA', 'countsfile2': u'../data/ensembl_snps_79/counts/A/exon/directions/freq_All-chrom_A-GC_All-GtoA.txt', 'countsfile': u'../data/ensembl_snps_79/counts/A/intron/directions/freq_All-chrom_A-GC_All-GtoA.txt'}
2016-05-27 13:47:01	thales.uds.anu.edu.au:30596	INFO	countsfile1_path : /Users/gavin/DevRepos/AnalyseMutations/data/ensembl_snps_79/counts/A/intron/directions/freq_All-chrom_A-GC_All-GtoA.txt
2016-05-27 13:47:01	thales.uds.anu.edu.au:30596	INFO	countsfile1_path md5sum : 8d638663ceafa094ad54d2b612d63fc9
2016-05-27 13:47:01	thales.uds.anu.edu.au:30596	INFO	countsfile2_path : /Users/gavin/DevRepos/AnalyseMutations/data/ensembl_snps_79/counts/A/exon/directions/freq_All-chrom_A-GC_All-GtoA.txt
2016-05-27 13:47:01	thales.uds.anu.edu.au:30596	INFO	countsfile2_path md5sum : 13d8b38673995c344dbc5a00a2c9e4ac
2016-05-27 13:47:01	thales.uds.anu.edu.au:30596	INFO	group_counts : /Users/gavin/DevRepos/AnalyseMutations/results/ensembl_snps_79/A/intron_vs_exon/directions/GtoA/group_counts_table.txt
2016-05-27 13:47:01	thales.uds.anu.edu.au:30596	INFO	group_counts md5sum : 20d9e7c9cf076b5684b98bc7f48c9add
2016-05-27 13:47:01	thales.uds.anu.edu.au:30596	INFO	analysis1 : /Users/gavin/DevRepos/AnalyseMutations/results/ensembl_snps_79/A/intron_vs_exon/directions/GtoA/1.json
2016-05-27 13:47:01	thales.uds.anu.edu.au:30596	INFO	analysis1 md5sum : 053666b3a32ea03e561efd339f19fb85
2016-05-27 13:47:01	thales.uds.anu.edu.au:30596	INFO	analysis2 : /Users/gavin/DevRepos/AnalyseMutations/results/ensembl_snps_79/A/intron_vs_exon/directions/GtoA/2.json
2016-05-27 13:47:01	thales.uds.anu.edu.au:30596	INFO	analysis2 md5sum : 93e6b1ffd2de729a958c53599f6aad2c
2016-05-27 13:47:03	thales.uds.anu.edu.au:30596	INFO	analysis3 : /Users/gavin/DevRepos/AnalyseMutations/results/ensembl_snps_79/A/intron_vs_exon/directions/GtoA/3.json
2016-05-27 13:47:03	thales.uds.anu.edu.au:30596	INFO	analysis3 md5sum : eaf6210b18a94edda977a3ece8965b59
2016-05-27 13:47:08	thales.uds.anu.edu.au:30596	INFO	analysis4 : /Users/gavin/DevRepos/AnalyseMutations/results/ensembl_snps_79/A/intron_vs_exon/directions/GtoA/4.json
2016-05-27 13:47:08	thales.uds.anu.edu.au:30596	INFO	analysis4 md5sum : ec367e6b7658577a8df81ab3b5ba9c43
2016-05-27 13:47:11	thales.uds.anu.edu.au:30596	INFO	summary : /Users/gavin/DevRepos/AnalyseMutations/results/ensembl_snps_79/A/intron_vs_exon/directions/GtoA/summary.txt
2016-05-27 13:47:11	thales.uds.anu.edu.au:30596	INFO	summary md5sum : 0188db97b2c22665b4e6aba8b569f5d7
