2016-11-03 15:21:03	Thales.local:64976	INFO	system_details : system=Darwin Kernel Version 16.1.0: Thu Oct 13 21:26:57 PDT 2016; root:xnu-3789.21.3~60/RELEASE_X86_64
2016-11-03 15:21:03	Thales.local:64976	INFO	python : 3.5.1
2016-11-03 15:21:03	Thales.local:64976	INFO	user : gavin
2016-11-03 15:21:03	Thales.local:64976	INFO	command_string : /Users/gavin/miniconda2/envs/py35/bin/mutation_analysis nbr -1 ../data/ensembl_snps_79/counts/A/exon/directions/freq_All-chrom_A-GC_All-AtoC.txt -2 ../data/ensembl_snps_79/counts/malignant_melanoma/directions/freq_All-chrom_All-GC_All-AtoC.txt -o ../results/ensembl_snps_79/Aexon_vs_Melanoma/directions/AtoC
2016-11-03 15:21:03	Thales.local:64976	INFO	vars : {'format': 'pdf', 'first_order': False, 'countsfile': '../data/ensembl_snps_79/counts/A/exon/directions/freq_All-chrom_A-GC_All-AtoC.txt', 'no_type3': False, 'countsfile2': '../data/ensembl_snps_79/counts/malignant_melanoma/directions/freq_All-chrom_All-GC_All-AtoC.txt', 'group_label': None, 'verbose': False, 'dry_run': False, 'plot_cfg': None, 'strand_symmetry': False, 'group_ref': None, 'outpath': '../results/ensembl_snps_79/Aexon_vs_Melanoma/directions/AtoC'}
2016-11-03 15:21:03	Thales.local:64976	INFO	countsfile1_path : /Users/gavin/DevRepos/AnalyseMutationsGenetics/data/ensembl_snps_79/counts/A/exon/directions/freq_All-chrom_A-GC_All-AtoC.txt
2016-11-03 15:21:03	Thales.local:64976	INFO	countsfile1_path md5sum : 229e2fc356fa0e67e8b1db689d52fcdf
2016-11-03 15:21:03	Thales.local:64976	INFO	countsfile2_path : /Users/gavin/DevRepos/AnalyseMutationsGenetics/data/ensembl_snps_79/counts/malignant_melanoma/directions/freq_All-chrom_All-GC_All-AtoC.txt
2016-11-03 15:21:03	Thales.local:64976	INFO	countsfile2_path md5sum : 4660d50cbb4e20db62d33bc6335c6cf4
2016-11-03 15:21:03	Thales.local:64976	INFO	group_counts : /Users/gavin/DevRepos/AnalyseMutationsGenetics/results/ensembl_snps_79/Aexon_vs_Melanoma/directions/AtoC/group_counts_table.txt
2016-11-03 15:21:03	Thales.local:64976	INFO	group_counts md5sum : 4ad1aa483494f83856490d3875489656
2016-11-03 15:21:03	Thales.local:64976	INFO	analysis1 : /Users/gavin/DevRepos/AnalyseMutationsGenetics/results/ensembl_snps_79/Aexon_vs_Melanoma/directions/AtoC/1.json
2016-11-03 15:21:03	Thales.local:64976	INFO	analysis1 md5sum : 17164278fdf29b716d85f5ceee73c818
2016-11-03 15:21:04	Thales.local:64976	INFO	analysis2 : /Users/gavin/DevRepos/AnalyseMutationsGenetics/results/ensembl_snps_79/Aexon_vs_Melanoma/directions/AtoC/2.json
2016-11-03 15:21:04	Thales.local:64976	INFO	analysis2 md5sum : 32d43d011762b51fe741aedc8d457cd2
2016-11-03 15:21:06	Thales.local:64976	INFO	analysis3 : /Users/gavin/DevRepos/AnalyseMutationsGenetics/results/ensembl_snps_79/Aexon_vs_Melanoma/directions/AtoC/3.json
2016-11-03 15:21:06	Thales.local:64976	INFO	analysis3 md5sum : 4d59e076cd974167fcc9947649ca6cb7
2016-11-03 15:21:13	Thales.local:64976	INFO	analysis4 : /Users/gavin/DevRepos/AnalyseMutationsGenetics/results/ensembl_snps_79/Aexon_vs_Melanoma/directions/AtoC/4.json
2016-11-03 15:21:13	Thales.local:64976	INFO	analysis4 md5sum : 9387afed211e3f745849760874509b9d
2016-11-03 15:21:15	Thales.local:64976	INFO	summary : /Users/gavin/DevRepos/AnalyseMutationsGenetics/results/ensembl_snps_79/Aexon_vs_Melanoma/directions/AtoC/summary.txt
2016-11-03 15:21:15	Thales.local:64976	INFO	summary md5sum : 76d988c7c848a3bc94ec42b5d9a9059b
