2016-11-03 14:54:27	Thales.local:62839	INFO	system_details : system=Darwin Kernel Version 16.1.0: Thu Oct 13 21:26:57 PDT 2016; root:xnu-3789.21.3~60/RELEASE_X86_64
2016-11-03 14:54:27	Thales.local:62839	INFO	python : 3.5.1
2016-11-03 14:54:27	Thales.local:62839	INFO	user : gavin
2016-11-03 14:54:27	Thales.local:62839	INFO	command_string : /Users/gavin/miniconda2/envs/py35/bin/mutation_analysis nbr -1 ../data/ensembl_snps_79/counts/A/intron/directions/freq_All-chrom_A-GC_All-CtoA.txt -2 ../data/ensembl_snps_79/counts/A/exon/directions/freq_All-chrom_A-GC_All-CtoA.txt -o ../results/ensembl_snps_79/A/intron_vs_exon/directions/CtoA
2016-11-03 14:54:27	Thales.local:62839	INFO	vars : {'format': 'pdf', 'dry_run': False, 'countsfile': '../data/ensembl_snps_79/counts/A/intron/directions/freq_All-chrom_A-GC_All-CtoA.txt', 'no_type3': False, 'countsfile2': '../data/ensembl_snps_79/counts/A/exon/directions/freq_All-chrom_A-GC_All-CtoA.txt', 'plot_cfg': None, 'group_label': None, 'verbose': False, 'outpath': '../results/ensembl_snps_79/A/intron_vs_exon/directions/CtoA', 'strand_symmetry': False, 'group_ref': None, 'first_order': False}
2016-11-03 14:54:27	Thales.local:62839	INFO	countsfile1_path : /Users/gavin/DevRepos/AnalyseMutationsGenetics/data/ensembl_snps_79/counts/A/intron/directions/freq_All-chrom_A-GC_All-CtoA.txt
2016-11-03 14:54:27	Thales.local:62839	INFO	countsfile1_path md5sum : ea337d230bd63c7ec8c34397274a34fe
2016-11-03 14:54:27	Thales.local:62839	INFO	countsfile2_path : /Users/gavin/DevRepos/AnalyseMutationsGenetics/data/ensembl_snps_79/counts/A/exon/directions/freq_All-chrom_A-GC_All-CtoA.txt
2016-11-03 14:54:27	Thales.local:62839	INFO	countsfile2_path md5sum : 91e4b501b2069810de174b8cbf246c40
2016-11-03 14:54:27	Thales.local:62839	INFO	group_counts : /Users/gavin/DevRepos/AnalyseMutationsGenetics/results/ensembl_snps_79/A/intron_vs_exon/directions/CtoA/group_counts_table.txt
2016-11-03 14:54:27	Thales.local:62839	INFO	group_counts md5sum : ca9b48a5fe263c3083e99f704ad8fcc2
2016-11-03 14:54:27	Thales.local:62839	INFO	analysis1 : /Users/gavin/DevRepos/AnalyseMutationsGenetics/results/ensembl_snps_79/A/intron_vs_exon/directions/CtoA/1.json
2016-11-03 14:54:27	Thales.local:62839	INFO	analysis1 md5sum : f634fd72ea8ae155f49210a78d157acd
2016-11-03 14:54:28	Thales.local:62839	INFO	analysis2 : /Users/gavin/DevRepos/AnalyseMutationsGenetics/results/ensembl_snps_79/A/intron_vs_exon/directions/CtoA/2.json
2016-11-03 14:54:28	Thales.local:62839	INFO	analysis2 md5sum : c2ec8403fab32b7b713c47780037f221
2016-11-03 14:54:31	Thales.local:62839	INFO	analysis3 : /Users/gavin/DevRepos/AnalyseMutationsGenetics/results/ensembl_snps_79/A/intron_vs_exon/directions/CtoA/3.json
2016-11-03 14:54:31	Thales.local:62839	INFO	analysis3 md5sum : 6d015179443ee36901cccde2f490a1fa
2016-11-03 14:54:40	Thales.local:62839	INFO	analysis4 : /Users/gavin/DevRepos/AnalyseMutationsGenetics/results/ensembl_snps_79/A/intron_vs_exon/directions/CtoA/4.json
2016-11-03 14:54:40	Thales.local:62839	INFO	analysis4 md5sum : 88ac5fa14db5be7f59c23add7fd3f286
2016-11-03 14:54:44	Thales.local:62839	INFO	summary : /Users/gavin/DevRepos/AnalyseMutationsGenetics/results/ensembl_snps_79/A/intron_vs_exon/directions/CtoA/summary.txt
2016-11-03 14:54:44	Thales.local:62839	INFO	summary md5sum : e506ed7ae65dcd23c3dc89c40712036b
