2016-11-03 14:53:23	Thales.local:62724	INFO	system_details : system=Darwin Kernel Version 16.1.0: Thu Oct 13 21:26:57 PDT 2016; root:xnu-3789.21.3~60/RELEASE_X86_64
2016-11-03 14:53:23	Thales.local:62724	INFO	python : 3.5.1
2016-11-03 14:53:23	Thales.local:62724	INFO	user : gavin
2016-11-03 14:53:23	Thales.local:62724	INFO	command_string : /Users/gavin/miniconda2/envs/py35/bin/mutation_analysis nbr -1 ../data/ensembl_snps_79/counts/A/intron/directions/freq_All-chrom_A-GC_All-AtoC.txt -2 ../data/ensembl_snps_79/counts/A/exon/directions/freq_All-chrom_A-GC_All-AtoC.txt -o ../results/ensembl_snps_79/A/intron_vs_exon/directions/AtoC
2016-11-03 14:53:23	Thales.local:62724	INFO	vars : {'plot_cfg': None, 'no_type3': False, 'countsfile2': '../data/ensembl_snps_79/counts/A/exon/directions/freq_All-chrom_A-GC_All-AtoC.txt', 'countsfile': '../data/ensembl_snps_79/counts/A/intron/directions/freq_All-chrom_A-GC_All-AtoC.txt', 'group_ref': None, 'first_order': False, 'group_label': None, 'outpath': '../results/ensembl_snps_79/A/intron_vs_exon/directions/AtoC', 'dry_run': False, 'format': 'pdf', 'strand_symmetry': False, 'verbose': False}
2016-11-03 14:53:23	Thales.local:62724	INFO	countsfile1_path : /Users/gavin/DevRepos/AnalyseMutationsGenetics/data/ensembl_snps_79/counts/A/intron/directions/freq_All-chrom_A-GC_All-AtoC.txt
2016-11-03 14:53:23	Thales.local:62724	INFO	countsfile1_path md5sum : 23d29e9d66916c235278a87d7359b767
2016-11-03 14:53:23	Thales.local:62724	INFO	countsfile2_path : /Users/gavin/DevRepos/AnalyseMutationsGenetics/data/ensembl_snps_79/counts/A/exon/directions/freq_All-chrom_A-GC_All-AtoC.txt
2016-11-03 14:53:23	Thales.local:62724	INFO	countsfile2_path md5sum : 229e2fc356fa0e67e8b1db689d52fcdf
2016-11-03 14:53:23	Thales.local:62724	INFO	group_counts : /Users/gavin/DevRepos/AnalyseMutationsGenetics/results/ensembl_snps_79/A/intron_vs_exon/directions/AtoC/group_counts_table.txt
2016-11-03 14:53:23	Thales.local:62724	INFO	group_counts md5sum : e7eda86fce620fa15dde7fea3f0a4fb2
2016-11-03 14:53:23	Thales.local:62724	INFO	analysis1 : /Users/gavin/DevRepos/AnalyseMutationsGenetics/results/ensembl_snps_79/A/intron_vs_exon/directions/AtoC/1.json
2016-11-03 14:53:23	Thales.local:62724	INFO	analysis1 md5sum : bb63d048298c7e6a79e1d2979e17898b
2016-11-03 14:53:24	Thales.local:62724	INFO	analysis2 : /Users/gavin/DevRepos/AnalyseMutationsGenetics/results/ensembl_snps_79/A/intron_vs_exon/directions/AtoC/2.json
2016-11-03 14:53:24	Thales.local:62724	INFO	analysis2 md5sum : 48174cd7d0e082eea278763e7ac837d7
2016-11-03 14:53:27	Thales.local:62724	INFO	analysis3 : /Users/gavin/DevRepos/AnalyseMutationsGenetics/results/ensembl_snps_79/A/intron_vs_exon/directions/AtoC/3.json
2016-11-03 14:53:27	Thales.local:62724	INFO	analysis3 md5sum : 80e3f4a900b3856e93def8add82b58a4
2016-11-03 14:53:36	Thales.local:62724	INFO	analysis4 : /Users/gavin/DevRepos/AnalyseMutationsGenetics/results/ensembl_snps_79/A/intron_vs_exon/directions/AtoC/4.json
2016-11-03 14:53:36	Thales.local:62724	INFO	analysis4 md5sum : 8e1c78b8f669cc7b96727b25870e848f
2016-11-03 14:53:39	Thales.local:62724	INFO	summary : /Users/gavin/DevRepos/AnalyseMutationsGenetics/results/ensembl_snps_79/A/intron_vs_exon/directions/AtoC/summary.txt
2016-11-03 14:53:39	Thales.local:62724	INFO	summary md5sum : 3bf765690b04acf49ed7a613b6f6911c
