2016-11-03 14:50:04	Thales.local:62352	INFO	system_details : system=Darwin Kernel Version 16.1.0: Thu Oct 13 21:26:57 PDT 2016; root:xnu-3789.21.3~60/RELEASE_X86_64
2016-11-03 14:50:04	Thales.local:62352	INFO	python : 3.5.1
2016-11-03 14:50:04	Thales.local:62352	INFO	user : gavin
2016-11-03 14:50:04	Thales.local:62352	INFO	command_string : /Users/gavin/miniconda2/envs/py35/bin/mutation_analysis nbr -1 ../data/ensembl_snps_79/counts/A/intergenic/directions/freq_All-chrom_A-GC_All-AtoT.txt -2 ../data/ensembl_snps_79/counts/A/exon/directions/freq_All-chrom_A-GC_All-AtoT.txt -o ../results/ensembl_snps_79/A/intergenic_vs_exon/directions/AtoT
2016-11-03 14:50:04	Thales.local:62352	INFO	vars : {'group_ref': None, 'plot_cfg': None, 'no_type3': False, 'strand_symmetry': False, 'dry_run': False, 'format': 'pdf', 'verbose': False, 'outpath': '../results/ensembl_snps_79/A/intergenic_vs_exon/directions/AtoT', 'countsfile': '../data/ensembl_snps_79/counts/A/intergenic/directions/freq_All-chrom_A-GC_All-AtoT.txt', 'countsfile2': '../data/ensembl_snps_79/counts/A/exon/directions/freq_All-chrom_A-GC_All-AtoT.txt', 'first_order': False, 'group_label': None}
2016-11-03 14:50:04	Thales.local:62352	INFO	countsfile1_path : /Users/gavin/DevRepos/AnalyseMutationsGenetics/data/ensembl_snps_79/counts/A/intergenic/directions/freq_All-chrom_A-GC_All-AtoT.txt
2016-11-03 14:50:04	Thales.local:62352	INFO	countsfile1_path md5sum : 21c8bb81a2d4a55926a0bccefd6d08c2
2016-11-03 14:50:04	Thales.local:62352	INFO	countsfile2_path : /Users/gavin/DevRepos/AnalyseMutationsGenetics/data/ensembl_snps_79/counts/A/exon/directions/freq_All-chrom_A-GC_All-AtoT.txt
2016-11-03 14:50:04	Thales.local:62352	INFO	countsfile2_path md5sum : c834c58f4be7e4a0b075eb866bb208e5
2016-11-03 14:50:04	Thales.local:62352	INFO	group_counts : /Users/gavin/DevRepos/AnalyseMutationsGenetics/results/ensembl_snps_79/A/intergenic_vs_exon/directions/AtoT/group_counts_table.txt
2016-11-03 14:50:04	Thales.local:62352	INFO	group_counts md5sum : 3efb8f4b6a9eee1d94edc7367919ad92
2016-11-03 14:50:04	Thales.local:62352	INFO	analysis1 : /Users/gavin/DevRepos/AnalyseMutationsGenetics/results/ensembl_snps_79/A/intergenic_vs_exon/directions/AtoT/1.json
2016-11-03 14:50:04	Thales.local:62352	INFO	analysis1 md5sum : b91f14b9848e2ab4652b452d2f03218e
2016-11-03 14:50:04	Thales.local:62352	INFO	analysis2 : /Users/gavin/DevRepos/AnalyseMutationsGenetics/results/ensembl_snps_79/A/intergenic_vs_exon/directions/AtoT/2.json
2016-11-03 14:50:04	Thales.local:62352	INFO	analysis2 md5sum : 6afb3649c1d5a888bab0d79775ec443a
2016-11-03 14:50:07	Thales.local:62352	INFO	analysis3 : /Users/gavin/DevRepos/AnalyseMutationsGenetics/results/ensembl_snps_79/A/intergenic_vs_exon/directions/AtoT/3.json
2016-11-03 14:50:07	Thales.local:62352	INFO	analysis3 md5sum : 31ad96d593f70b6f048be19c62d7f87e
2016-11-03 14:50:15	Thales.local:62352	INFO	analysis4 : /Users/gavin/DevRepos/AnalyseMutationsGenetics/results/ensembl_snps_79/A/intergenic_vs_exon/directions/AtoT/4.json
2016-11-03 14:50:15	Thales.local:62352	INFO	analysis4 md5sum : f8f2c4c255b77704fc95469e477f8d64
2016-11-03 14:50:18	Thales.local:62352	INFO	summary : /Users/gavin/DevRepos/AnalyseMutationsGenetics/results/ensembl_snps_79/A/intergenic_vs_exon/directions/AtoT/summary.txt
2016-11-03 14:50:18	Thales.local:62352	INFO	summary md5sum : ae802a3d9713f7edd4ba8eaf0013ecf1
