2016-11-03 14:52:26	Thales.local:62614	INFO	system_details : system=Darwin Kernel Version 16.1.0: Thu Oct 13 21:26:57 PDT 2016; root:xnu-3789.21.3~60/RELEASE_X86_64
2016-11-03 14:52:26	Thales.local:62614	INFO	python : 3.5.1
2016-11-03 14:52:26	Thales.local:62614	INFO	user : gavin
2016-11-03 14:52:26	Thales.local:62614	INFO	command_string : /Users/gavin/miniconda2/envs/py35/bin/mutation_analysis nbr -1 ../data/ensembl_snps_79/counts/A/intergenic/directions/freq_All-chrom_A-GC_All-TtoA.txt -2 ../data/ensembl_snps_79/counts/A/exon/directions/freq_All-chrom_A-GC_All-TtoA.txt -o ../results/ensembl_snps_79/A/intergenic_vs_exon/directions/TtoA
2016-11-03 14:52:26	Thales.local:62614	INFO	vars : {'countsfile': '../data/ensembl_snps_79/counts/A/intergenic/directions/freq_All-chrom_A-GC_All-TtoA.txt', 'strand_symmetry': False, 'format': 'pdf', 'group_label': None, 'dry_run': False, 'plot_cfg': None, 'verbose': False, 'first_order': False, 'group_ref': None, 'countsfile2': '../data/ensembl_snps_79/counts/A/exon/directions/freq_All-chrom_A-GC_All-TtoA.txt', 'outpath': '../results/ensembl_snps_79/A/intergenic_vs_exon/directions/TtoA', 'no_type3': False}
2016-11-03 14:52:26	Thales.local:62614	INFO	countsfile1_path : /Users/gavin/DevRepos/AnalyseMutationsGenetics/data/ensembl_snps_79/counts/A/intergenic/directions/freq_All-chrom_A-GC_All-TtoA.txt
2016-11-03 14:52:26	Thales.local:62614	INFO	countsfile1_path md5sum : d36bf22a2bd48db9313060b29dc58171
2016-11-03 14:52:26	Thales.local:62614	INFO	countsfile2_path : /Users/gavin/DevRepos/AnalyseMutationsGenetics/data/ensembl_snps_79/counts/A/exon/directions/freq_All-chrom_A-GC_All-TtoA.txt
2016-11-03 14:52:26	Thales.local:62614	INFO	countsfile2_path md5sum : a591a3402230e5660eab46ce8d1f92e9
2016-11-03 14:52:26	Thales.local:62614	INFO	group_counts : /Users/gavin/DevRepos/AnalyseMutationsGenetics/results/ensembl_snps_79/A/intergenic_vs_exon/directions/TtoA/group_counts_table.txt
2016-11-03 14:52:26	Thales.local:62614	INFO	group_counts md5sum : 18f65d2ae39f95436064bc0a9abba324
2016-11-03 14:52:26	Thales.local:62614	INFO	analysis1 : /Users/gavin/DevRepos/AnalyseMutationsGenetics/results/ensembl_snps_79/A/intergenic_vs_exon/directions/TtoA/1.json
2016-11-03 14:52:26	Thales.local:62614	INFO	analysis1 md5sum : 29a1a0eaec9fd7ee9b7a2aa53be55ebd
2016-11-03 14:52:26	Thales.local:62614	INFO	analysis2 : /Users/gavin/DevRepos/AnalyseMutationsGenetics/results/ensembl_snps_79/A/intergenic_vs_exon/directions/TtoA/2.json
2016-11-03 14:52:26	Thales.local:62614	INFO	analysis2 md5sum : 772896a793e3c8075b7a774606b9b87f
2016-11-03 14:52:29	Thales.local:62614	INFO	analysis3 : /Users/gavin/DevRepos/AnalyseMutationsGenetics/results/ensembl_snps_79/A/intergenic_vs_exon/directions/TtoA/3.json
2016-11-03 14:52:29	Thales.local:62614	INFO	analysis3 md5sum : 788887540ae1fb817a926bc40d435568
2016-11-03 14:52:38	Thales.local:62614	INFO	analysis4 : /Users/gavin/DevRepos/AnalyseMutationsGenetics/results/ensembl_snps_79/A/intergenic_vs_exon/directions/TtoA/4.json
2016-11-03 14:52:38	Thales.local:62614	INFO	analysis4 md5sum : 7168c9ae8934f3c9e14f98cd99a17df5
2016-11-03 14:52:42	Thales.local:62614	INFO	summary : /Users/gavin/DevRepos/AnalyseMutationsGenetics/results/ensembl_snps_79/A/intergenic_vs_exon/directions/TtoA/summary.txt
2016-11-03 14:52:42	Thales.local:62614	INFO	summary md5sum : 547daf3e460033fbf2d7715a2010edbb
