2016-11-03 15:19:09	Thales.local:64884	INFO	system_details : system=Darwin Kernel Version 16.1.0: Thu Oct 13 21:26:57 PDT 2016; root:xnu-3789.21.3~60/RELEASE_X86_64
2016-11-03 15:19:09	Thales.local:64884	INFO	python : 3.5.1
2016-11-03 15:19:09	Thales.local:64884	INFO	user : gavin
2016-11-03 15:19:09	Thales.local:64884	INFO	command_string : /Users/gavin/miniconda2/envs/py35/bin/mutation_analysis nbr -1 ../data/ensembl_snps_79/counts/A/intron/directions/freq_All-chrom_A-GC_All-TtoC.txt -2 ../data/ensembl_snps_79/counts/X/intron/directions/freq_All-chrom_X-GC_All-TtoC.txt -o ../results/ensembl_snps_79/A_vs_X/intron/directions/TtoC
2016-11-03 15:19:09	Thales.local:64884	INFO	vars : {'group_label': None, 'group_ref': None, 'first_order': False, 'dry_run': False, 'verbose': False, 'countsfile': '../data/ensembl_snps_79/counts/A/intron/directions/freq_All-chrom_A-GC_All-TtoC.txt', 'format': 'pdf', 'plot_cfg': None, 'countsfile2': '../data/ensembl_snps_79/counts/X/intron/directions/freq_All-chrom_X-GC_All-TtoC.txt', 'outpath': '../results/ensembl_snps_79/A_vs_X/intron/directions/TtoC', 'no_type3': False, 'strand_symmetry': False}
2016-11-03 15:19:09	Thales.local:64884	INFO	countsfile1_path : /Users/gavin/DevRepos/AnalyseMutationsGenetics/data/ensembl_snps_79/counts/A/intron/directions/freq_All-chrom_A-GC_All-TtoC.txt
2016-11-03 15:19:09	Thales.local:64884	INFO	countsfile1_path md5sum : 6d8a9fe2d9882bfeeee1f031ab34e609
2016-11-03 15:19:09	Thales.local:64884	INFO	countsfile2_path : /Users/gavin/DevRepos/AnalyseMutationsGenetics/data/ensembl_snps_79/counts/X/intron/directions/freq_All-chrom_X-GC_All-TtoC.txt
2016-11-03 15:19:09	Thales.local:64884	INFO	countsfile2_path md5sum : 95e220c8c596168ebad85406588bde0f
2016-11-03 15:19:09	Thales.local:64884	INFO	group_counts : /Users/gavin/DevRepos/AnalyseMutationsGenetics/results/ensembl_snps_79/A_vs_X/intron/directions/TtoC/group_counts_table.txt
2016-11-03 15:19:09	Thales.local:64884	INFO	group_counts md5sum : 2eb3497ef6f7c6e004d005c44747615f
2016-11-03 15:19:09	Thales.local:64884	INFO	analysis1 : /Users/gavin/DevRepos/AnalyseMutationsGenetics/results/ensembl_snps_79/A_vs_X/intron/directions/TtoC/1.json
2016-11-03 15:19:09	Thales.local:64884	INFO	analysis1 md5sum : a210fe152a3acef919dc2c7c2d2d69df
2016-11-03 15:19:09	Thales.local:64884	INFO	analysis2 : /Users/gavin/DevRepos/AnalyseMutationsGenetics/results/ensembl_snps_79/A_vs_X/intron/directions/TtoC/2.json
2016-11-03 15:19:09	Thales.local:64884	INFO	analysis2 md5sum : 40632fe5c21a4651d23cf86149b2e6e4
2016-11-03 15:19:12	Thales.local:64884	INFO	analysis3 : /Users/gavin/DevRepos/AnalyseMutationsGenetics/results/ensembl_snps_79/A_vs_X/intron/directions/TtoC/3.json
2016-11-03 15:19:12	Thales.local:64884	INFO	analysis3 md5sum : 7a8cce488bc80fd152db3bc4b6290d12
2016-11-03 15:19:24	Thales.local:64884	INFO	analysis4 : /Users/gavin/DevRepos/AnalyseMutationsGenetics/results/ensembl_snps_79/A_vs_X/intron/directions/TtoC/4.json
2016-11-03 15:19:24	Thales.local:64884	INFO	analysis4 md5sum : 75aa653d23d0276a8f5f752ec55542f6
2016-11-03 15:19:26	Thales.local:64884	INFO	summary : /Users/gavin/DevRepos/AnalyseMutationsGenetics/results/ensembl_snps_79/A_vs_X/intron/directions/TtoC/summary.txt
2016-11-03 15:19:26	Thales.local:64884	INFO	summary md5sum : a2db4ff55765aba13bde972a4f0a2bca
