2016-05-28 12:09:35	Thales.local:48035	INFO	system_details : system=Darwin Kernel Version 15.5.0: Tue Apr 19 18:36:36 PDT 2016; root:xnu-3248.50.21~8/RELEASE_X86_64
2016-05-28 12:09:35	Thales.local:48035	INFO	python : 2.7.10
2016-05-28 12:09:35	Thales.local:48035	INFO	user : gavin
2016-05-28 12:09:35	Thales.local:48035	INFO	command_string : /Users/gavin/.virtualenvs/trunk/bin/mutation_analysis -1 ../data/ensembl_snps_79/counts/A/exon/directions/freq_All-chrom_A-GC_All-CtoT.txt -2 ../data/ensembl_snps_79/counts/malignant_melanoma/directions/freq_All-chrom_All-GC_All-CtoT.txt -o ../results/ensembl_snps_79/Aexon_vs_Melanoma/directions/CtoT nbr
2016-05-28 12:09:35	Thales.local:48035	INFO	vars : {'verbose': False, 'dry_run': False, 'format': 'pdf', 'group_ref': None, 'first_order': False, 'group_label': None, 'strand_symmetry': False, 'plot_cfg': None, 'force_overwrite': False, 'cfg_context': <mutation_motif.mutation_analysis.Config object at 0x115964210>, 'outpath': u'../results/ensembl_snps_79/Aexon_vs_Melanoma/directions/CtoT', 'countsfile2': u'../data/ensembl_snps_79/counts/malignant_melanoma/directions/freq_All-chrom_All-GC_All-CtoT.txt', 'countsfile': u'../data/ensembl_snps_79/counts/A/exon/directions/freq_All-chrom_A-GC_All-CtoT.txt'}
2016-05-28 12:09:35	Thales.local:48035	INFO	countsfile1_path : /Users/gavin/DevRepos/AnalyseMutations/data/ensembl_snps_79/counts/A/exon/directions/freq_All-chrom_A-GC_All-CtoT.txt
2016-05-28 12:09:35	Thales.local:48035	INFO	countsfile1_path md5sum : acabd07dcd5dd81e9bee6178671b5548
2016-05-28 12:09:35	Thales.local:48035	INFO	countsfile2_path : /Users/gavin/DevRepos/AnalyseMutations/data/ensembl_snps_79/counts/malignant_melanoma/directions/freq_All-chrom_All-GC_All-CtoT.txt
2016-05-28 12:09:35	Thales.local:48035	INFO	countsfile2_path md5sum : c18fcd75f5985279815868ab14a3f375
2016-05-28 12:09:35	Thales.local:48035	INFO	group_counts : /Users/gavin/DevRepos/AnalyseMutations/results/ensembl_snps_79/Aexon_vs_Melanoma/directions/CtoT/group_counts_table.txt
2016-05-28 12:09:35	Thales.local:48035	INFO	group_counts md5sum : 7e8705d841916e2609157db3fb403ece
2016-05-28 12:09:35	Thales.local:48035	INFO	analysis1 : /Users/gavin/DevRepos/AnalyseMutations/results/ensembl_snps_79/Aexon_vs_Melanoma/directions/CtoT/1.json
2016-05-28 12:09:35	Thales.local:48035	INFO	analysis1 md5sum : 76ce8b3e513d78f8c40b2503fd1a62ce
2016-05-28 12:09:36	Thales.local:48035	INFO	analysis2 : /Users/gavin/DevRepos/AnalyseMutations/results/ensembl_snps_79/Aexon_vs_Melanoma/directions/CtoT/2.json
2016-05-28 12:09:36	Thales.local:48035	INFO	analysis2 md5sum : c233afc36d3adf1b45862832e15dc9c5
2016-05-28 12:09:37	Thales.local:48035	INFO	analysis3 : /Users/gavin/DevRepos/AnalyseMutations/results/ensembl_snps_79/Aexon_vs_Melanoma/directions/CtoT/3.json
2016-05-28 12:09:37	Thales.local:48035	INFO	analysis3 md5sum : 5220cd931464791536a0f6f0d3f97acf
2016-05-28 12:09:42	Thales.local:48035	INFO	analysis4 : /Users/gavin/DevRepos/AnalyseMutations/results/ensembl_snps_79/Aexon_vs_Melanoma/directions/CtoT/4.json
2016-05-28 12:09:42	Thales.local:48035	INFO	analysis4 md5sum : 3bdc9b41fcfa9992a55c1780aaa354b6
2016-05-28 12:09:46	Thales.local:48035	INFO	summary : /Users/gavin/DevRepos/AnalyseMutations/results/ensembl_snps_79/Aexon_vs_Melanoma/directions/CtoT/summary.txt
2016-05-28 12:09:46	Thales.local:48035	INFO	summary md5sum : e43368955cecc7877eb932c9491fc69e
