2016-11-03 15:15:18	Thales.local:64586	INFO	system_details : system=Darwin Kernel Version 16.1.0: Thu Oct 13 21:26:57 PDT 2016; root:xnu-3789.21.3~60/RELEASE_X86_64
2016-11-03 15:15:18	Thales.local:64586	INFO	python : 3.5.1
2016-11-03 15:15:18	Thales.local:64586	INFO	user : gavin
2016-11-03 15:15:18	Thales.local:64586	INFO	command_string : /Users/gavin/miniconda2/envs/py35/bin/mutation_analysis nbr -1 ../data/ensembl_snps_79/counts/A/intron/directions/freq_All-chrom_A-GC_All-GtoA.txt -2 ../data/ensembl_snps_79/counts/X/intron/directions/freq_All-chrom_X-GC_All-GtoA.txt -o ../results/ensembl_snps_79/A_vs_X/intron/directions/GtoA
2016-11-03 15:15:18	Thales.local:64586	INFO	vars : {'no_type3': False, 'first_order': False, 'outpath': '../results/ensembl_snps_79/A_vs_X/intron/directions/GtoA', 'verbose': False, 'plot_cfg': None, 'dry_run': False, 'countsfile2': '../data/ensembl_snps_79/counts/X/intron/directions/freq_All-chrom_X-GC_All-GtoA.txt', 'format': 'pdf', 'group_ref': None, 'strand_symmetry': False, 'group_label': None, 'countsfile': '../data/ensembl_snps_79/counts/A/intron/directions/freq_All-chrom_A-GC_All-GtoA.txt'}
2016-11-03 15:15:18	Thales.local:64586	INFO	countsfile1_path : /Users/gavin/DevRepos/AnalyseMutationsGenetics/data/ensembl_snps_79/counts/A/intron/directions/freq_All-chrom_A-GC_All-GtoA.txt
2016-11-03 15:15:18	Thales.local:64586	INFO	countsfile1_path md5sum : 8d638663ceafa094ad54d2b612d63fc9
2016-11-03 15:15:18	Thales.local:64586	INFO	countsfile2_path : /Users/gavin/DevRepos/AnalyseMutationsGenetics/data/ensembl_snps_79/counts/X/intron/directions/freq_All-chrom_X-GC_All-GtoA.txt
2016-11-03 15:15:18	Thales.local:64586	INFO	countsfile2_path md5sum : 61e11697325dcb65089475dc12edeb1c
2016-11-03 15:15:18	Thales.local:64586	INFO	group_counts : /Users/gavin/DevRepos/AnalyseMutationsGenetics/results/ensembl_snps_79/A_vs_X/intron/directions/GtoA/group_counts_table.txt
2016-11-03 15:15:18	Thales.local:64586	INFO	group_counts md5sum : b05be58cb3501369847b82eba994e97c
2016-11-03 15:15:18	Thales.local:64586	INFO	analysis1 : /Users/gavin/DevRepos/AnalyseMutationsGenetics/results/ensembl_snps_79/A_vs_X/intron/directions/GtoA/1.json
2016-11-03 15:15:18	Thales.local:64586	INFO	analysis1 md5sum : b35e2362cd248842955b746312d7fb79
2016-11-03 15:15:19	Thales.local:64586	INFO	analysis2 : /Users/gavin/DevRepos/AnalyseMutationsGenetics/results/ensembl_snps_79/A_vs_X/intron/directions/GtoA/2.json
2016-11-03 15:15:19	Thales.local:64586	INFO	analysis2 md5sum : 92665913a561b67d661c7035d1261023
2016-11-03 15:15:20	Thales.local:64586	INFO	analysis3 : /Users/gavin/DevRepos/AnalyseMutationsGenetics/results/ensembl_snps_79/A_vs_X/intron/directions/GtoA/3.json
2016-11-03 15:15:20	Thales.local:64586	INFO	analysis3 md5sum : b702b0136bbe9d773a2ab10f36c60011
2016-11-03 15:15:25	Thales.local:64586	INFO	analysis4 : /Users/gavin/DevRepos/AnalyseMutationsGenetics/results/ensembl_snps_79/A_vs_X/intron/directions/GtoA/4.json
2016-11-03 15:15:25	Thales.local:64586	INFO	analysis4 md5sum : abf65a43e15404c3584d55efa9a1b491
2016-11-03 15:15:27	Thales.local:64586	INFO	summary : /Users/gavin/DevRepos/AnalyseMutationsGenetics/results/ensembl_snps_79/A_vs_X/intron/directions/GtoA/summary.txt
2016-11-03 15:15:27	Thales.local:64586	INFO	summary md5sum : 9d1c8c945e2e006ff91bcd9e5d33b936
