2016-05-27 10:20:27	thales.uds.anu.edu.au:25963	INFO	system_details : system=Darwin Kernel Version 15.5.0: Tue Apr 19 18:36:36 PDT 2016; root:xnu-3248.50.21~8/RELEASE_X86_64
2016-05-27 10:20:27	thales.uds.anu.edu.au:25963	INFO	python : 2.7.10
2016-05-27 10:20:27	thales.uds.anu.edu.au:25963	INFO	user : gavin
2016-05-27 10:20:27	thales.uds.anu.edu.au:25963	INFO	command_string : /Users/gavin/.virtualenvs/trunk/bin/all_counts -F --counts_pattern=../data/ensembl_snps_79/counts/malignant_melanoma/directions/*.txt --output_path=../data/ensembl_snps_79/counts/malignant_melanoma/combined
2016-05-27 10:20:27	thales.uds.anu.edu.au:25963	INFO	vars : {'strand_symmetric': False, 'counts_pattern': u'../data/ensembl_snps_79/counts/malignant_melanoma/directions/*.txt', 'dry_run': False, 'split_dir': None, 'output_path': u'../data/ensembl_snps_79/counts/malignant_melanoma/combined', 'force_overwrite': True}
2016-05-27 10:20:27	thales.uds.anu.edu.au:25963	INFO	count_file : /Users/gavin/DevRepos/AnalyseMutations/data/ensembl_snps_79/counts/malignant_melanoma/directions/freq_All-chrom_All-GC_All-AtoC.txt
2016-05-27 10:20:27	thales.uds.anu.edu.au:25963	INFO	count_file md5sum : 4660d50cbb4e20db62d33bc6335c6cf4
2016-05-27 10:20:27	thales.uds.anu.edu.au:25963	INFO	count_file : /Users/gavin/DevRepos/AnalyseMutations/data/ensembl_snps_79/counts/malignant_melanoma/directions/freq_All-chrom_All-GC_All-AtoG.txt
2016-05-27 10:20:27	thales.uds.anu.edu.au:25963	INFO	count_file md5sum : 8f836e47e099ee4fd290d98c8a690403
2016-05-27 10:20:27	thales.uds.anu.edu.au:25963	INFO	count_file : /Users/gavin/DevRepos/AnalyseMutations/data/ensembl_snps_79/counts/malignant_melanoma/directions/freq_All-chrom_All-GC_All-AtoT.txt
2016-05-27 10:20:27	thales.uds.anu.edu.au:25963	INFO	count_file md5sum : 4f7d0048e9dada9f4259ea29554e74da
2016-05-27 10:20:27	thales.uds.anu.edu.au:25963	INFO	count_file : /Users/gavin/DevRepos/AnalyseMutations/data/ensembl_snps_79/counts/malignant_melanoma/directions/freq_All-chrom_All-GC_All-CtoA.txt
2016-05-27 10:20:27	thales.uds.anu.edu.au:25963	INFO	count_file md5sum : ab807c7c98a4fe064808a037796c7f88
2016-05-27 10:20:27	thales.uds.anu.edu.au:25963	INFO	count_file : /Users/gavin/DevRepos/AnalyseMutations/data/ensembl_snps_79/counts/malignant_melanoma/directions/freq_All-chrom_All-GC_All-CtoG.txt
2016-05-27 10:20:27	thales.uds.anu.edu.au:25963	INFO	count_file md5sum : 821be8c79b555067ab3c0858382ea770
2016-05-27 10:20:27	thales.uds.anu.edu.au:25963	INFO	count_file : /Users/gavin/DevRepos/AnalyseMutations/data/ensembl_snps_79/counts/malignant_melanoma/directions/freq_All-chrom_All-GC_All-CtoT.txt
2016-05-27 10:20:27	thales.uds.anu.edu.au:25963	INFO	count_file md5sum : c18fcd75f5985279815868ab14a3f375
2016-05-27 10:20:27	thales.uds.anu.edu.au:25963	INFO	count_file : /Users/gavin/DevRepos/AnalyseMutations/data/ensembl_snps_79/counts/malignant_melanoma/directions/freq_All-chrom_All-GC_All-GtoA.txt
2016-05-27 10:20:27	thales.uds.anu.edu.au:25963	INFO	count_file md5sum : f0a547146baca47bb655e2533cb67161
2016-05-27 10:20:27	thales.uds.anu.edu.au:25963	INFO	count_file : /Users/gavin/DevRepos/AnalyseMutations/data/ensembl_snps_79/counts/malignant_melanoma/directions/freq_All-chrom_All-GC_All-GtoC.txt
2016-05-27 10:20:27	thales.uds.anu.edu.au:25963	INFO	count_file md5sum : eb91f9792bab67fd9089a9e4f0cb48c8
2016-05-27 10:20:27	thales.uds.anu.edu.au:25963	INFO	count_file : /Users/gavin/DevRepos/AnalyseMutations/data/ensembl_snps_79/counts/malignant_melanoma/directions/freq_All-chrom_All-GC_All-GtoT.txt
2016-05-27 10:20:27	thales.uds.anu.edu.au:25963	INFO	count_file md5sum : 7643012dfafa357d5d3f9d56e4fb99fc
2016-05-27 10:20:27	thales.uds.anu.edu.au:25963	INFO	count_file : /Users/gavin/DevRepos/AnalyseMutations/data/ensembl_snps_79/counts/malignant_melanoma/directions/freq_All-chrom_All-GC_All-TtoA.txt
2016-05-27 10:20:27	thales.uds.anu.edu.au:25963	INFO	count_file md5sum : 2d17ad4842498829f3c50f68412f3858
2016-05-27 10:20:27	thales.uds.anu.edu.au:25963	INFO	count_file : /Users/gavin/DevRepos/AnalyseMutations/data/ensembl_snps_79/counts/malignant_melanoma/directions/freq_All-chrom_All-GC_All-TtoC.txt
2016-05-27 10:20:27	thales.uds.anu.edu.au:25963	INFO	count_file md5sum : a48997f7eb33f9c9eade8a35c715a9c1
2016-05-27 10:20:27	thales.uds.anu.edu.au:25963	INFO	count_file : /Users/gavin/DevRepos/AnalyseMutations/data/ensembl_snps_79/counts/malignant_melanoma/directions/freq_All-chrom_All-GC_All-TtoG.txt
2016-05-27 10:20:27	thales.uds.anu.edu.au:25963	INFO	count_file md5sum : fdf5a1d9ab335bbe19bb3bb6dd9ebb82
2016-05-27 10:20:27	thales.uds.anu.edu.au:25963	INFO	output_file_path : /Users/gavin/DevRepos/AnalyseMutations/data/ensembl_snps_79/counts/malignant_melanoma/combined/combined_counts.txt
2016-05-27 10:20:27	thales.uds.anu.edu.au:25963	INFO	output_file_path md5sum : d616f31c14bc8664506f9a7d62bdf58c
2016-05-27 10:20:27	thales.uds.anu.edu.au:25963	INFO	run duration (minutes) : 0.00
