2016-11-03 14:55:40	Thales.local:62961	INFO	system_details : system=Darwin Kernel Version 16.1.0: Thu Oct 13 21:26:57 PDT 2016; root:xnu-3789.21.3~60/RELEASE_X86_64
2016-11-03 14:55:40	Thales.local:62961	INFO	python : 3.5.1
2016-11-03 14:55:40	Thales.local:62961	INFO	user : gavin
2016-11-03 14:55:40	Thales.local:62961	INFO	command_string : /Users/gavin/miniconda2/envs/py35/bin/mutation_analysis nbr -1 ../data/ensembl_snps_79/counts/A/intron/directions/freq_All-chrom_A-GC_All-GtoC.txt -2 ../data/ensembl_snps_79/counts/A/exon/directions/freq_All-chrom_A-GC_All-GtoC.txt -o ../results/ensembl_snps_79/A/intron_vs_exon/directions/GtoC
2016-11-03 14:55:40	Thales.local:62961	INFO	vars : {'group_label': None, 'strand_symmetry': False, 'outpath': '../results/ensembl_snps_79/A/intron_vs_exon/directions/GtoC', 'format': 'pdf', 'plot_cfg': None, 'countsfile': '../data/ensembl_snps_79/counts/A/intron/directions/freq_All-chrom_A-GC_All-GtoC.txt', 'countsfile2': '../data/ensembl_snps_79/counts/A/exon/directions/freq_All-chrom_A-GC_All-GtoC.txt', 'group_ref': None, 'verbose': False, 'dry_run': False, 'no_type3': False, 'first_order': False}
2016-11-03 14:55:40	Thales.local:62961	INFO	countsfile1_path : /Users/gavin/DevRepos/AnalyseMutationsGenetics/data/ensembl_snps_79/counts/A/intron/directions/freq_All-chrom_A-GC_All-GtoC.txt
2016-11-03 14:55:40	Thales.local:62961	INFO	countsfile1_path md5sum : 793da192b8b0f52b0847b7252d133728
2016-11-03 14:55:40	Thales.local:62961	INFO	countsfile2_path : /Users/gavin/DevRepos/AnalyseMutationsGenetics/data/ensembl_snps_79/counts/A/exon/directions/freq_All-chrom_A-GC_All-GtoC.txt
2016-11-03 14:55:40	Thales.local:62961	INFO	countsfile2_path md5sum : 0ce16e1564976c6dd2a6593fed0f264e
2016-11-03 14:55:40	Thales.local:62961	INFO	group_counts : /Users/gavin/DevRepos/AnalyseMutationsGenetics/results/ensembl_snps_79/A/intron_vs_exon/directions/GtoC/group_counts_table.txt
2016-11-03 14:55:40	Thales.local:62961	INFO	group_counts md5sum : e0d622057278703fc9fff0686b693e6f
2016-11-03 14:55:40	Thales.local:62961	INFO	analysis1 : /Users/gavin/DevRepos/AnalyseMutationsGenetics/results/ensembl_snps_79/A/intron_vs_exon/directions/GtoC/1.json
2016-11-03 14:55:40	Thales.local:62961	INFO	analysis1 md5sum : d1d05c6035cd5d9d7931e0217f342e90
2016-11-03 14:55:41	Thales.local:62961	INFO	analysis2 : /Users/gavin/DevRepos/AnalyseMutationsGenetics/results/ensembl_snps_79/A/intron_vs_exon/directions/GtoC/2.json
2016-11-03 14:55:41	Thales.local:62961	INFO	analysis2 md5sum : 01ab2f0a47e865a3f8fbdfa730d2a8a4
2016-11-03 14:55:43	Thales.local:62961	INFO	analysis3 : /Users/gavin/DevRepos/AnalyseMutationsGenetics/results/ensembl_snps_79/A/intron_vs_exon/directions/GtoC/3.json
2016-11-03 14:55:43	Thales.local:62961	INFO	analysis3 md5sum : 73eb0fedb967abe21b08671273884b66
2016-11-03 14:55:54	Thales.local:62961	INFO	analysis4 : /Users/gavin/DevRepos/AnalyseMutationsGenetics/results/ensembl_snps_79/A/intron_vs_exon/directions/GtoC/4.json
2016-11-03 14:55:54	Thales.local:62961	INFO	analysis4 md5sum : 8fbc24fe7f0b25355cbbceda2ae6bf6d
2016-11-03 14:55:59	Thales.local:62961	INFO	summary : /Users/gavin/DevRepos/AnalyseMutationsGenetics/results/ensembl_snps_79/A/intron_vs_exon/directions/GtoC/summary.txt
2016-11-03 14:55:59	Thales.local:62961	INFO	summary md5sum : d5cdf4dd76e5d7d073b3b059729fdd02
