2016-11-03 15:11:28	Thales.local:64323	INFO	system_details : system=Darwin Kernel Version 16.1.0: Thu Oct 13 21:26:57 PDT 2016; root:xnu-3789.21.3~60/RELEASE_X86_64
2016-11-03 15:11:28	Thales.local:64323	INFO	python : 3.5.1
2016-11-03 15:11:28	Thales.local:64323	INFO	user : gavin
2016-11-03 15:11:28	Thales.local:64323	INFO	command_string : /Users/gavin/miniconda2/envs/py35/bin/mutation_analysis nbr -1 ../data/ensembl_snps_79/counts/A/intron/directions/freq_All-chrom_A-GC_All-AtoG.txt -2 ../data/ensembl_snps_79/counts/X/intron/directions/freq_All-chrom_X-GC_All-AtoG.txt -o ../results/ensembl_snps_79/A_vs_X/intron/directions/AtoG
2016-11-03 15:11:28	Thales.local:64323	INFO	vars : {'dry_run': False, 'countsfile': '../data/ensembl_snps_79/counts/A/intron/directions/freq_All-chrom_A-GC_All-AtoG.txt', 'format': 'pdf', 'group_ref': None, 'verbose': False, 'plot_cfg': None, 'group_label': None, 'strand_symmetry': False, 'no_type3': False, 'countsfile2': '../data/ensembl_snps_79/counts/X/intron/directions/freq_All-chrom_X-GC_All-AtoG.txt', 'outpath': '../results/ensembl_snps_79/A_vs_X/intron/directions/AtoG', 'first_order': False}
2016-11-03 15:11:28	Thales.local:64323	INFO	countsfile1_path : /Users/gavin/DevRepos/AnalyseMutationsGenetics/data/ensembl_snps_79/counts/A/intron/directions/freq_All-chrom_A-GC_All-AtoG.txt
2016-11-03 15:11:28	Thales.local:64323	INFO	countsfile1_path md5sum : 400c655c6df0aa97829aae45d835b594
2016-11-03 15:11:28	Thales.local:64323	INFO	countsfile2_path : /Users/gavin/DevRepos/AnalyseMutationsGenetics/data/ensembl_snps_79/counts/X/intron/directions/freq_All-chrom_X-GC_All-AtoG.txt
2016-11-03 15:11:28	Thales.local:64323	INFO	countsfile2_path md5sum : 3c017aff47ed089898b554e8e76bd0bf
2016-11-03 15:11:28	Thales.local:64323	INFO	group_counts : /Users/gavin/DevRepos/AnalyseMutationsGenetics/results/ensembl_snps_79/A_vs_X/intron/directions/AtoG/group_counts_table.txt
2016-11-03 15:11:28	Thales.local:64323	INFO	group_counts md5sum : e9ab787bf2f3558e418218d51ab243e4
2016-11-03 15:11:28	Thales.local:64323	INFO	analysis1 : /Users/gavin/DevRepos/AnalyseMutationsGenetics/results/ensembl_snps_79/A_vs_X/intron/directions/AtoG/1.json
2016-11-03 15:11:28	Thales.local:64323	INFO	analysis1 md5sum : 99754f17a6d18efc437e0ff4df7837f1
2016-11-03 15:11:28	Thales.local:64323	INFO	analysis2 : /Users/gavin/DevRepos/AnalyseMutationsGenetics/results/ensembl_snps_79/A_vs_X/intron/directions/AtoG/2.json
2016-11-03 15:11:28	Thales.local:64323	INFO	analysis2 md5sum : d033ce35a38a82aae0ab1eff06e583b4
2016-11-03 15:11:30	Thales.local:64323	INFO	analysis3 : /Users/gavin/DevRepos/AnalyseMutationsGenetics/results/ensembl_snps_79/A_vs_X/intron/directions/AtoG/3.json
2016-11-03 15:11:30	Thales.local:64323	INFO	analysis3 md5sum : 44617a03947345db422c07a14f58881e
2016-11-03 15:11:35	Thales.local:64323	INFO	analysis4 : /Users/gavin/DevRepos/AnalyseMutationsGenetics/results/ensembl_snps_79/A_vs_X/intron/directions/AtoG/4.json
2016-11-03 15:11:35	Thales.local:64323	INFO	analysis4 md5sum : 5071de7d7be8421be39b419cabb5c3d9
2016-11-03 15:11:37	Thales.local:64323	INFO	summary : /Users/gavin/DevRepos/AnalyseMutationsGenetics/results/ensembl_snps_79/A_vs_X/intron/directions/AtoG/summary.txt
2016-11-03 15:11:37	Thales.local:64323	INFO	summary md5sum : 2ea9ec39c7600d92e2b920172dcb2b93
