2016-11-03 15:18:01	Thales.local:64819	INFO	system_details : system=Darwin Kernel Version 16.1.0: Thu Oct 13 21:26:57 PDT 2016; root:xnu-3789.21.3~60/RELEASE_X86_64
2016-11-03 15:18:01	Thales.local:64819	INFO	python : 3.5.1
2016-11-03 15:18:01	Thales.local:64819	INFO	user : gavin
2016-11-03 15:18:01	Thales.local:64819	INFO	command_string : /Users/gavin/miniconda2/envs/py35/bin/mutation_analysis nbr -1 ../data/ensembl_snps_79/counts/A/intron/directions/freq_All-chrom_A-GC_All-TtoA.txt -2 ../data/ensembl_snps_79/counts/X/intron/directions/freq_All-chrom_X-GC_All-TtoA.txt -o ../results/ensembl_snps_79/A_vs_X/intron/directions/TtoA
2016-11-03 15:18:01	Thales.local:64819	INFO	vars : {'countsfile': '../data/ensembl_snps_79/counts/A/intron/directions/freq_All-chrom_A-GC_All-TtoA.txt', 'group_label': None, 'countsfile2': '../data/ensembl_snps_79/counts/X/intron/directions/freq_All-chrom_X-GC_All-TtoA.txt', 'first_order': False, 'plot_cfg': None, 'outpath': '../results/ensembl_snps_79/A_vs_X/intron/directions/TtoA', 'format': 'pdf', 'dry_run': False, 'group_ref': None, 'verbose': False, 'no_type3': False, 'strand_symmetry': False}
2016-11-03 15:18:01	Thales.local:64819	INFO	countsfile1_path : /Users/gavin/DevRepos/AnalyseMutationsGenetics/data/ensembl_snps_79/counts/A/intron/directions/freq_All-chrom_A-GC_All-TtoA.txt
2016-11-03 15:18:01	Thales.local:64819	INFO	countsfile1_path md5sum : ac1a60439bb0f867a2ee69b1b9c28f7b
2016-11-03 15:18:01	Thales.local:64819	INFO	countsfile2_path : /Users/gavin/DevRepos/AnalyseMutationsGenetics/data/ensembl_snps_79/counts/X/intron/directions/freq_All-chrom_X-GC_All-TtoA.txt
2016-11-03 15:18:01	Thales.local:64819	INFO	countsfile2_path md5sum : 49172298c37c42e37a23303b2bb5a15c
2016-11-03 15:18:01	Thales.local:64819	INFO	group_counts : /Users/gavin/DevRepos/AnalyseMutationsGenetics/results/ensembl_snps_79/A_vs_X/intron/directions/TtoA/group_counts_table.txt
2016-11-03 15:18:01	Thales.local:64819	INFO	group_counts md5sum : ee37c67415713f9721679abec794c974
2016-11-03 15:18:01	Thales.local:64819	INFO	analysis1 : /Users/gavin/DevRepos/AnalyseMutationsGenetics/results/ensembl_snps_79/A_vs_X/intron/directions/TtoA/1.json
2016-11-03 15:18:01	Thales.local:64819	INFO	analysis1 md5sum : c4d5bd6b153d4f34afcfa42cfe453e77
2016-11-03 15:18:02	Thales.local:64819	INFO	analysis2 : /Users/gavin/DevRepos/AnalyseMutationsGenetics/results/ensembl_snps_79/A_vs_X/intron/directions/TtoA/2.json
2016-11-03 15:18:02	Thales.local:64819	INFO	analysis2 md5sum : bb27619394c0c48ae7328fd664552b6f
2016-11-03 15:18:03	Thales.local:64819	INFO	analysis3 : /Users/gavin/DevRepos/AnalyseMutationsGenetics/results/ensembl_snps_79/A_vs_X/intron/directions/TtoA/3.json
2016-11-03 15:18:03	Thales.local:64819	INFO	analysis3 md5sum : f07305beaa48f292cfad66352dd27b78
2016-11-03 15:18:16	Thales.local:64819	INFO	analysis4 : /Users/gavin/DevRepos/AnalyseMutationsGenetics/results/ensembl_snps_79/A_vs_X/intron/directions/TtoA/4.json
2016-11-03 15:18:16	Thales.local:64819	INFO	analysis4 md5sum : 07a1e14526815cf660792eff221a6a35
2016-11-03 15:18:19	Thales.local:64819	INFO	summary : /Users/gavin/DevRepos/AnalyseMutationsGenetics/results/ensembl_snps_79/A_vs_X/intron/directions/TtoA/summary.txt
2016-11-03 15:18:19	Thales.local:64819	INFO	summary md5sum : bd1e59ea3404b233ad355ca8d736e020
