2016-11-03 15:13:27	Thales.local:64449	INFO	system_details : system=Darwin Kernel Version 16.1.0: Thu Oct 13 21:26:57 PDT 2016; root:xnu-3789.21.3~60/RELEASE_X86_64
2016-11-03 15:13:27	Thales.local:64449	INFO	python : 3.5.1
2016-11-03 15:13:27	Thales.local:64449	INFO	user : gavin
2016-11-03 15:13:27	Thales.local:64449	INFO	command_string : /Users/gavin/miniconda2/envs/py35/bin/mutation_analysis nbr -1 ../data/ensembl_snps_79/counts/A/exon/directions/freq_All-chrom_A-GC_All-CtoA.txt -2 ../data/ensembl_snps_79/counts/X/exon/directions/freq_All-chrom_X-GC_All-CtoA.txt -o ../results/ensembl_snps_79/A_vs_X/exon/directions/CtoA
2016-11-03 15:13:27	Thales.local:64449	INFO	vars : {'plot_cfg': None, 'verbose': False, 'strand_symmetry': False, 'dry_run': False, 'no_type3': False, 'first_order': False, 'group_ref': None, 'group_label': None, 'countsfile2': '../data/ensembl_snps_79/counts/X/exon/directions/freq_All-chrom_X-GC_All-CtoA.txt', 'countsfile': '../data/ensembl_snps_79/counts/A/exon/directions/freq_All-chrom_A-GC_All-CtoA.txt', 'format': 'pdf', 'outpath': '../results/ensembl_snps_79/A_vs_X/exon/directions/CtoA'}
2016-11-03 15:13:27	Thales.local:64449	INFO	countsfile1_path : /Users/gavin/DevRepos/AnalyseMutationsGenetics/data/ensembl_snps_79/counts/A/exon/directions/freq_All-chrom_A-GC_All-CtoA.txt
2016-11-03 15:13:27	Thales.local:64449	INFO	countsfile1_path md5sum : 91e4b501b2069810de174b8cbf246c40
2016-11-03 15:13:27	Thales.local:64449	INFO	countsfile2_path : /Users/gavin/DevRepos/AnalyseMutationsGenetics/data/ensembl_snps_79/counts/X/exon/directions/freq_All-chrom_X-GC_All-CtoA.txt
2016-11-03 15:13:27	Thales.local:64449	INFO	countsfile2_path md5sum : 2e8f4e93811ffb68899cee35760ad5a5
2016-11-03 15:13:27	Thales.local:64449	INFO	group_counts : /Users/gavin/DevRepos/AnalyseMutationsGenetics/results/ensembl_snps_79/A_vs_X/exon/directions/CtoA/group_counts_table.txt
2016-11-03 15:13:27	Thales.local:64449	INFO	group_counts md5sum : 56d2f3d88ae490ca928a6d59e8cc9024
2016-11-03 15:13:27	Thales.local:64449	INFO	analysis1 : /Users/gavin/DevRepos/AnalyseMutationsGenetics/results/ensembl_snps_79/A_vs_X/exon/directions/CtoA/1.json
2016-11-03 15:13:27	Thales.local:64449	INFO	analysis1 md5sum : 717d8eca964707eab6c10317662b3926
2016-11-03 15:13:27	Thales.local:64449	INFO	analysis2 : /Users/gavin/DevRepos/AnalyseMutationsGenetics/results/ensembl_snps_79/A_vs_X/exon/directions/CtoA/2.json
2016-11-03 15:13:27	Thales.local:64449	INFO	analysis2 md5sum : a04230e85daabac6b7d20cb46ebd1677
2016-11-03 15:13:29	Thales.local:64449	INFO	analysis3 : /Users/gavin/DevRepos/AnalyseMutationsGenetics/results/ensembl_snps_79/A_vs_X/exon/directions/CtoA/3.json
2016-11-03 15:13:29	Thales.local:64449	INFO	analysis3 md5sum : 18ba5ccf7cd8019d4d9376fc514ee1f3
2016-11-03 15:13:43	Thales.local:64449	INFO	analysis4 : /Users/gavin/DevRepos/AnalyseMutationsGenetics/results/ensembl_snps_79/A_vs_X/exon/directions/CtoA/4.json
2016-11-03 15:13:43	Thales.local:64449	INFO	analysis4 md5sum : 2701492cb02f20076ccb38ae8bca3ce6
2016-11-03 15:13:46	Thales.local:64449	INFO	summary : /Users/gavin/DevRepos/AnalyseMutationsGenetics/results/ensembl_snps_79/A_vs_X/exon/directions/CtoA/summary.txt
2016-11-03 15:13:46	Thales.local:64449	INFO	summary md5sum : e8b58472d824b0f8218bf009484ea509
