2016-05-27 13:42:30	thales.uds.anu.edu.au:30266	INFO	system_details : system=Darwin Kernel Version 15.5.0: Tue Apr 19 18:36:36 PDT 2016; root:xnu-3248.50.21~8/RELEASE_X86_64
2016-05-27 13:42:30	thales.uds.anu.edu.au:30266	INFO	python : 2.7.10
2016-05-27 13:42:30	thales.uds.anu.edu.au:30266	INFO	user : gavin
2016-05-27 13:42:30	thales.uds.anu.edu.au:30266	INFO	command_string : /Users/gavin/.virtualenvs/trunk/bin/mutation_analysis -1 ../data/ensembl_snps_79/counts/A/intergenic/directions/freq_All-chrom_A-GC_All-GtoC.txt -2 ../data/ensembl_snps_79/counts/A/intron/directions/freq_All-chrom_A-GC_All-GtoC.txt -o ../results/ensembl_snps_79/A/intergenic_vs_intron/directions/GtoC nbr
2016-05-27 13:42:30	thales.uds.anu.edu.au:30266	INFO	vars : {'verbose': False, 'dry_run': False, 'format': 'pdf', 'group_ref': None, 'first_order': False, 'group_label': None, 'strand_symmetry': False, 'plot_cfg': None, 'force_overwrite': False, 'cfg_context': <mutation_motif.mutation_analysis.Config object at 0x10ca862d0>, 'outpath': u'../results/ensembl_snps_79/A/intergenic_vs_intron/directions/GtoC', 'countsfile2': u'../data/ensembl_snps_79/counts/A/intron/directions/freq_All-chrom_A-GC_All-GtoC.txt', 'countsfile': u'../data/ensembl_snps_79/counts/A/intergenic/directions/freq_All-chrom_A-GC_All-GtoC.txt'}
2016-05-27 13:42:30	thales.uds.anu.edu.au:30266	INFO	countsfile1_path : /Users/gavin/DevRepos/AnalyseMutations/data/ensembl_snps_79/counts/A/intergenic/directions/freq_All-chrom_A-GC_All-GtoC.txt
2016-05-27 13:42:30	thales.uds.anu.edu.au:30266	INFO	countsfile1_path md5sum : 32f381056c623607d0d3520af3cff49c
2016-05-27 13:42:30	thales.uds.anu.edu.au:30266	INFO	countsfile2_path : /Users/gavin/DevRepos/AnalyseMutations/data/ensembl_snps_79/counts/A/intron/directions/freq_All-chrom_A-GC_All-GtoC.txt
2016-05-27 13:42:30	thales.uds.anu.edu.au:30266	INFO	countsfile2_path md5sum : 793da192b8b0f52b0847b7252d133728
2016-05-27 13:42:30	thales.uds.anu.edu.au:30266	INFO	group_counts : /Users/gavin/DevRepos/AnalyseMutations/results/ensembl_snps_79/A/intergenic_vs_intron/directions/GtoC/group_counts_table.txt
2016-05-27 13:42:30	thales.uds.anu.edu.au:30266	INFO	group_counts md5sum : 6ad150b5af84d02b5f21a9adeb96106e
2016-05-27 13:42:30	thales.uds.anu.edu.au:30266	INFO	analysis1 : /Users/gavin/DevRepos/AnalyseMutations/results/ensembl_snps_79/A/intergenic_vs_intron/directions/GtoC/1.json
2016-05-27 13:42:30	thales.uds.anu.edu.au:30266	INFO	analysis1 md5sum : ce5b1d9c2e4c1139187ddf3554526754
2016-05-27 13:42:30	thales.uds.anu.edu.au:30266	INFO	analysis2 : /Users/gavin/DevRepos/AnalyseMutations/results/ensembl_snps_79/A/intergenic_vs_intron/directions/GtoC/2.json
2016-05-27 13:42:30	thales.uds.anu.edu.au:30266	INFO	analysis2 md5sum : eb4c426ca2a94d4a7a38270ed2af6f6b
2016-05-27 13:42:32	thales.uds.anu.edu.au:30266	INFO	analysis3 : /Users/gavin/DevRepos/AnalyseMutations/results/ensembl_snps_79/A/intergenic_vs_intron/directions/GtoC/3.json
2016-05-27 13:42:32	thales.uds.anu.edu.au:30266	INFO	analysis3 md5sum : 56cad4d623ce0e79152c18f336a68501
2016-05-27 13:42:37	thales.uds.anu.edu.au:30266	INFO	analysis4 : /Users/gavin/DevRepos/AnalyseMutations/results/ensembl_snps_79/A/intergenic_vs_intron/directions/GtoC/4.json
2016-05-27 13:42:37	thales.uds.anu.edu.au:30266	INFO	analysis4 md5sum : 65749863ca019204635c9450bf14aa85
2016-05-27 13:42:40	thales.uds.anu.edu.au:30266	INFO	summary : /Users/gavin/DevRepos/AnalyseMutations/results/ensembl_snps_79/A/intergenic_vs_intron/directions/GtoC/summary.txt
2016-05-27 13:42:40	thales.uds.anu.edu.au:30266	INFO	summary md5sum : 6ef6166279d7a1383c7f0a29ad1aeaa5
