2016-05-28 11:47:30	Thales.local:46736	INFO	system_details : system=Darwin Kernel Version 15.5.0: Tue Apr 19 18:36:36 PDT 2016; root:xnu-3248.50.21~8/RELEASE_X86_64
2016-05-28 11:47:30	Thales.local:46736	INFO	python : 2.7.10
2016-05-28 11:47:30	Thales.local:46736	INFO	user : gavin
2016-05-28 11:47:30	Thales.local:46736	INFO	command_string : /Users/gavin/.virtualenvs/trunk/bin/mutation_analysis -1 ../data/ensembl_snps_79/counts/A/intron/directions/freq_All-chrom_A-GC_All-TtoC.txt -2 ../data/ensembl_snps_79/counts/A/exon/directions/freq_All-chrom_A-GC_All-TtoC.txt -o ../results/ensembl_snps_79/A/intron_vs_exon/directions/TtoC nbr
2016-05-28 11:47:30	Thales.local:46736	INFO	vars : {'verbose': False, 'dry_run': False, 'format': 'pdf', 'group_ref': None, 'first_order': False, 'group_label': None, 'strand_symmetry': False, 'plot_cfg': None, 'force_overwrite': False, 'cfg_context': <mutation_motif.mutation_analysis.Config object at 0x1126ef210>, 'outpath': u'../results/ensembl_snps_79/A/intron_vs_exon/directions/TtoC', 'countsfile2': u'../data/ensembl_snps_79/counts/A/exon/directions/freq_All-chrom_A-GC_All-TtoC.txt', 'countsfile': u'../data/ensembl_snps_79/counts/A/intron/directions/freq_All-chrom_A-GC_All-TtoC.txt'}
2016-05-28 11:47:30	Thales.local:46736	INFO	countsfile1_path : /Users/gavin/DevRepos/AnalyseMutations/data/ensembl_snps_79/counts/A/intron/directions/freq_All-chrom_A-GC_All-TtoC.txt
2016-05-28 11:47:30	Thales.local:46736	INFO	countsfile1_path md5sum : 6d8a9fe2d9882bfeeee1f031ab34e609
2016-05-28 11:47:30	Thales.local:46736	INFO	countsfile2_path : /Users/gavin/DevRepos/AnalyseMutations/data/ensembl_snps_79/counts/A/exon/directions/freq_All-chrom_A-GC_All-TtoC.txt
2016-05-28 11:47:30	Thales.local:46736	INFO	countsfile2_path md5sum : 79e8c1f579a265225cbc6883882f15bc
2016-05-28 11:47:30	Thales.local:46736	INFO	group_counts : /Users/gavin/DevRepos/AnalyseMutations/results/ensembl_snps_79/A/intron_vs_exon/directions/TtoC/group_counts_table.txt
2016-05-28 11:47:30	Thales.local:46736	INFO	group_counts md5sum : 624379b8aa5a58157f0d851ba5a70678
2016-05-28 11:47:30	Thales.local:46736	INFO	analysis1 : /Users/gavin/DevRepos/AnalyseMutations/results/ensembl_snps_79/A/intron_vs_exon/directions/TtoC/1.json
2016-05-28 11:47:30	Thales.local:46736	INFO	analysis1 md5sum : 892080a2b99ff61991b708ba91b3bb40
2016-05-28 11:47:31	Thales.local:46736	INFO	analysis2 : /Users/gavin/DevRepos/AnalyseMutations/results/ensembl_snps_79/A/intron_vs_exon/directions/TtoC/2.json
2016-05-28 11:47:31	Thales.local:46736	INFO	analysis2 md5sum : ec759cd6628089d0323962266c9d50c3
2016-05-28 11:47:33	Thales.local:46736	INFO	analysis3 : /Users/gavin/DevRepos/AnalyseMutations/results/ensembl_snps_79/A/intron_vs_exon/directions/TtoC/3.json
2016-05-28 11:47:33	Thales.local:46736	INFO	analysis3 md5sum : 1a0a5c18745992f6a70abba930235e6c
2016-05-28 11:47:38	Thales.local:46736	INFO	analysis4 : /Users/gavin/DevRepos/AnalyseMutations/results/ensembl_snps_79/A/intron_vs_exon/directions/TtoC/4.json
2016-05-28 11:47:38	Thales.local:46736	INFO	analysis4 md5sum : fac614ac28c9d1ea9e6e4740436f6d24
2016-05-28 11:47:42	Thales.local:46736	INFO	summary : /Users/gavin/DevRepos/AnalyseMutations/results/ensembl_snps_79/A/intron_vs_exon/directions/TtoC/summary.txt
2016-05-28 11:47:42	Thales.local:46736	INFO	summary md5sum : 701c660c3033fb1af9836e9b27c2e68b
