2016-11-03 14:45:56	Thales.local:61793	INFO	system_details : system=Darwin Kernel Version 16.1.0: Thu Oct 13 21:26:57 PDT 2016; root:xnu-3789.21.3~60/RELEASE_X86_64
2016-11-03 14:45:56	Thales.local:61793	INFO	python : 3.5.1
2016-11-03 14:45:56	Thales.local:61793	INFO	user : gavin
2016-11-03 14:45:56	Thales.local:61793	INFO	command_string : /Users/gavin/miniconda2/envs/py35/bin/mutation_analysis nbr -1 ../data/ensembl_snps_79/counts/A/intergenic/directions/freq_All-chrom_A-GC_All-AtoG.txt -2 ../data/ensembl_snps_79/counts/A/intron/directions/freq_All-chrom_A-GC_All-AtoG.txt -o ../results/ensembl_snps_79/A/intergenic_vs_intron/directions/AtoG
2016-11-03 14:45:56	Thales.local:61793	INFO	vars : {'first_order': False, 'strand_symmetry': False, 'outpath': '../results/ensembl_snps_79/A/intergenic_vs_intron/directions/AtoG', 'format': 'pdf', 'countsfile': '../data/ensembl_snps_79/counts/A/intergenic/directions/freq_All-chrom_A-GC_All-AtoG.txt', 'group_ref': None, 'verbose': False, 'no_type3': False, 'group_label': None, 'dry_run': False, 'countsfile2': '../data/ensembl_snps_79/counts/A/intron/directions/freq_All-chrom_A-GC_All-AtoG.txt', 'plot_cfg': None}
2016-11-03 14:45:56	Thales.local:61793	INFO	countsfile1_path : /Users/gavin/DevRepos/AnalyseMutationsGenetics/data/ensembl_snps_79/counts/A/intergenic/directions/freq_All-chrom_A-GC_All-AtoG.txt
2016-11-03 14:45:56	Thales.local:61793	INFO	countsfile1_path md5sum : 30462cecb9c79612e6dc4044eaca2cee
2016-11-03 14:45:56	Thales.local:61793	INFO	countsfile2_path : /Users/gavin/DevRepos/AnalyseMutationsGenetics/data/ensembl_snps_79/counts/A/intron/directions/freq_All-chrom_A-GC_All-AtoG.txt
2016-11-03 14:45:56	Thales.local:61793	INFO	countsfile2_path md5sum : 400c655c6df0aa97829aae45d835b594
2016-11-03 14:45:56	Thales.local:61793	INFO	group_counts : /Users/gavin/DevRepos/AnalyseMutationsGenetics/results/ensembl_snps_79/A/intergenic_vs_intron/directions/AtoG/group_counts_table.txt
2016-11-03 14:45:56	Thales.local:61793	INFO	group_counts md5sum : 36bc9fb3940fa7ce2509795cb5a7d1b0
2016-11-03 14:45:56	Thales.local:61793	INFO	analysis1 : /Users/gavin/DevRepos/AnalyseMutationsGenetics/results/ensembl_snps_79/A/intergenic_vs_intron/directions/AtoG/1.json
2016-11-03 14:45:56	Thales.local:61793	INFO	analysis1 md5sum : 9c851cc9f143ab28f9e44156d9034230
2016-11-03 14:45:57	Thales.local:61793	INFO	analysis2 : /Users/gavin/DevRepos/AnalyseMutationsGenetics/results/ensembl_snps_79/A/intergenic_vs_intron/directions/AtoG/2.json
2016-11-03 14:45:57	Thales.local:61793	INFO	analysis2 md5sum : 7e34018acd970116c04d07a31662204f
2016-11-03 14:46:00	Thales.local:61793	INFO	analysis3 : /Users/gavin/DevRepos/AnalyseMutationsGenetics/results/ensembl_snps_79/A/intergenic_vs_intron/directions/AtoG/3.json
2016-11-03 14:46:00	Thales.local:61793	INFO	analysis3 md5sum : 0223bd85766cbc22879bd11c5d115d3d
2016-11-03 14:46:06	Thales.local:61793	INFO	analysis4 : /Users/gavin/DevRepos/AnalyseMutationsGenetics/results/ensembl_snps_79/A/intergenic_vs_intron/directions/AtoG/4.json
2016-11-03 14:46:06	Thales.local:61793	INFO	analysis4 md5sum : 69b79f5e42504dc3aea147475baa6922
2016-11-03 14:46:10	Thales.local:61793	INFO	summary : /Users/gavin/DevRepos/AnalyseMutationsGenetics/results/ensembl_snps_79/A/intergenic_vs_intron/directions/AtoG/summary.txt
2016-11-03 14:46:10	Thales.local:61793	INFO	summary md5sum : 3b8c58d310fe76fd0a1b760328e24659
