2016-11-03 14:46:13	Thales.local:61855	INFO	system_details : system=Darwin Kernel Version 16.1.0: Thu Oct 13 21:26:57 PDT 2016; root:xnu-3789.21.3~60/RELEASE_X86_64
2016-11-03 14:46:13	Thales.local:61855	INFO	python : 3.5.1
2016-11-03 14:46:13	Thales.local:61855	INFO	user : gavin
2016-11-03 14:46:13	Thales.local:61855	INFO	command_string : /Users/gavin/miniconda2/envs/py35/bin/mutation_analysis nbr -1 ../data/ensembl_snps_79/counts/A/intergenic/directions/freq_All-chrom_A-GC_All-AtoT.txt -2 ../data/ensembl_snps_79/counts/A/intron/directions/freq_All-chrom_A-GC_All-AtoT.txt -o ../results/ensembl_snps_79/A/intergenic_vs_intron/directions/AtoT
2016-11-03 14:46:13	Thales.local:61855	INFO	vars : {'countsfile2': '../data/ensembl_snps_79/counts/A/intron/directions/freq_All-chrom_A-GC_All-AtoT.txt', 'outpath': '../results/ensembl_snps_79/A/intergenic_vs_intron/directions/AtoT', 'dry_run': False, 'verbose': False, 'countsfile': '../data/ensembl_snps_79/counts/A/intergenic/directions/freq_All-chrom_A-GC_All-AtoT.txt', 'format': 'pdf', 'no_type3': False, 'first_order': False, 'group_ref': None, 'plot_cfg': None, 'group_label': None, 'strand_symmetry': False}
2016-11-03 14:46:13	Thales.local:61855	INFO	countsfile1_path : /Users/gavin/DevRepos/AnalyseMutationsGenetics/data/ensembl_snps_79/counts/A/intergenic/directions/freq_All-chrom_A-GC_All-AtoT.txt
2016-11-03 14:46:13	Thales.local:61855	INFO	countsfile1_path md5sum : 21c8bb81a2d4a55926a0bccefd6d08c2
2016-11-03 14:46:13	Thales.local:61855	INFO	countsfile2_path : /Users/gavin/DevRepos/AnalyseMutationsGenetics/data/ensembl_snps_79/counts/A/intron/directions/freq_All-chrom_A-GC_All-AtoT.txt
2016-11-03 14:46:13	Thales.local:61855	INFO	countsfile2_path md5sum : e4d38603940a167f7feb61270ca36c24
2016-11-03 14:46:13	Thales.local:61855	INFO	group_counts : /Users/gavin/DevRepos/AnalyseMutationsGenetics/results/ensembl_snps_79/A/intergenic_vs_intron/directions/AtoT/group_counts_table.txt
2016-11-03 14:46:13	Thales.local:61855	INFO	group_counts md5sum : bab6c7183101f58cea2d0984cf7e16ae
2016-11-03 14:46:13	Thales.local:61855	INFO	analysis1 : /Users/gavin/DevRepos/AnalyseMutationsGenetics/results/ensembl_snps_79/A/intergenic_vs_intron/directions/AtoT/1.json
2016-11-03 14:46:13	Thales.local:61855	INFO	analysis1 md5sum : e039017d1b53a21835fc606b55b4e976
2016-11-03 14:46:14	Thales.local:61855	INFO	analysis2 : /Users/gavin/DevRepos/AnalyseMutationsGenetics/results/ensembl_snps_79/A/intergenic_vs_intron/directions/AtoT/2.json
2016-11-03 14:46:14	Thales.local:61855	INFO	analysis2 md5sum : 640548fbcb5221b4cf823ca2d816dd4f
2016-11-03 14:46:16	Thales.local:61855	INFO	analysis3 : /Users/gavin/DevRepos/AnalyseMutationsGenetics/results/ensembl_snps_79/A/intergenic_vs_intron/directions/AtoT/3.json
2016-11-03 14:46:16	Thales.local:61855	INFO	analysis3 md5sum : a93fdc4354f1c12dd45de586fd48a345
2016-11-03 14:46:24	Thales.local:61855	INFO	analysis4 : /Users/gavin/DevRepos/AnalyseMutationsGenetics/results/ensembl_snps_79/A/intergenic_vs_intron/directions/AtoT/4.json
2016-11-03 14:46:24	Thales.local:61855	INFO	analysis4 md5sum : 387a84b041a403627ced6c27b84c106d
2016-11-03 14:46:27	Thales.local:61855	INFO	summary : /Users/gavin/DevRepos/AnalyseMutationsGenetics/results/ensembl_snps_79/A/intergenic_vs_intron/directions/AtoT/summary.txt
2016-11-03 14:46:27	Thales.local:61855	INFO	summary md5sum : a98ea372be10d38335df8b392cd4bf5d
