2016-11-03 14:47:02	Thales.local:62033	INFO	system_details : system=Darwin Kernel Version 16.1.0: Thu Oct 13 21:26:57 PDT 2016; root:xnu-3789.21.3~60/RELEASE_X86_64
2016-11-03 14:47:02	Thales.local:62033	INFO	python : 3.5.1
2016-11-03 14:47:02	Thales.local:62033	INFO	user : gavin
2016-11-03 14:47:02	Thales.local:62033	INFO	command_string : /Users/gavin/miniconda2/envs/py35/bin/mutation_analysis nbr -1 ../data/ensembl_snps_79/counts/A/intergenic/directions/freq_All-chrom_A-GC_All-CtoT.txt -2 ../data/ensembl_snps_79/counts/A/intron/directions/freq_All-chrom_A-GC_All-CtoT.txt -o ../results/ensembl_snps_79/A/intergenic_vs_intron/directions/CtoT
2016-11-03 14:47:02	Thales.local:62033	INFO	vars : {'countsfile': '../data/ensembl_snps_79/counts/A/intergenic/directions/freq_All-chrom_A-GC_All-CtoT.txt', 'format': 'pdf', 'plot_cfg': None, 'dry_run': False, 'no_type3': False, 'group_ref': None, 'group_label': None, 'verbose': False, 'outpath': '../results/ensembl_snps_79/A/intergenic_vs_intron/directions/CtoT', 'strand_symmetry': False, 'countsfile2': '../data/ensembl_snps_79/counts/A/intron/directions/freq_All-chrom_A-GC_All-CtoT.txt', 'first_order': False}
2016-11-03 14:47:02	Thales.local:62033	INFO	countsfile1_path : /Users/gavin/DevRepos/AnalyseMutationsGenetics/data/ensembl_snps_79/counts/A/intergenic/directions/freq_All-chrom_A-GC_All-CtoT.txt
2016-11-03 14:47:02	Thales.local:62033	INFO	countsfile1_path md5sum : 2cefe08f4167c53389abcac3b062cfc3
2016-11-03 14:47:02	Thales.local:62033	INFO	countsfile2_path : /Users/gavin/DevRepos/AnalyseMutationsGenetics/data/ensembl_snps_79/counts/A/intron/directions/freq_All-chrom_A-GC_All-CtoT.txt
2016-11-03 14:47:02	Thales.local:62033	INFO	countsfile2_path md5sum : 87d880937ebf1905a535bf720c35a518
2016-11-03 14:47:02	Thales.local:62033	INFO	group_counts : /Users/gavin/DevRepos/AnalyseMutationsGenetics/results/ensembl_snps_79/A/intergenic_vs_intron/directions/CtoT/group_counts_table.txt
2016-11-03 14:47:02	Thales.local:62033	INFO	group_counts md5sum : 6b596bf3a94e68fb3b111f23357615b8
2016-11-03 14:47:02	Thales.local:62033	INFO	analysis1 : /Users/gavin/DevRepos/AnalyseMutationsGenetics/results/ensembl_snps_79/A/intergenic_vs_intron/directions/CtoT/1.json
2016-11-03 14:47:02	Thales.local:62033	INFO	analysis1 md5sum : 03408c03524e4f59e2d7f8a35dcb83f3
2016-11-03 14:47:03	Thales.local:62033	INFO	analysis2 : /Users/gavin/DevRepos/AnalyseMutationsGenetics/results/ensembl_snps_79/A/intergenic_vs_intron/directions/CtoT/2.json
2016-11-03 14:47:03	Thales.local:62033	INFO	analysis2 md5sum : 0d52f1083530194b69a08eac4414f7a1
2016-11-03 14:47:05	Thales.local:62033	INFO	analysis3 : /Users/gavin/DevRepos/AnalyseMutationsGenetics/results/ensembl_snps_79/A/intergenic_vs_intron/directions/CtoT/3.json
2016-11-03 14:47:05	Thales.local:62033	INFO	analysis3 md5sum : e52111598d7c549b1d6a526f905f6b76
2016-11-03 14:47:12	Thales.local:62033	INFO	analysis4 : /Users/gavin/DevRepos/AnalyseMutationsGenetics/results/ensembl_snps_79/A/intergenic_vs_intron/directions/CtoT/4.json
2016-11-03 14:47:12	Thales.local:62033	INFO	analysis4 md5sum : 0bfd017bf2a20a4cad4163c1c589a81b
2016-11-03 14:47:16	Thales.local:62033	INFO	summary : /Users/gavin/DevRepos/AnalyseMutationsGenetics/results/ensembl_snps_79/A/intergenic_vs_intron/directions/CtoT/summary.txt
2016-11-03 14:47:16	Thales.local:62033	INFO	summary md5sum : fd1a8819cbc96e8113b5ea4ce8006fc5
