2016-05-28 12:04:03	Thales.local:47715	INFO	system_details : system=Darwin Kernel Version 15.5.0: Tue Apr 19 18:36:36 PDT 2016; root:xnu-3248.50.21~8/RELEASE_X86_64
2016-05-28 12:04:03	Thales.local:47715	INFO	python : 2.7.10
2016-05-28 12:04:03	Thales.local:47715	INFO	user : gavin
2016-05-28 12:04:03	Thales.local:47715	INFO	command_string : /Users/gavin/.virtualenvs/trunk/bin/mutation_analysis -1 ../data/ensembl_snps_79/counts/A/exon/directions/freq_All-chrom_A-GC_All-GtoC.txt -2 ../data/ensembl_snps_79/counts/X/exon/directions/freq_All-chrom_X-GC_All-GtoC.txt -o ../results/ensembl_snps_79/A_vs_X/exon/directions/GtoC nbr
2016-05-28 12:04:03	Thales.local:47715	INFO	vars : {'verbose': False, 'dry_run': False, 'format': 'pdf', 'group_ref': None, 'first_order': False, 'group_label': None, 'strand_symmetry': False, 'plot_cfg': None, 'force_overwrite': False, 'cfg_context': <mutation_motif.mutation_analysis.Config object at 0x113155210>, 'outpath': u'../results/ensembl_snps_79/A_vs_X/exon/directions/GtoC', 'countsfile2': u'../data/ensembl_snps_79/counts/X/exon/directions/freq_All-chrom_X-GC_All-GtoC.txt', 'countsfile': u'../data/ensembl_snps_79/counts/A/exon/directions/freq_All-chrom_A-GC_All-GtoC.txt'}
2016-05-28 12:04:03	Thales.local:47715	INFO	countsfile1_path : /Users/gavin/DevRepos/AnalyseMutations/data/ensembl_snps_79/counts/A/exon/directions/freq_All-chrom_A-GC_All-GtoC.txt
2016-05-28 12:04:03	Thales.local:47715	INFO	countsfile1_path md5sum : 0ce16e1564976c6dd2a6593fed0f264e
2016-05-28 12:04:03	Thales.local:47715	INFO	countsfile2_path : /Users/gavin/DevRepos/AnalyseMutations/data/ensembl_snps_79/counts/X/exon/directions/freq_All-chrom_X-GC_All-GtoC.txt
2016-05-28 12:04:03	Thales.local:47715	INFO	countsfile2_path md5sum : e28cf648e7b56cdc95ce259d25ca4329
2016-05-28 12:04:03	Thales.local:47715	INFO	group_counts : /Users/gavin/DevRepos/AnalyseMutations/results/ensembl_snps_79/A_vs_X/exon/directions/GtoC/group_counts_table.txt
2016-05-28 12:04:03	Thales.local:47715	INFO	group_counts md5sum : e630a9d17ed9b34e2d02e80b8a27e7d9
2016-05-28 12:04:03	Thales.local:47715	INFO	analysis1 : /Users/gavin/DevRepos/AnalyseMutations/results/ensembl_snps_79/A_vs_X/exon/directions/GtoC/1.json
2016-05-28 12:04:03	Thales.local:47715	INFO	analysis1 md5sum : 21dd86f4b14338a39585283a397d4abf
2016-05-28 12:04:04	Thales.local:47715	INFO	analysis2 : /Users/gavin/DevRepos/AnalyseMutations/results/ensembl_snps_79/A_vs_X/exon/directions/GtoC/2.json
2016-05-28 12:04:04	Thales.local:47715	INFO	analysis2 md5sum : 5b00f1a808f77def048918ec26906495
2016-05-28 12:04:06	Thales.local:47715	INFO	analysis3 : /Users/gavin/DevRepos/AnalyseMutations/results/ensembl_snps_79/A_vs_X/exon/directions/GtoC/3.json
2016-05-28 12:04:06	Thales.local:47715	INFO	analysis3 md5sum : 2985d2a8984d3460d502851a3ffacde3
2016-05-28 12:04:24	Thales.local:47715	INFO	analysis4 : /Users/gavin/DevRepos/AnalyseMutations/results/ensembl_snps_79/A_vs_X/exon/directions/GtoC/4.json
2016-05-28 12:04:24	Thales.local:47715	INFO	analysis4 md5sum : 44289afc11bc63ecbffa02753a9580ed
2016-05-28 12:04:28	Thales.local:47715	INFO	summary : /Users/gavin/DevRepos/AnalyseMutations/results/ensembl_snps_79/A_vs_X/exon/directions/GtoC/summary.txt
2016-05-28 12:04:28	Thales.local:47715	INFO	summary md5sum : 5fc6115be38045ee440ffe46c65daa22
