2016-11-03 15:21:37	Thales.local:65011	INFO	system_details : system=Darwin Kernel Version 16.1.0: Thu Oct 13 21:26:57 PDT 2016; root:xnu-3789.21.3~60/RELEASE_X86_64
2016-11-03 15:21:37	Thales.local:65011	INFO	python : 3.5.1
2016-11-03 15:21:37	Thales.local:65011	INFO	user : gavin
2016-11-03 15:21:37	Thales.local:65011	INFO	command_string : /Users/gavin/miniconda2/envs/py35/bin/mutation_analysis nbr -1 ../data/ensembl_snps_79/counts/A/exon/directions/freq_All-chrom_A-GC_All-AtoT.txt -2 ../data/ensembl_snps_79/counts/malignant_melanoma/directions/freq_All-chrom_All-GC_All-AtoT.txt -o ../results/ensembl_snps_79/Aexon_vs_Melanoma/directions/AtoT
2016-11-03 15:21:37	Thales.local:65011	INFO	vars : {'no_type3': False, 'format': 'pdf', 'first_order': False, 'plot_cfg': None, 'strand_symmetry': False, 'dry_run': False, 'verbose': False, 'group_label': None, 'group_ref': None, 'countsfile': '../data/ensembl_snps_79/counts/A/exon/directions/freq_All-chrom_A-GC_All-AtoT.txt', 'outpath': '../results/ensembl_snps_79/Aexon_vs_Melanoma/directions/AtoT', 'countsfile2': '../data/ensembl_snps_79/counts/malignant_melanoma/directions/freq_All-chrom_All-GC_All-AtoT.txt'}
2016-11-03 15:21:37	Thales.local:65011	INFO	countsfile1_path : /Users/gavin/DevRepos/AnalyseMutationsGenetics/data/ensembl_snps_79/counts/A/exon/directions/freq_All-chrom_A-GC_All-AtoT.txt
2016-11-03 15:21:37	Thales.local:65011	INFO	countsfile1_path md5sum : c834c58f4be7e4a0b075eb866bb208e5
2016-11-03 15:21:37	Thales.local:65011	INFO	countsfile2_path : /Users/gavin/DevRepos/AnalyseMutationsGenetics/data/ensembl_snps_79/counts/malignant_melanoma/directions/freq_All-chrom_All-GC_All-AtoT.txt
2016-11-03 15:21:37	Thales.local:65011	INFO	countsfile2_path md5sum : 4f7d0048e9dada9f4259ea29554e74da
2016-11-03 15:21:37	Thales.local:65011	INFO	group_counts : /Users/gavin/DevRepos/AnalyseMutationsGenetics/results/ensembl_snps_79/Aexon_vs_Melanoma/directions/AtoT/group_counts_table.txt
2016-11-03 15:21:37	Thales.local:65011	INFO	group_counts md5sum : 48ccbfbbf259e69471f92cae368811ac
2016-11-03 15:21:38	Thales.local:65011	INFO	analysis1 : /Users/gavin/DevRepos/AnalyseMutationsGenetics/results/ensembl_snps_79/Aexon_vs_Melanoma/directions/AtoT/1.json
2016-11-03 15:21:38	Thales.local:65011	INFO	analysis1 md5sum : a413791ffbd5c0010a8121e810ade95c
2016-11-03 15:21:38	Thales.local:65011	INFO	analysis2 : /Users/gavin/DevRepos/AnalyseMutationsGenetics/results/ensembl_snps_79/Aexon_vs_Melanoma/directions/AtoT/2.json
2016-11-03 15:21:38	Thales.local:65011	INFO	analysis2 md5sum : 15e93989af8cd2e4f7418868f6dcc3b5
2016-11-03 15:21:40	Thales.local:65011	INFO	analysis3 : /Users/gavin/DevRepos/AnalyseMutationsGenetics/results/ensembl_snps_79/Aexon_vs_Melanoma/directions/AtoT/3.json
2016-11-03 15:21:40	Thales.local:65011	INFO	analysis3 md5sum : ab6ce4dc56fd2cb5cf9fca0b4720c4be
2016-11-03 15:21:48	Thales.local:65011	INFO	analysis4 : /Users/gavin/DevRepos/AnalyseMutationsGenetics/results/ensembl_snps_79/Aexon_vs_Melanoma/directions/AtoT/4.json
2016-11-03 15:21:48	Thales.local:65011	INFO	analysis4 md5sum : bdc8f86d60d56883aed47a220e9143f4
2016-11-03 15:21:51	Thales.local:65011	INFO	summary : /Users/gavin/DevRepos/AnalyseMutationsGenetics/results/ensembl_snps_79/Aexon_vs_Melanoma/directions/AtoT/summary.txt
2016-11-03 15:21:51	Thales.local:65011	INFO	summary md5sum : ce6b3eafad68ed21252f375a9e3049b1
