2016-11-03 15:17:39	Thales.local:64799	INFO	system_details : system=Darwin Kernel Version 16.1.0: Thu Oct 13 21:26:57 PDT 2016; root:xnu-3789.21.3~60/RELEASE_X86_64
2016-11-03 15:17:39	Thales.local:64799	INFO	python : 3.5.1
2016-11-03 15:17:39	Thales.local:64799	INFO	user : gavin
2016-11-03 15:17:39	Thales.local:64799	INFO	command_string : /Users/gavin/miniconda2/envs/py35/bin/mutation_analysis nbr -1 ../data/ensembl_snps_79/counts/A/intergenic/directions/freq_All-chrom_A-GC_All-TtoA.txt -2 ../data/ensembl_snps_79/counts/X/intergenic/directions/freq_All-chrom_X-GC_All-TtoA.txt -o ../results/ensembl_snps_79/A_vs_X/intergenic/directions/TtoA
2016-11-03 15:17:39	Thales.local:64799	INFO	vars : {'countsfile2': '../data/ensembl_snps_79/counts/X/intergenic/directions/freq_All-chrom_X-GC_All-TtoA.txt', 'verbose': False, 'outpath': '../results/ensembl_snps_79/A_vs_X/intergenic/directions/TtoA', 'dry_run': False, 'countsfile': '../data/ensembl_snps_79/counts/A/intergenic/directions/freq_All-chrom_A-GC_All-TtoA.txt', 'no_type3': False, 'group_label': None, 'first_order': False, 'group_ref': None, 'format': 'pdf', 'strand_symmetry': False, 'plot_cfg': None}
2016-11-03 15:17:39	Thales.local:64799	INFO	countsfile1_path : /Users/gavin/DevRepos/AnalyseMutationsGenetics/data/ensembl_snps_79/counts/A/intergenic/directions/freq_All-chrom_A-GC_All-TtoA.txt
2016-11-03 15:17:39	Thales.local:64799	INFO	countsfile1_path md5sum : d36bf22a2bd48db9313060b29dc58171
2016-11-03 15:17:39	Thales.local:64799	INFO	countsfile2_path : /Users/gavin/DevRepos/AnalyseMutationsGenetics/data/ensembl_snps_79/counts/X/intergenic/directions/freq_All-chrom_X-GC_All-TtoA.txt
2016-11-03 15:17:39	Thales.local:64799	INFO	countsfile2_path md5sum : 9d6bdd69a74d0c33c3c57c9890cbc79c
2016-11-03 15:17:39	Thales.local:64799	INFO	group_counts : /Users/gavin/DevRepos/AnalyseMutationsGenetics/results/ensembl_snps_79/A_vs_X/intergenic/directions/TtoA/group_counts_table.txt
2016-11-03 15:17:39	Thales.local:64799	INFO	group_counts md5sum : 000e2b77ebe41f06a422ab1340c5aeaf
2016-11-03 15:17:39	Thales.local:64799	INFO	analysis1 : /Users/gavin/DevRepos/AnalyseMutationsGenetics/results/ensembl_snps_79/A_vs_X/intergenic/directions/TtoA/1.json
2016-11-03 15:17:39	Thales.local:64799	INFO	analysis1 md5sum : 0585b61c4ea4431b79385aed96cfa118
2016-11-03 15:17:40	Thales.local:64799	INFO	analysis2 : /Users/gavin/DevRepos/AnalyseMutationsGenetics/results/ensembl_snps_79/A_vs_X/intergenic/directions/TtoA/2.json
2016-11-03 15:17:40	Thales.local:64799	INFO	analysis2 md5sum : 6c5e0b234e82218c81619c58d316d2a9
2016-11-03 15:17:41	Thales.local:64799	INFO	analysis3 : /Users/gavin/DevRepos/AnalyseMutationsGenetics/results/ensembl_snps_79/A_vs_X/intergenic/directions/TtoA/3.json
2016-11-03 15:17:41	Thales.local:64799	INFO	analysis3 md5sum : 7fb424e861da49728ffd854f143b1ad4
2016-11-03 15:17:57	Thales.local:64799	INFO	analysis4 : /Users/gavin/DevRepos/AnalyseMutationsGenetics/results/ensembl_snps_79/A_vs_X/intergenic/directions/TtoA/4.json
2016-11-03 15:17:57	Thales.local:64799	INFO	analysis4 md5sum : 57484fd0d8af07dea8ed2565cde442a4
2016-11-03 15:17:59	Thales.local:64799	INFO	summary : /Users/gavin/DevRepos/AnalyseMutationsGenetics/results/ensembl_snps_79/A_vs_X/intergenic/directions/TtoA/summary.txt
2016-11-03 15:17:59	Thales.local:64799	INFO	summary md5sum : 1c2db43c4e6bf37a8f7e79b1932b815d
