2016-11-03 15:11:38	Thales.local:64341	INFO	system_details : system=Darwin Kernel Version 16.1.0: Thu Oct 13 21:26:57 PDT 2016; root:xnu-3789.21.3~60/RELEASE_X86_64
2016-11-03 15:11:38	Thales.local:64341	INFO	python : 3.5.1
2016-11-03 15:11:38	Thales.local:64341	INFO	user : gavin
2016-11-03 15:11:38	Thales.local:64341	INFO	command_string : /Users/gavin/miniconda2/envs/py35/bin/mutation_analysis nbr -1 ../data/ensembl_snps_79/counts/A/exon/directions/freq_All-chrom_A-GC_All-AtoG.txt -2 ../data/ensembl_snps_79/counts/X/exon/directions/freq_All-chrom_X-GC_All-AtoG.txt -o ../results/ensembl_snps_79/A_vs_X/exon/directions/AtoG
2016-11-03 15:11:38	Thales.local:64341	INFO	vars : {'verbose': False, 'strand_symmetry': False, 'dry_run': False, 'first_order': False, 'outpath': '../results/ensembl_snps_79/A_vs_X/exon/directions/AtoG', 'format': 'pdf', 'countsfile': '../data/ensembl_snps_79/counts/A/exon/directions/freq_All-chrom_A-GC_All-AtoG.txt', 'group_label': None, 'group_ref': None, 'plot_cfg': None, 'no_type3': False, 'countsfile2': '../data/ensembl_snps_79/counts/X/exon/directions/freq_All-chrom_X-GC_All-AtoG.txt'}
2016-11-03 15:11:38	Thales.local:64341	INFO	countsfile1_path : /Users/gavin/DevRepos/AnalyseMutationsGenetics/data/ensembl_snps_79/counts/A/exon/directions/freq_All-chrom_A-GC_All-AtoG.txt
2016-11-03 15:11:38	Thales.local:64341	INFO	countsfile1_path md5sum : 8622eb9bc65f6509665fb13d8594705a
2016-11-03 15:11:38	Thales.local:64341	INFO	countsfile2_path : /Users/gavin/DevRepos/AnalyseMutationsGenetics/data/ensembl_snps_79/counts/X/exon/directions/freq_All-chrom_X-GC_All-AtoG.txt
2016-11-03 15:11:38	Thales.local:64341	INFO	countsfile2_path md5sum : 90d0f5da30f167989dffc8b8f515f649
2016-11-03 15:11:38	Thales.local:64341	INFO	group_counts : /Users/gavin/DevRepos/AnalyseMutationsGenetics/results/ensembl_snps_79/A_vs_X/exon/directions/AtoG/group_counts_table.txt
2016-11-03 15:11:38	Thales.local:64341	INFO	group_counts md5sum : 0cf5c03480a0fa5aa1a051556c3e00c4
2016-11-03 15:11:38	Thales.local:64341	INFO	analysis1 : /Users/gavin/DevRepos/AnalyseMutationsGenetics/results/ensembl_snps_79/A_vs_X/exon/directions/AtoG/1.json
2016-11-03 15:11:38	Thales.local:64341	INFO	analysis1 md5sum : 6cd1b6ac41c3b16aea998b0cfab5c878
2016-11-03 15:11:39	Thales.local:64341	INFO	analysis2 : /Users/gavin/DevRepos/AnalyseMutationsGenetics/results/ensembl_snps_79/A_vs_X/exon/directions/AtoG/2.json
2016-11-03 15:11:39	Thales.local:64341	INFO	analysis2 md5sum : 817c6325705e872f45171142b3d23c20
2016-11-03 15:11:40	Thales.local:64341	INFO	analysis3 : /Users/gavin/DevRepos/AnalyseMutationsGenetics/results/ensembl_snps_79/A_vs_X/exon/directions/AtoG/3.json
2016-11-03 15:11:40	Thales.local:64341	INFO	analysis3 md5sum : a5ceafd69d3240cc28f5f64535408b12
2016-11-03 15:11:53	Thales.local:64341	INFO	analysis4 : /Users/gavin/DevRepos/AnalyseMutationsGenetics/results/ensembl_snps_79/A_vs_X/exon/directions/AtoG/4.json
2016-11-03 15:11:53	Thales.local:64341	INFO	analysis4 md5sum : 9f97ece10212667f9b81fe88ded30157
2016-11-03 15:11:55	Thales.local:64341	INFO	summary : /Users/gavin/DevRepos/AnalyseMutationsGenetics/results/ensembl_snps_79/A_vs_X/exon/directions/AtoG/summary.txt
2016-11-03 15:11:55	Thales.local:64341	INFO	summary md5sum : 221d340eb096f4782d4c90635956abe5
