2016-11-03 14:53:04	Thales.local:62689	INFO	system_details : system=Darwin Kernel Version 16.1.0: Thu Oct 13 21:26:57 PDT 2016; root:xnu-3789.21.3~60/RELEASE_X86_64
2016-11-03 14:53:04	Thales.local:62689	INFO	python : 3.5.1
2016-11-03 14:53:04	Thales.local:62689	INFO	user : gavin
2016-11-03 14:53:04	Thales.local:62689	INFO	command_string : /Users/gavin/miniconda2/envs/py35/bin/mutation_analysis nbr -1 ../data/ensembl_snps_79/counts/A/intergenic/directions/freq_All-chrom_A-GC_All-TtoG.txt -2 ../data/ensembl_snps_79/counts/A/exon/directions/freq_All-chrom_A-GC_All-TtoG.txt -o ../results/ensembl_snps_79/A/intergenic_vs_exon/directions/TtoG
2016-11-03 14:53:04	Thales.local:62689	INFO	vars : {'countsfile2': '../data/ensembl_snps_79/counts/A/exon/directions/freq_All-chrom_A-GC_All-TtoG.txt', 'strand_symmetry': False, 'group_label': None, 'outpath': '../results/ensembl_snps_79/A/intergenic_vs_exon/directions/TtoG', 'format': 'pdf', 'first_order': False, 'no_type3': False, 'verbose': False, 'plot_cfg': None, 'dry_run': False, 'group_ref': None, 'countsfile': '../data/ensembl_snps_79/counts/A/intergenic/directions/freq_All-chrom_A-GC_All-TtoG.txt'}
2016-11-03 14:53:04	Thales.local:62689	INFO	countsfile1_path : /Users/gavin/DevRepos/AnalyseMutationsGenetics/data/ensembl_snps_79/counts/A/intergenic/directions/freq_All-chrom_A-GC_All-TtoG.txt
2016-11-03 14:53:04	Thales.local:62689	INFO	countsfile1_path md5sum : c9008eba528b2aa53a6de53e0451bd06
2016-11-03 14:53:04	Thales.local:62689	INFO	countsfile2_path : /Users/gavin/DevRepos/AnalyseMutationsGenetics/data/ensembl_snps_79/counts/A/exon/directions/freq_All-chrom_A-GC_All-TtoG.txt
2016-11-03 14:53:04	Thales.local:62689	INFO	countsfile2_path md5sum : 58039596f9a04d18b9e3c335292b10ed
2016-11-03 14:53:04	Thales.local:62689	INFO	group_counts : /Users/gavin/DevRepos/AnalyseMutationsGenetics/results/ensembl_snps_79/A/intergenic_vs_exon/directions/TtoG/group_counts_table.txt
2016-11-03 14:53:04	Thales.local:62689	INFO	group_counts md5sum : f24c7e7fcbd10f7e025f8bdfca1263f2
2016-11-03 14:53:04	Thales.local:62689	INFO	analysis1 : /Users/gavin/DevRepos/AnalyseMutationsGenetics/results/ensembl_snps_79/A/intergenic_vs_exon/directions/TtoG/1.json
2016-11-03 14:53:04	Thales.local:62689	INFO	analysis1 md5sum : be25d65e292e42ab42f29ee4358cb77c
2016-11-03 14:53:05	Thales.local:62689	INFO	analysis2 : /Users/gavin/DevRepos/AnalyseMutationsGenetics/results/ensembl_snps_79/A/intergenic_vs_exon/directions/TtoG/2.json
2016-11-03 14:53:05	Thales.local:62689	INFO	analysis2 md5sum : 744f3001a6e73a3ac641b9aacdca6025
2016-11-03 14:53:08	Thales.local:62689	INFO	analysis3 : /Users/gavin/DevRepos/AnalyseMutationsGenetics/results/ensembl_snps_79/A/intergenic_vs_exon/directions/TtoG/3.json
2016-11-03 14:53:08	Thales.local:62689	INFO	analysis3 md5sum : 7470d08fa01fc0277596b114fa7a390a
2016-11-03 14:53:17	Thales.local:62689	INFO	analysis4 : /Users/gavin/DevRepos/AnalyseMutationsGenetics/results/ensembl_snps_79/A/intergenic_vs_exon/directions/TtoG/4.json
2016-11-03 14:53:17	Thales.local:62689	INFO	analysis4 md5sum : 6ad957a3bb10cc6e1c06c53a4d79b9bd
2016-11-03 14:53:20	Thales.local:62689	INFO	summary : /Users/gavin/DevRepos/AnalyseMutationsGenetics/results/ensembl_snps_79/A/intergenic_vs_exon/directions/TtoG/summary.txt
2016-11-03 14:53:20	Thales.local:62689	INFO	summary md5sum : 037f818de3eb19c096a5f8bc339c8d4f
