2016-11-03 15:18:20	Thales.local:64838	INFO	system_details : system=Darwin Kernel Version 16.1.0: Thu Oct 13 21:26:57 PDT 2016; root:xnu-3789.21.3~60/RELEASE_X86_64
2016-11-03 15:18:20	Thales.local:64838	INFO	python : 3.5.1
2016-11-03 15:18:20	Thales.local:64838	INFO	user : gavin
2016-11-03 15:18:20	Thales.local:64838	INFO	command_string : /Users/gavin/miniconda2/envs/py35/bin/mutation_analysis nbr -1 ../data/ensembl_snps_79/counts/A/exon/directions/freq_All-chrom_A-GC_All-TtoA.txt -2 ../data/ensembl_snps_79/counts/X/exon/directions/freq_All-chrom_X-GC_All-TtoA.txt -o ../results/ensembl_snps_79/A_vs_X/exon/directions/TtoA
2016-11-03 15:18:20	Thales.local:64838	INFO	vars : {'no_type3': False, 'format': 'pdf', 'group_ref': None, 'dry_run': False, 'countsfile': '../data/ensembl_snps_79/counts/A/exon/directions/freq_All-chrom_A-GC_All-TtoA.txt', 'strand_symmetry': False, 'verbose': False, 'group_label': None, 'countsfile2': '../data/ensembl_snps_79/counts/X/exon/directions/freq_All-chrom_X-GC_All-TtoA.txt', 'plot_cfg': None, 'first_order': False, 'outpath': '../results/ensembl_snps_79/A_vs_X/exon/directions/TtoA'}
2016-11-03 15:18:20	Thales.local:64838	INFO	countsfile1_path : /Users/gavin/DevRepos/AnalyseMutationsGenetics/data/ensembl_snps_79/counts/A/exon/directions/freq_All-chrom_A-GC_All-TtoA.txt
2016-11-03 15:18:20	Thales.local:64838	INFO	countsfile1_path md5sum : a591a3402230e5660eab46ce8d1f92e9
2016-11-03 15:18:20	Thales.local:64838	INFO	countsfile2_path : /Users/gavin/DevRepos/AnalyseMutationsGenetics/data/ensembl_snps_79/counts/X/exon/directions/freq_All-chrom_X-GC_All-TtoA.txt
2016-11-03 15:18:20	Thales.local:64838	INFO	countsfile2_path md5sum : 42f9d3d9e4f5272273fc698760e403bb
2016-11-03 15:18:20	Thales.local:64838	INFO	group_counts : /Users/gavin/DevRepos/AnalyseMutationsGenetics/results/ensembl_snps_79/A_vs_X/exon/directions/TtoA/group_counts_table.txt
2016-11-03 15:18:20	Thales.local:64838	INFO	group_counts md5sum : 13f1c84d20ebc2c223d9c20c705d2874
2016-11-03 15:18:20	Thales.local:64838	INFO	analysis1 : /Users/gavin/DevRepos/AnalyseMutationsGenetics/results/ensembl_snps_79/A_vs_X/exon/directions/TtoA/1.json
2016-11-03 15:18:20	Thales.local:64838	INFO	analysis1 md5sum : 8fa7243943b240d2cca0d1f7e57f5dd5
2016-11-03 15:18:21	Thales.local:64838	INFO	analysis2 : /Users/gavin/DevRepos/AnalyseMutationsGenetics/results/ensembl_snps_79/A_vs_X/exon/directions/TtoA/2.json
2016-11-03 15:18:21	Thales.local:64838	INFO	analysis2 md5sum : 64ed2f980477ef66d56db7b06ffa6ff7
2016-11-03 15:18:23	Thales.local:64838	INFO	analysis3 : /Users/gavin/DevRepos/AnalyseMutationsGenetics/results/ensembl_snps_79/A_vs_X/exon/directions/TtoA/3.json
2016-11-03 15:18:23	Thales.local:64838	INFO	analysis3 md5sum : 4117e4dafb1f9b19388884f6c1160e7b
2016-11-03 15:18:45	Thales.local:64838	INFO	analysis4 : /Users/gavin/DevRepos/AnalyseMutationsGenetics/results/ensembl_snps_79/A_vs_X/exon/directions/TtoA/4.json
2016-11-03 15:18:45	Thales.local:64838	INFO	analysis4 md5sum : a8decc21f5e22ea8a31858390c4c2eba
2016-11-03 15:18:47	Thales.local:64838	INFO	summary : /Users/gavin/DevRepos/AnalyseMutationsGenetics/results/ensembl_snps_79/A_vs_X/exon/directions/TtoA/summary.txt
2016-11-03 15:18:47	Thales.local:64838	INFO	summary md5sum : 47813e634cac1d2b79c4b3739d00c4e7
