2016-11-03 15:14:00	Thales.local:64486	INFO	system_details : system=Darwin Kernel Version 16.1.0: Thu Oct 13 21:26:57 PDT 2016; root:xnu-3789.21.3~60/RELEASE_X86_64
2016-11-03 15:14:00	Thales.local:64486	INFO	python : 3.5.1
2016-11-03 15:14:00	Thales.local:64486	INFO	user : gavin
2016-11-03 15:14:00	Thales.local:64486	INFO	command_string : /Users/gavin/miniconda2/envs/py35/bin/mutation_analysis nbr -1 ../data/ensembl_snps_79/counts/A/intron/directions/freq_All-chrom_A-GC_All-CtoG.txt -2 ../data/ensembl_snps_79/counts/X/intron/directions/freq_All-chrom_X-GC_All-CtoG.txt -o ../results/ensembl_snps_79/A_vs_X/intron/directions/CtoG
2016-11-03 15:14:00	Thales.local:64486	INFO	vars : {'countsfile': '../data/ensembl_snps_79/counts/A/intron/directions/freq_All-chrom_A-GC_All-CtoG.txt', 'dry_run': False, 'verbose': False, 'outpath': '../results/ensembl_snps_79/A_vs_X/intron/directions/CtoG', 'plot_cfg': None, 'group_label': None, 'first_order': False, 'format': 'pdf', 'countsfile2': '../data/ensembl_snps_79/counts/X/intron/directions/freq_All-chrom_X-GC_All-CtoG.txt', 'strand_symmetry': False, 'group_ref': None, 'no_type3': False}
2016-11-03 15:14:00	Thales.local:64486	INFO	countsfile1_path : /Users/gavin/DevRepos/AnalyseMutationsGenetics/data/ensembl_snps_79/counts/A/intron/directions/freq_All-chrom_A-GC_All-CtoG.txt
2016-11-03 15:14:00	Thales.local:64486	INFO	countsfile1_path md5sum : ecc07c3d5b4e5805fa2df6a1f5be02e2
2016-11-03 15:14:00	Thales.local:64486	INFO	countsfile2_path : /Users/gavin/DevRepos/AnalyseMutationsGenetics/data/ensembl_snps_79/counts/X/intron/directions/freq_All-chrom_X-GC_All-CtoG.txt
2016-11-03 15:14:00	Thales.local:64486	INFO	countsfile2_path md5sum : 8f5e25fa3ba7637afbd7635c5f0ca682
2016-11-03 15:14:00	Thales.local:64486	INFO	group_counts : /Users/gavin/DevRepos/AnalyseMutationsGenetics/results/ensembl_snps_79/A_vs_X/intron/directions/CtoG/group_counts_table.txt
2016-11-03 15:14:00	Thales.local:64486	INFO	group_counts md5sum : b4d7e3170dbf03d71007cfc3fa2ab685
2016-11-03 15:14:00	Thales.local:64486	INFO	analysis1 : /Users/gavin/DevRepos/AnalyseMutationsGenetics/results/ensembl_snps_79/A_vs_X/intron/directions/CtoG/1.json
2016-11-03 15:14:00	Thales.local:64486	INFO	analysis1 md5sum : 127446f111177d0dcd62432e42665d77
2016-11-03 15:14:00	Thales.local:64486	INFO	analysis2 : /Users/gavin/DevRepos/AnalyseMutationsGenetics/results/ensembl_snps_79/A_vs_X/intron/directions/CtoG/2.json
2016-11-03 15:14:00	Thales.local:64486	INFO	analysis2 md5sum : bf6382504afcec6cb9e8fb68803dbdc0
2016-11-03 15:14:02	Thales.local:64486	INFO	analysis3 : /Users/gavin/DevRepos/AnalyseMutationsGenetics/results/ensembl_snps_79/A_vs_X/intron/directions/CtoG/3.json
2016-11-03 15:14:02	Thales.local:64486	INFO	analysis3 md5sum : ff51455b300d4f8fb493e161daf8f365
2016-11-03 15:14:13	Thales.local:64486	INFO	analysis4 : /Users/gavin/DevRepos/AnalyseMutationsGenetics/results/ensembl_snps_79/A_vs_X/intron/directions/CtoG/4.json
2016-11-03 15:14:13	Thales.local:64486	INFO	analysis4 md5sum : 858927e2fb071d321eaba3cf4c3c9a03
2016-11-03 15:14:15	Thales.local:64486	INFO	summary : /Users/gavin/DevRepos/AnalyseMutationsGenetics/results/ensembl_snps_79/A_vs_X/intron/directions/CtoG/summary.txt
2016-11-03 15:14:15	Thales.local:64486	INFO	summary md5sum : 123720619526fc51a9c2329796d0bdc1
