2016-11-03 15:23:14	Thales.local:65118	INFO	system_details : system=Darwin Kernel Version 16.1.0: Thu Oct 13 21:26:57 PDT 2016; root:xnu-3789.21.3~60/RELEASE_X86_64
2016-11-03 15:23:14	Thales.local:65118	INFO	python : 3.5.1
2016-11-03 15:23:14	Thales.local:65118	INFO	user : gavin
2016-11-03 15:23:14	Thales.local:65118	INFO	command_string : /Users/gavin/miniconda2/envs/py35/bin/mutation_analysis nbr -1 ../data/ensembl_snps_79/counts/A/exon/directions/freq_All-chrom_A-GC_All-GtoT.txt -2 ../data/ensembl_snps_79/counts/malignant_melanoma/directions/freq_All-chrom_All-GC_All-GtoT.txt -o ../results/ensembl_snps_79/Aexon_vs_Melanoma/directions/GtoT
2016-11-03 15:23:14	Thales.local:65118	INFO	vars : {'group_ref': None, 'first_order': False, 'group_label': None, 'no_type3': False, 'strand_symmetry': False, 'plot_cfg': None, 'verbose': False, 'dry_run': False, 'countsfile2': '../data/ensembl_snps_79/counts/malignant_melanoma/directions/freq_All-chrom_All-GC_All-GtoT.txt', 'format': 'pdf', 'countsfile': '../data/ensembl_snps_79/counts/A/exon/directions/freq_All-chrom_A-GC_All-GtoT.txt', 'outpath': '../results/ensembl_snps_79/Aexon_vs_Melanoma/directions/GtoT'}
2016-11-03 15:23:14	Thales.local:65118	INFO	countsfile1_path : /Users/gavin/DevRepos/AnalyseMutationsGenetics/data/ensembl_snps_79/counts/A/exon/directions/freq_All-chrom_A-GC_All-GtoT.txt
2016-11-03 15:23:14	Thales.local:65118	INFO	countsfile1_path md5sum : 8c0079351c16700157ca0f17ec7cf523
2016-11-03 15:23:14	Thales.local:65118	INFO	countsfile2_path : /Users/gavin/DevRepos/AnalyseMutationsGenetics/data/ensembl_snps_79/counts/malignant_melanoma/directions/freq_All-chrom_All-GC_All-GtoT.txt
2016-11-03 15:23:14	Thales.local:65118	INFO	countsfile2_path md5sum : 7643012dfafa357d5d3f9d56e4fb99fc
2016-11-03 15:23:14	Thales.local:65118	INFO	group_counts : /Users/gavin/DevRepos/AnalyseMutationsGenetics/results/ensembl_snps_79/Aexon_vs_Melanoma/directions/GtoT/group_counts_table.txt
2016-11-03 15:23:14	Thales.local:65118	INFO	group_counts md5sum : 98945a92fe9c9f66b3d61d1a09645115
2016-11-03 15:23:14	Thales.local:65118	INFO	analysis1 : /Users/gavin/DevRepos/AnalyseMutationsGenetics/results/ensembl_snps_79/Aexon_vs_Melanoma/directions/GtoT/1.json
2016-11-03 15:23:14	Thales.local:65118	INFO	analysis1 md5sum : 87ec387c7e1e3bcb3d9a04977abdd8a1
2016-11-03 15:23:14	Thales.local:65118	INFO	analysis2 : /Users/gavin/DevRepos/AnalyseMutationsGenetics/results/ensembl_snps_79/Aexon_vs_Melanoma/directions/GtoT/2.json
2016-11-03 15:23:14	Thales.local:65118	INFO	analysis2 md5sum : 0de6665c57e1b92a8a6328379cb773e7
2016-11-03 15:23:16	Thales.local:65118	INFO	analysis3 : /Users/gavin/DevRepos/AnalyseMutationsGenetics/results/ensembl_snps_79/Aexon_vs_Melanoma/directions/GtoT/3.json
2016-11-03 15:23:16	Thales.local:65118	INFO	analysis3 md5sum : a626dadec18bfc60e0247f82cfe629f4
2016-11-03 15:23:30	Thales.local:65118	INFO	analysis4 : /Users/gavin/DevRepos/AnalyseMutationsGenetics/results/ensembl_snps_79/Aexon_vs_Melanoma/directions/GtoT/4.json
2016-11-03 15:23:30	Thales.local:65118	INFO	analysis4 md5sum : f54f0df9ffd29886bdfa48bbe0386739
2016-11-03 15:23:32	Thales.local:65118	INFO	summary : /Users/gavin/DevRepos/AnalyseMutationsGenetics/results/ensembl_snps_79/Aexon_vs_Melanoma/directions/GtoT/summary.txt
2016-11-03 15:23:32	Thales.local:65118	INFO	summary md5sum : e9a514b75f5d600c603aec4e36996803
