2016-11-03 14:50:40	Thales.local:62423	INFO	system_details : system=Darwin Kernel Version 16.1.0: Thu Oct 13 21:26:57 PDT 2016; root:xnu-3789.21.3~60/RELEASE_X86_64
2016-11-03 14:50:40	Thales.local:62423	INFO	python : 3.5.1
2016-11-03 14:50:40	Thales.local:62423	INFO	user : gavin
2016-11-03 14:50:40	Thales.local:62423	INFO	command_string : /Users/gavin/miniconda2/envs/py35/bin/mutation_analysis nbr -1 ../data/ensembl_snps_79/counts/A/intergenic/directions/freq_All-chrom_A-GC_All-CtoG.txt -2 ../data/ensembl_snps_79/counts/A/exon/directions/freq_All-chrom_A-GC_All-CtoG.txt -o ../results/ensembl_snps_79/A/intergenic_vs_exon/directions/CtoG
2016-11-03 14:50:40	Thales.local:62423	INFO	vars : {'countsfile2': '../data/ensembl_snps_79/counts/A/exon/directions/freq_All-chrom_A-GC_All-CtoG.txt', 'verbose': False, 'outpath': '../results/ensembl_snps_79/A/intergenic_vs_exon/directions/CtoG', 'strand_symmetry': False, 'group_ref': None, 'no_type3': False, 'group_label': None, 'plot_cfg': None, 'first_order': False, 'dry_run': False, 'countsfile': '../data/ensembl_snps_79/counts/A/intergenic/directions/freq_All-chrom_A-GC_All-CtoG.txt', 'format': 'pdf'}
2016-11-03 14:50:40	Thales.local:62423	INFO	countsfile1_path : /Users/gavin/DevRepos/AnalyseMutationsGenetics/data/ensembl_snps_79/counts/A/intergenic/directions/freq_All-chrom_A-GC_All-CtoG.txt
2016-11-03 14:50:40	Thales.local:62423	INFO	countsfile1_path md5sum : a3d5af6d278d17ba3f7ad3b5a71ba1a6
2016-11-03 14:50:40	Thales.local:62423	INFO	countsfile2_path : /Users/gavin/DevRepos/AnalyseMutationsGenetics/data/ensembl_snps_79/counts/A/exon/directions/freq_All-chrom_A-GC_All-CtoG.txt
2016-11-03 14:50:40	Thales.local:62423	INFO	countsfile2_path md5sum : 62d9818c99593171c5455e1a34aea615
2016-11-03 14:50:40	Thales.local:62423	INFO	group_counts : /Users/gavin/DevRepos/AnalyseMutationsGenetics/results/ensembl_snps_79/A/intergenic_vs_exon/directions/CtoG/group_counts_table.txt
2016-11-03 14:50:40	Thales.local:62423	INFO	group_counts md5sum : 5586dfae9d2f2c5ca7d23b6d1c946366
2016-11-03 14:50:40	Thales.local:62423	INFO	analysis1 : /Users/gavin/DevRepos/AnalyseMutationsGenetics/results/ensembl_snps_79/A/intergenic_vs_exon/directions/CtoG/1.json
2016-11-03 14:50:40	Thales.local:62423	INFO	analysis1 md5sum : 73827d0ede13a17595edc8fc7bae5d8b
2016-11-03 14:50:41	Thales.local:62423	INFO	analysis2 : /Users/gavin/DevRepos/AnalyseMutationsGenetics/results/ensembl_snps_79/A/intergenic_vs_exon/directions/CtoG/2.json
2016-11-03 14:50:41	Thales.local:62423	INFO	analysis2 md5sum : a4b35710e383de3575a8a82ce7f7012f
2016-11-03 14:50:43	Thales.local:62423	INFO	analysis3 : /Users/gavin/DevRepos/AnalyseMutationsGenetics/results/ensembl_snps_79/A/intergenic_vs_exon/directions/CtoG/3.json
2016-11-03 14:50:43	Thales.local:62423	INFO	analysis3 md5sum : 11e877e9fecb076012bb2e69c2c82f8e
2016-11-03 14:50:53	Thales.local:62423	INFO	analysis4 : /Users/gavin/DevRepos/AnalyseMutationsGenetics/results/ensembl_snps_79/A/intergenic_vs_exon/directions/CtoG/4.json
2016-11-03 14:50:53	Thales.local:62423	INFO	analysis4 md5sum : 8ec1d2ab8b7246175c21552e0845a90a
2016-11-03 14:50:58	Thales.local:62423	INFO	summary : /Users/gavin/DevRepos/AnalyseMutationsGenetics/results/ensembl_snps_79/A/intergenic_vs_exon/directions/CtoG/summary.txt
2016-11-03 14:50:58	Thales.local:62423	INFO	summary md5sum : 7d80ac87bd1d3bbb80d415faa0eb94d9
