2016-05-27 10:19:06	thales.uds.anu.edu.au:25693	INFO	system_details : system=Darwin Kernel Version 15.5.0: Tue Apr 19 18:36:36 PDT 2016; root:xnu-3248.50.21~8/RELEASE_X86_64
2016-05-27 10:19:06	thales.uds.anu.edu.au:25693	INFO	python : 2.7.10
2016-05-27 10:19:06	thales.uds.anu.edu.au:25693	INFO	user : gavin
2016-05-27 10:19:06	thales.uds.anu.edu.au:25693	INFO	command_string : /Users/gavin/.virtualenvs/trunk/bin/all_counts -F --counts_pattern=../data/ensembl_snps_79/counts/A/intergenic/directions/*.txt --output_path=../data/ensembl_snps_79/counts/A/intergenic/combined_strand_symmetric --strand_symmetric --split_dir ../data/ensembl_snps_79/counts/A/intergenic/directions_strand_symmetric
2016-05-27 10:19:06	thales.uds.anu.edu.au:25693	INFO	vars : {'strand_symmetric': True, 'counts_pattern': u'../data/ensembl_snps_79/counts/A/intergenic/directions/*.txt', 'dry_run': False, 'split_dir': u'../data/ensembl_snps_79/counts/A/intergenic/directions_strand_symmetric', 'output_path': u'../data/ensembl_snps_79/counts/A/intergenic/combined_strand_symmetric', 'force_overwrite': True}
2016-05-27 10:19:06	thales.uds.anu.edu.au:25693	INFO	count_file : /Users/gavin/DevRepos/AnalyseMutations/data/ensembl_snps_79/counts/A/intergenic/directions/freq_All-chrom_A-GC_All-AtoC.txt
2016-05-27 10:19:06	thales.uds.anu.edu.au:25693	INFO	count_file md5sum : be09f66725f7280f4d44ccc74b858d69
2016-05-27 10:19:06	thales.uds.anu.edu.au:25693	INFO	count_file : /Users/gavin/DevRepos/AnalyseMutations/data/ensembl_snps_79/counts/A/intergenic/directions/freq_All-chrom_A-GC_All-AtoG.txt
2016-05-27 10:19:06	thales.uds.anu.edu.au:25693	INFO	count_file md5sum : 30462cecb9c79612e6dc4044eaca2cee
2016-05-27 10:19:06	thales.uds.anu.edu.au:25693	INFO	count_file : /Users/gavin/DevRepos/AnalyseMutations/data/ensembl_snps_79/counts/A/intergenic/directions/freq_All-chrom_A-GC_All-AtoT.txt
2016-05-27 10:19:06	thales.uds.anu.edu.au:25693	INFO	count_file md5sum : 21c8bb81a2d4a55926a0bccefd6d08c2
2016-05-27 10:19:06	thales.uds.anu.edu.au:25693	INFO	count_file : /Users/gavin/DevRepos/AnalyseMutations/data/ensembl_snps_79/counts/A/intergenic/directions/freq_All-chrom_A-GC_All-CtoA.txt
2016-05-27 10:19:06	thales.uds.anu.edu.au:25693	INFO	count_file md5sum : 253ef825f616fe96b8aedb3386481235
2016-05-27 10:19:06	thales.uds.anu.edu.au:25693	INFO	count_file : /Users/gavin/DevRepos/AnalyseMutations/data/ensembl_snps_79/counts/A/intergenic/directions/freq_All-chrom_A-GC_All-CtoG.txt
2016-05-27 10:19:06	thales.uds.anu.edu.au:25693	INFO	count_file md5sum : a3d5af6d278d17ba3f7ad3b5a71ba1a6
2016-05-27 10:19:06	thales.uds.anu.edu.au:25693	INFO	count_file : /Users/gavin/DevRepos/AnalyseMutations/data/ensembl_snps_79/counts/A/intergenic/directions/freq_All-chrom_A-GC_All-CtoT.txt
2016-05-27 10:19:06	thales.uds.anu.edu.au:25693	INFO	count_file md5sum : 2cefe08f4167c53389abcac3b062cfc3
2016-05-27 10:19:06	thales.uds.anu.edu.au:25693	INFO	count_file : /Users/gavin/DevRepos/AnalyseMutations/data/ensembl_snps_79/counts/A/intergenic/directions/freq_All-chrom_A-GC_All-GtoA.txt
2016-05-27 10:19:06	thales.uds.anu.edu.au:25693	INFO	count_file md5sum : b3c4fa79ebc53a4147f46c0243eaf7ae
2016-05-27 10:19:06	thales.uds.anu.edu.au:25693	INFO	count_file : /Users/gavin/DevRepos/AnalyseMutations/data/ensembl_snps_79/counts/A/intergenic/directions/freq_All-chrom_A-GC_All-GtoC.txt
2016-05-27 10:19:06	thales.uds.anu.edu.au:25693	INFO	count_file md5sum : 32f381056c623607d0d3520af3cff49c
2016-05-27 10:19:06	thales.uds.anu.edu.au:25693	INFO	count_file : /Users/gavin/DevRepos/AnalyseMutations/data/ensembl_snps_79/counts/A/intergenic/directions/freq_All-chrom_A-GC_All-GtoT.txt
2016-05-27 10:19:06	thales.uds.anu.edu.au:25693	INFO	count_file md5sum : 90baffdc1fd042d67ba88238b5d86e97
2016-05-27 10:19:06	thales.uds.anu.edu.au:25693	INFO	count_file : /Users/gavin/DevRepos/AnalyseMutations/data/ensembl_snps_79/counts/A/intergenic/directions/freq_All-chrom_A-GC_All-TtoA.txt
2016-05-27 10:19:06	thales.uds.anu.edu.au:25693	INFO	count_file md5sum : d36bf22a2bd48db9313060b29dc58171
2016-05-27 10:19:06	thales.uds.anu.edu.au:25693	INFO	count_file : /Users/gavin/DevRepos/AnalyseMutations/data/ensembl_snps_79/counts/A/intergenic/directions/freq_All-chrom_A-GC_All-TtoC.txt
2016-05-27 10:19:06	thales.uds.anu.edu.au:25693	INFO	count_file md5sum : 07579bb5f4696a70bc52092527afc0b9
2016-05-27 10:19:06	thales.uds.anu.edu.au:25693	INFO	count_file : /Users/gavin/DevRepos/AnalyseMutations/data/ensembl_snps_79/counts/A/intergenic/directions/freq_All-chrom_A-GC_All-TtoG.txt
2016-05-27 10:19:06	thales.uds.anu.edu.au:25693	INFO	count_file md5sum : c9008eba528b2aa53a6de53e0451bd06
2016-05-27 10:19:07	thales.uds.anu.edu.au:25693	INFO	output_file_path : /Users/gavin/DevRepos/AnalyseMutations/data/ensembl_snps_79/counts/A/intergenic/combined_strand_symmetric/combined_counts.txt
2016-05-27 10:19:07	thales.uds.anu.edu.au:25693	INFO	output_file_path md5sum : a5da147c214fde6575ed530f6e41c7dd
2016-05-27 10:19:07	thales.uds.anu.edu.au:25693	INFO	output_file_path : /Users/gavin/DevRepos/AnalyseMutations/data/ensembl_snps_79/counts/A/intergenic/directions_strand_symmetric/freq_All-chrom_A-GC_All-CtoG.txt
2016-05-27 10:19:07	thales.uds.anu.edu.au:25693	INFO	output_file_path md5sum : 9793b2218c6d32b62bfcd2cc196a49ef
2016-05-27 10:19:07	thales.uds.anu.edu.au:25693	INFO	output_file_path : /Users/gavin/DevRepos/AnalyseMutations/data/ensembl_snps_79/counts/A/intergenic/directions_strand_symmetric/freq_All-chrom_A-GC_All-CtoA.txt
2016-05-27 10:19:07	thales.uds.anu.edu.au:25693	INFO	output_file_path md5sum : 986a261c733a718e7c72d6a198389c5f
2016-05-27 10:19:07	thales.uds.anu.edu.au:25693	INFO	output_file_path : /Users/gavin/DevRepos/AnalyseMutations/data/ensembl_snps_79/counts/A/intergenic/directions_strand_symmetric/freq_All-chrom_A-GC_All-AtoT.txt
2016-05-27 10:19:07	thales.uds.anu.edu.au:25693	INFO	output_file_path md5sum : 53cf8719580a0f5ccb93ade43c607449
2016-05-27 10:19:07	thales.uds.anu.edu.au:25693	INFO	output_file_path : /Users/gavin/DevRepos/AnalyseMutations/data/ensembl_snps_79/counts/A/intergenic/directions_strand_symmetric/freq_All-chrom_A-GC_All-CtoT.txt
2016-05-27 10:19:07	thales.uds.anu.edu.au:25693	INFO	output_file_path md5sum : 69d246a0f09cfb3cbb0bc588d304f392
2016-05-27 10:19:07	thales.uds.anu.edu.au:25693	INFO	output_file_path : /Users/gavin/DevRepos/AnalyseMutations/data/ensembl_snps_79/counts/A/intergenic/directions_strand_symmetric/freq_All-chrom_A-GC_All-AtoC.txt
2016-05-27 10:19:07	thales.uds.anu.edu.au:25693	INFO	output_file_path md5sum : 31fd9c602cd97d61bcefcd019ec42cec
2016-05-27 10:19:07	thales.uds.anu.edu.au:25693	INFO	output_file_path : /Users/gavin/DevRepos/AnalyseMutations/data/ensembl_snps_79/counts/A/intergenic/directions_strand_symmetric/freq_All-chrom_A-GC_All-AtoG.txt
2016-05-27 10:19:07	thales.uds.anu.edu.au:25693	INFO	output_file_path md5sum : 465b4e4e5a93587191cdade9df534d21
2016-05-27 10:19:07	thales.uds.anu.edu.au:25693	INFO	run duration (minutes) : 0.02
