2016-11-03 15:12:13	Thales.local:64375	INFO	system_details : system=Darwin Kernel Version 16.1.0: Thu Oct 13 21:26:57 PDT 2016; root:xnu-3789.21.3~60/RELEASE_X86_64
2016-11-03 15:12:13	Thales.local:64375	INFO	python : 3.5.1
2016-11-03 15:12:13	Thales.local:64375	INFO	user : gavin
2016-11-03 15:12:13	Thales.local:64375	INFO	command_string : /Users/gavin/miniconda2/envs/py35/bin/mutation_analysis nbr -1 ../data/ensembl_snps_79/counts/A/intron/directions/freq_All-chrom_A-GC_All-AtoT.txt -2 ../data/ensembl_snps_79/counts/X/intron/directions/freq_All-chrom_X-GC_All-AtoT.txt -o ../results/ensembl_snps_79/A_vs_X/intron/directions/AtoT
2016-11-03 15:12:13	Thales.local:64375	INFO	vars : {'plot_cfg': None, 'strand_symmetry': False, 'countsfile': '../data/ensembl_snps_79/counts/A/intron/directions/freq_All-chrom_A-GC_All-AtoT.txt', 'outpath': '../results/ensembl_snps_79/A_vs_X/intron/directions/AtoT', 'countsfile2': '../data/ensembl_snps_79/counts/X/intron/directions/freq_All-chrom_X-GC_All-AtoT.txt', 'group_ref': None, 'first_order': False, 'format': 'pdf', 'verbose': False, 'no_type3': False, 'dry_run': False, 'group_label': None}
2016-11-03 15:12:13	Thales.local:64375	INFO	countsfile1_path : /Users/gavin/DevRepos/AnalyseMutationsGenetics/data/ensembl_snps_79/counts/A/intron/directions/freq_All-chrom_A-GC_All-AtoT.txt
2016-11-03 15:12:13	Thales.local:64375	INFO	countsfile1_path md5sum : e4d38603940a167f7feb61270ca36c24
2016-11-03 15:12:13	Thales.local:64375	INFO	countsfile2_path : /Users/gavin/DevRepos/AnalyseMutationsGenetics/data/ensembl_snps_79/counts/X/intron/directions/freq_All-chrom_X-GC_All-AtoT.txt
2016-11-03 15:12:13	Thales.local:64375	INFO	countsfile2_path md5sum : fbb8ba6137117d4d3a27d2983753ac6a
2016-11-03 15:12:13	Thales.local:64375	INFO	group_counts : /Users/gavin/DevRepos/AnalyseMutationsGenetics/results/ensembl_snps_79/A_vs_X/intron/directions/AtoT/group_counts_table.txt
2016-11-03 15:12:13	Thales.local:64375	INFO	group_counts md5sum : c7c617fc24ab22a2c32b41ebf22c4ee5
2016-11-03 15:12:13	Thales.local:64375	INFO	analysis1 : /Users/gavin/DevRepos/AnalyseMutationsGenetics/results/ensembl_snps_79/A_vs_X/intron/directions/AtoT/1.json
2016-11-03 15:12:13	Thales.local:64375	INFO	analysis1 md5sum : 9da4578ae34e01131e52028d6d785a8a
2016-11-03 15:12:14	Thales.local:64375	INFO	analysis2 : /Users/gavin/DevRepos/AnalyseMutationsGenetics/results/ensembl_snps_79/A_vs_X/intron/directions/AtoT/2.json
2016-11-03 15:12:14	Thales.local:64375	INFO	analysis2 md5sum : 4e910128f4cb6645f5d98c331af07564
2016-11-03 15:12:15	Thales.local:64375	INFO	analysis3 : /Users/gavin/DevRepos/AnalyseMutationsGenetics/results/ensembl_snps_79/A_vs_X/intron/directions/AtoT/3.json
2016-11-03 15:12:15	Thales.local:64375	INFO	analysis3 md5sum : fa1cb035986e8cde092a23139ab60c5d
2016-11-03 15:12:27	Thales.local:64375	INFO	analysis4 : /Users/gavin/DevRepos/AnalyseMutationsGenetics/results/ensembl_snps_79/A_vs_X/intron/directions/AtoT/4.json
2016-11-03 15:12:27	Thales.local:64375	INFO	analysis4 md5sum : 88d4948d53e8a6ec5079e3a3357b9808
2016-11-03 15:12:29	Thales.local:64375	INFO	summary : /Users/gavin/DevRepos/AnalyseMutationsGenetics/results/ensembl_snps_79/A_vs_X/intron/directions/AtoT/summary.txt
2016-11-03 15:12:29	Thales.local:64375	INFO	summary md5sum : 43fcc37f63ffc2840109ba7757d2e31a
