2016-11-03 15:23:34	Thales.local:65136	INFO	system_details : system=Darwin Kernel Version 16.1.0: Thu Oct 13 21:26:57 PDT 2016; root:xnu-3789.21.3~60/RELEASE_X86_64
2016-11-03 15:23:34	Thales.local:65136	INFO	python : 3.5.1
2016-11-03 15:23:34	Thales.local:65136	INFO	user : gavin
2016-11-03 15:23:34	Thales.local:65136	INFO	command_string : /Users/gavin/miniconda2/envs/py35/bin/mutation_analysis nbr -1 ../data/ensembl_snps_79/counts/A/exon/directions/freq_All-chrom_A-GC_All-TtoA.txt -2 ../data/ensembl_snps_79/counts/malignant_melanoma/directions/freq_All-chrom_All-GC_All-TtoA.txt -o ../results/ensembl_snps_79/Aexon_vs_Melanoma/directions/TtoA
2016-11-03 15:23:34	Thales.local:65136	INFO	vars : {'group_label': None, 'strand_symmetry': False, 'first_order': False, 'dry_run': False, 'outpath': '../results/ensembl_snps_79/Aexon_vs_Melanoma/directions/TtoA', 'countsfile2': '../data/ensembl_snps_79/counts/malignant_melanoma/directions/freq_All-chrom_All-GC_All-TtoA.txt', 'verbose': False, 'countsfile': '../data/ensembl_snps_79/counts/A/exon/directions/freq_All-chrom_A-GC_All-TtoA.txt', 'group_ref': None, 'no_type3': False, 'format': 'pdf', 'plot_cfg': None}
2016-11-03 15:23:34	Thales.local:65136	INFO	countsfile1_path : /Users/gavin/DevRepos/AnalyseMutationsGenetics/data/ensembl_snps_79/counts/A/exon/directions/freq_All-chrom_A-GC_All-TtoA.txt
2016-11-03 15:23:34	Thales.local:65136	INFO	countsfile1_path md5sum : a591a3402230e5660eab46ce8d1f92e9
2016-11-03 15:23:34	Thales.local:65136	INFO	countsfile2_path : /Users/gavin/DevRepos/AnalyseMutationsGenetics/data/ensembl_snps_79/counts/malignant_melanoma/directions/freq_All-chrom_All-GC_All-TtoA.txt
2016-11-03 15:23:34	Thales.local:65136	INFO	countsfile2_path md5sum : 2d17ad4842498829f3c50f68412f3858
2016-11-03 15:23:34	Thales.local:65136	INFO	group_counts : /Users/gavin/DevRepos/AnalyseMutationsGenetics/results/ensembl_snps_79/Aexon_vs_Melanoma/directions/TtoA/group_counts_table.txt
2016-11-03 15:23:34	Thales.local:65136	INFO	group_counts md5sum : 985734216a8145a46c9ca7ca0c8fcef9
2016-11-03 15:23:34	Thales.local:65136	INFO	analysis1 : /Users/gavin/DevRepos/AnalyseMutationsGenetics/results/ensembl_snps_79/Aexon_vs_Melanoma/directions/TtoA/1.json
2016-11-03 15:23:34	Thales.local:65136	INFO	analysis1 md5sum : 5f3e3135a53b7ed37d9ec1fb9ab952ef
2016-11-03 15:23:35	Thales.local:65136	INFO	analysis2 : /Users/gavin/DevRepos/AnalyseMutationsGenetics/results/ensembl_snps_79/Aexon_vs_Melanoma/directions/TtoA/2.json
2016-11-03 15:23:35	Thales.local:65136	INFO	analysis2 md5sum : bfaeff777874e5713324d27ddf291fee
2016-11-03 15:23:36	Thales.local:65136	INFO	analysis3 : /Users/gavin/DevRepos/AnalyseMutationsGenetics/results/ensembl_snps_79/Aexon_vs_Melanoma/directions/TtoA/3.json
2016-11-03 15:23:36	Thales.local:65136	INFO	analysis3 md5sum : 3d34eb099839afc4212963d275881a34
2016-11-03 15:23:51	Thales.local:65136	INFO	analysis4 : /Users/gavin/DevRepos/AnalyseMutationsGenetics/results/ensembl_snps_79/Aexon_vs_Melanoma/directions/TtoA/4.json
2016-11-03 15:23:51	Thales.local:65136	INFO	analysis4 md5sum : b647acb52b50309ac47d637a6932f64e
2016-11-03 15:23:53	Thales.local:65136	INFO	summary : /Users/gavin/DevRepos/AnalyseMutationsGenetics/results/ensembl_snps_79/Aexon_vs_Melanoma/directions/TtoA/summary.txt
2016-11-03 15:23:53	Thales.local:65136	INFO	summary md5sum : d538d723d51629660dadecb1b31df5b7
