2016-05-27 14:04:41	thales.uds.anu.edu.au:31685	INFO	system_details : system=Darwin Kernel Version 15.5.0: Tue Apr 19 18:36:36 PDT 2016; root:xnu-3248.50.21~8/RELEASE_X86_64
2016-05-27 14:04:41	thales.uds.anu.edu.au:31685	INFO	python : 2.7.10
2016-05-27 14:04:41	thales.uds.anu.edu.au:31685	INFO	user : gavin
2016-05-27 14:04:41	thales.uds.anu.edu.au:31685	INFO	command_string : /Users/gavin/.virtualenvs/trunk/bin/mutation_analysis -1 ../data/ensembl_snps_79/counts/A/intron/directions/freq_All-chrom_A-GC_All-GtoT.txt -2 ../data/ensembl_snps_79/counts/X/intron/directions/freq_All-chrom_X-GC_All-GtoT.txt -o ../results/ensembl_snps_79/A_vs_X/intron/directions/GtoT nbr
2016-05-27 14:04:41	thales.uds.anu.edu.au:31685	INFO	vars : {'verbose': False, 'dry_run': False, 'format': 'pdf', 'group_ref': None, 'first_order': False, 'group_label': None, 'strand_symmetry': False, 'plot_cfg': None, 'force_overwrite': False, 'cfg_context': <mutation_motif.mutation_analysis.Config object at 0x10bcee2d0>, 'outpath': u'../results/ensembl_snps_79/A_vs_X/intron/directions/GtoT', 'countsfile2': u'../data/ensembl_snps_79/counts/X/intron/directions/freq_All-chrom_X-GC_All-GtoT.txt', 'countsfile': u'../data/ensembl_snps_79/counts/A/intron/directions/freq_All-chrom_A-GC_All-GtoT.txt'}
2016-05-27 14:04:41	thales.uds.anu.edu.au:31685	INFO	countsfile1_path : /Users/gavin/DevRepos/AnalyseMutations/data/ensembl_snps_79/counts/A/intron/directions/freq_All-chrom_A-GC_All-GtoT.txt
2016-05-27 14:04:41	thales.uds.anu.edu.au:31685	INFO	countsfile1_path md5sum : abbba02b723530a17ca32ba67dccd1f0
2016-05-27 14:04:41	thales.uds.anu.edu.au:31685	INFO	countsfile2_path : /Users/gavin/DevRepos/AnalyseMutations/data/ensembl_snps_79/counts/X/intron/directions/freq_All-chrom_X-GC_All-GtoT.txt
2016-05-27 14:04:41	thales.uds.anu.edu.au:31685	INFO	countsfile2_path md5sum : 039b8a5ce8c1149383f62ec12e018bbd
2016-05-27 14:04:41	thales.uds.anu.edu.au:31685	INFO	group_counts : /Users/gavin/DevRepos/AnalyseMutations/results/ensembl_snps_79/A_vs_X/intron/directions/GtoT/group_counts_table.txt
2016-05-27 14:04:41	thales.uds.anu.edu.au:31685	INFO	group_counts md5sum : 5d42140657567defe88d4f98f036e504
2016-05-27 14:04:41	thales.uds.anu.edu.au:31685	INFO	analysis1 : /Users/gavin/DevRepos/AnalyseMutations/results/ensembl_snps_79/A_vs_X/intron/directions/GtoT/1.json
2016-05-27 14:04:41	thales.uds.anu.edu.au:31685	INFO	analysis1 md5sum : 18ccd889a8fd55c5a2d0a587e83e18d0
2016-05-27 14:04:42	thales.uds.anu.edu.au:31685	INFO	analysis2 : /Users/gavin/DevRepos/AnalyseMutations/results/ensembl_snps_79/A_vs_X/intron/directions/GtoT/2.json
2016-05-27 14:04:42	thales.uds.anu.edu.au:31685	INFO	analysis2 md5sum : bdfa5856255a309021fcffaae9381621
2016-05-27 14:04:43	thales.uds.anu.edu.au:31685	INFO	analysis3 : /Users/gavin/DevRepos/AnalyseMutations/results/ensembl_snps_79/A_vs_X/intron/directions/GtoT/3.json
2016-05-27 14:04:43	thales.uds.anu.edu.au:31685	INFO	analysis3 md5sum : 57b0abba6ffecd1bc9788089dd65d5b0
2016-05-27 14:04:55	thales.uds.anu.edu.au:31685	INFO	analysis4 : /Users/gavin/DevRepos/AnalyseMutations/results/ensembl_snps_79/A_vs_X/intron/directions/GtoT/4.json
2016-05-27 14:04:55	thales.uds.anu.edu.au:31685	INFO	analysis4 md5sum : dc7148cf68dccc0541d42f520c493549
2016-05-27 14:04:58	thales.uds.anu.edu.au:31685	INFO	summary : /Users/gavin/DevRepos/AnalyseMutations/results/ensembl_snps_79/A_vs_X/intron/directions/GtoT/summary.txt
2016-05-27 14:04:58	thales.uds.anu.edu.au:31685	INFO	summary md5sum : fedef5e70d57dc1cff1fc92ca9249785
