2016-11-03 15:15:40	Thales.local:64621	INFO	system_details : system=Darwin Kernel Version 16.1.0: Thu Oct 13 21:26:57 PDT 2016; root:xnu-3789.21.3~60/RELEASE_X86_64
2016-11-03 15:15:40	Thales.local:64621	INFO	python : 3.5.1
2016-11-03 15:15:40	Thales.local:64621	INFO	user : gavin
2016-11-03 15:15:40	Thales.local:64621	INFO	command_string : /Users/gavin/miniconda2/envs/py35/bin/mutation_analysis nbr -1 ../data/ensembl_snps_79/counts/A/intergenic/directions/freq_All-chrom_A-GC_All-GtoC.txt -2 ../data/ensembl_snps_79/counts/X/intergenic/directions/freq_All-chrom_X-GC_All-GtoC.txt -o ../results/ensembl_snps_79/A_vs_X/intergenic/directions/GtoC
2016-11-03 15:15:40	Thales.local:64621	INFO	vars : {'group_ref': None, 'no_type3': False, 'group_label': None, 'plot_cfg': None, 'format': 'pdf', 'countsfile': '../data/ensembl_snps_79/counts/A/intergenic/directions/freq_All-chrom_A-GC_All-GtoC.txt', 'countsfile2': '../data/ensembl_snps_79/counts/X/intergenic/directions/freq_All-chrom_X-GC_All-GtoC.txt', 'dry_run': False, 'strand_symmetry': False, 'verbose': False, 'outpath': '../results/ensembl_snps_79/A_vs_X/intergenic/directions/GtoC', 'first_order': False}
2016-11-03 15:15:40	Thales.local:64621	INFO	countsfile1_path : /Users/gavin/DevRepos/AnalyseMutationsGenetics/data/ensembl_snps_79/counts/A/intergenic/directions/freq_All-chrom_A-GC_All-GtoC.txt
2016-11-03 15:15:40	Thales.local:64621	INFO	countsfile1_path md5sum : 32f381056c623607d0d3520af3cff49c
2016-11-03 15:15:40	Thales.local:64621	INFO	countsfile2_path : /Users/gavin/DevRepos/AnalyseMutationsGenetics/data/ensembl_snps_79/counts/X/intergenic/directions/freq_All-chrom_X-GC_All-GtoC.txt
2016-11-03 15:15:40	Thales.local:64621	INFO	countsfile2_path md5sum : 04e2004eee0e4a349e0cf5e1f2785386
2016-11-03 15:15:40	Thales.local:64621	INFO	group_counts : /Users/gavin/DevRepos/AnalyseMutationsGenetics/results/ensembl_snps_79/A_vs_X/intergenic/directions/GtoC/group_counts_table.txt
2016-11-03 15:15:40	Thales.local:64621	INFO	group_counts md5sum : 89f917781239f58a8a78271a1ef15f71
2016-11-03 15:15:40	Thales.local:64621	INFO	analysis1 : /Users/gavin/DevRepos/AnalyseMutationsGenetics/results/ensembl_snps_79/A_vs_X/intergenic/directions/GtoC/1.json
2016-11-03 15:15:40	Thales.local:64621	INFO	analysis1 md5sum : 9fe414851a48d6c71ab56206f34c204d
2016-11-03 15:15:40	Thales.local:64621	INFO	analysis2 : /Users/gavin/DevRepos/AnalyseMutationsGenetics/results/ensembl_snps_79/A_vs_X/intergenic/directions/GtoC/2.json
2016-11-03 15:15:40	Thales.local:64621	INFO	analysis2 md5sum : ebdfdfb84060b5ef31fea5292b03e4fc
2016-11-03 15:15:42	Thales.local:64621	INFO	analysis3 : /Users/gavin/DevRepos/AnalyseMutationsGenetics/results/ensembl_snps_79/A_vs_X/intergenic/directions/GtoC/3.json
2016-11-03 15:15:42	Thales.local:64621	INFO	analysis3 md5sum : 209525582b2c967e798820efe72bb0f5
2016-11-03 15:15:57	Thales.local:64621	INFO	analysis4 : /Users/gavin/DevRepos/AnalyseMutationsGenetics/results/ensembl_snps_79/A_vs_X/intergenic/directions/GtoC/4.json
2016-11-03 15:15:57	Thales.local:64621	INFO	analysis4 md5sum : a1d47c6b12b2bf3945bf9a60eb471b79
2016-11-03 15:15:59	Thales.local:64621	INFO	summary : /Users/gavin/DevRepos/AnalyseMutationsGenetics/results/ensembl_snps_79/A_vs_X/intergenic/directions/GtoC/summary.txt
2016-11-03 15:15:59	Thales.local:64621	INFO	summary md5sum : 6460a7b3565db3b46df2fc7b424c5f61
