2016-11-03 14:53:43	Thales.local:62765	INFO	system_details : system=Darwin Kernel Version 16.1.0: Thu Oct 13 21:26:57 PDT 2016; root:xnu-3789.21.3~60/RELEASE_X86_64
2016-11-03 14:53:43	Thales.local:62765	INFO	python : 3.5.1
2016-11-03 14:53:43	Thales.local:62765	INFO	user : gavin
2016-11-03 14:53:43	Thales.local:62765	INFO	command_string : /Users/gavin/miniconda2/envs/py35/bin/mutation_analysis nbr -1 ../data/ensembl_snps_79/counts/A/intron/directions/freq_All-chrom_A-GC_All-AtoG.txt -2 ../data/ensembl_snps_79/counts/A/exon/directions/freq_All-chrom_A-GC_All-AtoG.txt -o ../results/ensembl_snps_79/A/intron_vs_exon/directions/AtoG
2016-11-03 14:53:43	Thales.local:62765	INFO	vars : {'no_type3': False, 'strand_symmetry': False, 'countsfile': '../data/ensembl_snps_79/counts/A/intron/directions/freq_All-chrom_A-GC_All-AtoG.txt', 'countsfile2': '../data/ensembl_snps_79/counts/A/exon/directions/freq_All-chrom_A-GC_All-AtoG.txt', 'first_order': False, 'group_ref': None, 'format': 'pdf', 'verbose': False, 'plot_cfg': None, 'outpath': '../results/ensembl_snps_79/A/intron_vs_exon/directions/AtoG', 'dry_run': False, 'group_label': None}
2016-11-03 14:53:43	Thales.local:62765	INFO	countsfile1_path : /Users/gavin/DevRepos/AnalyseMutationsGenetics/data/ensembl_snps_79/counts/A/intron/directions/freq_All-chrom_A-GC_All-AtoG.txt
2016-11-03 14:53:43	Thales.local:62765	INFO	countsfile1_path md5sum : 400c655c6df0aa97829aae45d835b594
2016-11-03 14:53:43	Thales.local:62765	INFO	countsfile2_path : /Users/gavin/DevRepos/AnalyseMutationsGenetics/data/ensembl_snps_79/counts/A/exon/directions/freq_All-chrom_A-GC_All-AtoG.txt
2016-11-03 14:53:43	Thales.local:62765	INFO	countsfile2_path md5sum : 8622eb9bc65f6509665fb13d8594705a
2016-11-03 14:53:43	Thales.local:62765	INFO	group_counts : /Users/gavin/DevRepos/AnalyseMutationsGenetics/results/ensembl_snps_79/A/intron_vs_exon/directions/AtoG/group_counts_table.txt
2016-11-03 14:53:43	Thales.local:62765	INFO	group_counts md5sum : 7fb9b70ca027995c5d7216f93ddf95a4
2016-11-03 14:53:43	Thales.local:62765	INFO	analysis1 : /Users/gavin/DevRepos/AnalyseMutationsGenetics/results/ensembl_snps_79/A/intron_vs_exon/directions/AtoG/1.json
2016-11-03 14:53:43	Thales.local:62765	INFO	analysis1 md5sum : db8c1d9b266586e1f01e93777c597b84
2016-11-03 14:53:44	Thales.local:62765	INFO	analysis2 : /Users/gavin/DevRepos/AnalyseMutationsGenetics/results/ensembl_snps_79/A/intron_vs_exon/directions/AtoG/2.json
2016-11-03 14:53:44	Thales.local:62765	INFO	analysis2 md5sum : a1cadc8d2b8faf71560daf67a19ad4da
2016-11-03 14:53:47	Thales.local:62765	INFO	analysis3 : /Users/gavin/DevRepos/AnalyseMutationsGenetics/results/ensembl_snps_79/A/intron_vs_exon/directions/AtoG/3.json
2016-11-03 14:53:47	Thales.local:62765	INFO	analysis3 md5sum : 7e4ca9413a68eb5e5092035f9aeaaa97
2016-11-03 14:53:58	Thales.local:62765	INFO	analysis4 : /Users/gavin/DevRepos/AnalyseMutationsGenetics/results/ensembl_snps_79/A/intron_vs_exon/directions/AtoG/4.json
2016-11-03 14:53:58	Thales.local:62765	INFO	analysis4 md5sum : 9dc410b5cd521f8f2818477248fdd653
2016-11-03 14:54:02	Thales.local:62765	INFO	summary : /Users/gavin/DevRepos/AnalyseMutationsGenetics/results/ensembl_snps_79/A/intron_vs_exon/directions/AtoG/summary.txt
2016-11-03 14:54:02	Thales.local:62765	INFO	summary md5sum : 5ed28b7896bcce4bb4da31124459495a
