2016-11-03 14:45:34	Thales.local:61703	INFO	system_details : system=Darwin Kernel Version 16.1.0: Thu Oct 13 21:26:57 PDT 2016; root:xnu-3789.21.3~60/RELEASE_X86_64
2016-11-03 14:45:34	Thales.local:61703	INFO	python : 3.5.1
2016-11-03 14:45:34	Thales.local:61703	INFO	user : gavin
2016-11-03 14:45:34	Thales.local:61703	INFO	command_string : /Users/gavin/miniconda2/envs/py35/bin/mutation_analysis nbr -1 ../data/ensembl_snps_79/counts/A/intergenic/directions/freq_All-chrom_A-GC_All-AtoC.txt -2 ../data/ensembl_snps_79/counts/A/intron/directions/freq_All-chrom_A-GC_All-AtoC.txt -o ../results/ensembl_snps_79/A/intergenic_vs_intron/directions/AtoC
2016-11-03 14:45:34	Thales.local:61703	INFO	vars : {'countsfile': '../data/ensembl_snps_79/counts/A/intergenic/directions/freq_All-chrom_A-GC_All-AtoC.txt', 'format': 'pdf', 'dry_run': False, 'first_order': False, 'strand_symmetry': False, 'countsfile2': '../data/ensembl_snps_79/counts/A/intron/directions/freq_All-chrom_A-GC_All-AtoC.txt', 'group_ref': None, 'plot_cfg': None, 'outpath': '../results/ensembl_snps_79/A/intergenic_vs_intron/directions/AtoC', 'no_type3': False, 'group_label': None, 'verbose': False}
2016-11-03 14:45:34	Thales.local:61703	INFO	countsfile1_path : /Users/gavin/DevRepos/AnalyseMutationsGenetics/data/ensembl_snps_79/counts/A/intergenic/directions/freq_All-chrom_A-GC_All-AtoC.txt
2016-11-03 14:45:34	Thales.local:61703	INFO	countsfile1_path md5sum : be09f66725f7280f4d44ccc74b858d69
2016-11-03 14:45:34	Thales.local:61703	INFO	countsfile2_path : /Users/gavin/DevRepos/AnalyseMutationsGenetics/data/ensembl_snps_79/counts/A/intron/directions/freq_All-chrom_A-GC_All-AtoC.txt
2016-11-03 14:45:34	Thales.local:61703	INFO	countsfile2_path md5sum : 23d29e9d66916c235278a87d7359b767
2016-11-03 14:45:34	Thales.local:61703	INFO	group_counts : /Users/gavin/DevRepos/AnalyseMutationsGenetics/results/ensembl_snps_79/A/intergenic_vs_intron/directions/AtoC/group_counts_table.txt
2016-11-03 14:45:34	Thales.local:61703	INFO	group_counts md5sum : 58bae9e96d3265a394b79378d13591fb
2016-11-03 14:45:34	Thales.local:61703	INFO	analysis1 : /Users/gavin/DevRepos/AnalyseMutationsGenetics/results/ensembl_snps_79/A/intergenic_vs_intron/directions/AtoC/1.json
2016-11-03 14:45:34	Thales.local:61703	INFO	analysis1 md5sum : f0ef1b31c9566733a03836015742ec1b
2016-11-03 14:45:35	Thales.local:61703	INFO	analysis2 : /Users/gavin/DevRepos/AnalyseMutationsGenetics/results/ensembl_snps_79/A/intergenic_vs_intron/directions/AtoC/2.json
2016-11-03 14:45:35	Thales.local:61703	INFO	analysis2 md5sum : 3e753931d89ecaea20379f38e8fbae7a
2016-11-03 14:45:38	Thales.local:61703	INFO	analysis3 : /Users/gavin/DevRepos/AnalyseMutationsGenetics/results/ensembl_snps_79/A/intergenic_vs_intron/directions/AtoC/3.json
2016-11-03 14:45:38	Thales.local:61703	INFO	analysis3 md5sum : 985775e3f1a6ab8abd9ce7d8a00560fe
2016-11-03 14:45:46	Thales.local:61703	INFO	analysis4 : /Users/gavin/DevRepos/AnalyseMutationsGenetics/results/ensembl_snps_79/A/intergenic_vs_intron/directions/AtoC/4.json
2016-11-03 14:45:46	Thales.local:61703	INFO	analysis4 md5sum : 7cbe1201ab8c1cdd4f6f753b53d71a1c
2016-11-03 14:45:52	Thales.local:61703	INFO	summary : /Users/gavin/DevRepos/AnalyseMutationsGenetics/results/ensembl_snps_79/A/intergenic_vs_intron/directions/AtoC/summary.txt
2016-11-03 14:45:52	Thales.local:61703	INFO	summary md5sum : 83668d97e635cbec33d6e72d94adcdfc
