2016-05-27 10:19:14	thales.uds.anu.edu.au:25757	INFO	system_details : system=Darwin Kernel Version 15.5.0: Tue Apr 19 18:36:36 PDT 2016; root:xnu-3248.50.21~8/RELEASE_X86_64
2016-05-27 10:19:14	thales.uds.anu.edu.au:25757	INFO	python : 2.7.10
2016-05-27 10:19:14	thales.uds.anu.edu.au:25757	INFO	user : gavin
2016-05-27 10:19:14	thales.uds.anu.edu.au:25757	INFO	command_string : /Users/gavin/.virtualenvs/trunk/bin/all_counts -F --counts_pattern=../data/ensembl_snps_79/counts/X/intergenic/directions/*.txt --output_path=../data/ensembl_snps_79/counts/X/intergenic/combined_strand_symmetric --strand_symmetric --split_dir ../data/ensembl_snps_79/counts/X/intergenic/directions_strand_symmetric
2016-05-27 10:19:14	thales.uds.anu.edu.au:25757	INFO	vars : {'strand_symmetric': True, 'counts_pattern': u'../data/ensembl_snps_79/counts/X/intergenic/directions/*.txt', 'dry_run': False, 'split_dir': u'../data/ensembl_snps_79/counts/X/intergenic/directions_strand_symmetric', 'output_path': u'../data/ensembl_snps_79/counts/X/intergenic/combined_strand_symmetric', 'force_overwrite': True}
2016-05-27 10:19:14	thales.uds.anu.edu.au:25757	INFO	count_file : /Users/gavin/DevRepos/AnalyseMutations/data/ensembl_snps_79/counts/X/intergenic/directions/freq_All-chrom_X-GC_All-AtoC.txt
2016-05-27 10:19:14	thales.uds.anu.edu.au:25757	INFO	count_file md5sum : 9052d63def594d1277f7c5da5fc112e5
2016-05-27 10:19:14	thales.uds.anu.edu.au:25757	INFO	count_file : /Users/gavin/DevRepos/AnalyseMutations/data/ensembl_snps_79/counts/X/intergenic/directions/freq_All-chrom_X-GC_All-AtoG.txt
2016-05-27 10:19:14	thales.uds.anu.edu.au:25757	INFO	count_file md5sum : 1d64df00ada4afbcce1a16a25e5dd3cb
2016-05-27 10:19:14	thales.uds.anu.edu.au:25757	INFO	count_file : /Users/gavin/DevRepos/AnalyseMutations/data/ensembl_snps_79/counts/X/intergenic/directions/freq_All-chrom_X-GC_All-AtoT.txt
2016-05-27 10:19:14	thales.uds.anu.edu.au:25757	INFO	count_file md5sum : d9a2319b3e687afdad2ccc0a6b5ce4a3
2016-05-27 10:19:14	thales.uds.anu.edu.au:25757	INFO	count_file : /Users/gavin/DevRepos/AnalyseMutations/data/ensembl_snps_79/counts/X/intergenic/directions/freq_All-chrom_X-GC_All-CtoA.txt
2016-05-27 10:19:14	thales.uds.anu.edu.au:25757	INFO	count_file md5sum : f1b0ab105f0342ff42781138ced8b65b
2016-05-27 10:19:14	thales.uds.anu.edu.au:25757	INFO	count_file : /Users/gavin/DevRepos/AnalyseMutations/data/ensembl_snps_79/counts/X/intergenic/directions/freq_All-chrom_X-GC_All-CtoG.txt
2016-05-27 10:19:14	thales.uds.anu.edu.au:25757	INFO	count_file md5sum : 0e0cfb65a6a3d32868a0535eaec6a12e
2016-05-27 10:19:14	thales.uds.anu.edu.au:25757	INFO	count_file : /Users/gavin/DevRepos/AnalyseMutations/data/ensembl_snps_79/counts/X/intergenic/directions/freq_All-chrom_X-GC_All-CtoT.txt
2016-05-27 10:19:14	thales.uds.anu.edu.au:25757	INFO	count_file md5sum : f1f2c6ce4303056184ccdc25f7bcbd7f
2016-05-27 10:19:14	thales.uds.anu.edu.au:25757	INFO	count_file : /Users/gavin/DevRepos/AnalyseMutations/data/ensembl_snps_79/counts/X/intergenic/directions/freq_All-chrom_X-GC_All-GtoA.txt
2016-05-27 10:19:14	thales.uds.anu.edu.au:25757	INFO	count_file md5sum : 623905df754997e10d8eca3957e40398
2016-05-27 10:19:14	thales.uds.anu.edu.au:25757	INFO	count_file : /Users/gavin/DevRepos/AnalyseMutations/data/ensembl_snps_79/counts/X/intergenic/directions/freq_All-chrom_X-GC_All-GtoC.txt
2016-05-27 10:19:14	thales.uds.anu.edu.au:25757	INFO	count_file md5sum : 04e2004eee0e4a349e0cf5e1f2785386
2016-05-27 10:19:14	thales.uds.anu.edu.au:25757	INFO	count_file : /Users/gavin/DevRepos/AnalyseMutations/data/ensembl_snps_79/counts/X/intergenic/directions/freq_All-chrom_X-GC_All-GtoT.txt
2016-05-27 10:19:14	thales.uds.anu.edu.au:25757	INFO	count_file md5sum : d7e79cec598c95af9d3ecf01742d6412
2016-05-27 10:19:14	thales.uds.anu.edu.au:25757	INFO	count_file : /Users/gavin/DevRepos/AnalyseMutations/data/ensembl_snps_79/counts/X/intergenic/directions/freq_All-chrom_X-GC_All-TtoA.txt
2016-05-27 10:19:14	thales.uds.anu.edu.au:25757	INFO	count_file md5sum : 9d6bdd69a74d0c33c3c57c9890cbc79c
2016-05-27 10:19:14	thales.uds.anu.edu.au:25757	INFO	count_file : /Users/gavin/DevRepos/AnalyseMutations/data/ensembl_snps_79/counts/X/intergenic/directions/freq_All-chrom_X-GC_All-TtoC.txt
2016-05-27 10:19:14	thales.uds.anu.edu.au:25757	INFO	count_file md5sum : 271b9247f125d2f10ed0087b79ddeb2b
2016-05-27 10:19:14	thales.uds.anu.edu.au:25757	INFO	count_file : /Users/gavin/DevRepos/AnalyseMutations/data/ensembl_snps_79/counts/X/intergenic/directions/freq_All-chrom_X-GC_All-TtoG.txt
2016-05-27 10:19:14	thales.uds.anu.edu.au:25757	INFO	count_file md5sum : 9589d983226fbfe74d965fc0a55f8712
2016-05-27 10:19:15	thales.uds.anu.edu.au:25757	INFO	output_file_path : /Users/gavin/DevRepos/AnalyseMutations/data/ensembl_snps_79/counts/X/intergenic/combined_strand_symmetric/combined_counts.txt
2016-05-27 10:19:15	thales.uds.anu.edu.au:25757	INFO	output_file_path md5sum : 493e33e9cf0ee71ab331bc99a4e2e2e9
2016-05-27 10:19:15	thales.uds.anu.edu.au:25757	INFO	output_file_path : /Users/gavin/DevRepos/AnalyseMutations/data/ensembl_snps_79/counts/X/intergenic/directions_strand_symmetric/freq_All-chrom_X-GC_All-CtoG.txt
2016-05-27 10:19:15	thales.uds.anu.edu.au:25757	INFO	output_file_path md5sum : 66f6787a521ec09df1aa76d05eb06325
2016-05-27 10:19:15	thales.uds.anu.edu.au:25757	INFO	output_file_path : /Users/gavin/DevRepos/AnalyseMutations/data/ensembl_snps_79/counts/X/intergenic/directions_strand_symmetric/freq_All-chrom_X-GC_All-CtoA.txt
2016-05-27 10:19:15	thales.uds.anu.edu.au:25757	INFO	output_file_path md5sum : e30873c2c97d61259e07e4a8ef6b807f
2016-05-27 10:19:15	thales.uds.anu.edu.au:25757	INFO	output_file_path : /Users/gavin/DevRepos/AnalyseMutations/data/ensembl_snps_79/counts/X/intergenic/directions_strand_symmetric/freq_All-chrom_X-GC_All-AtoT.txt
2016-05-27 10:19:15	thales.uds.anu.edu.au:25757	INFO	output_file_path md5sum : 7f1e67350dcc00787814aa78ca8ac6a1
2016-05-27 10:19:15	thales.uds.anu.edu.au:25757	INFO	output_file_path : /Users/gavin/DevRepos/AnalyseMutations/data/ensembl_snps_79/counts/X/intergenic/directions_strand_symmetric/freq_All-chrom_X-GC_All-CtoT.txt
2016-05-27 10:19:15	thales.uds.anu.edu.au:25757	INFO	output_file_path md5sum : 8d0f826e7f94cb32ca9f254d020a1ba7
2016-05-27 10:19:15	thales.uds.anu.edu.au:25757	INFO	output_file_path : /Users/gavin/DevRepos/AnalyseMutations/data/ensembl_snps_79/counts/X/intergenic/directions_strand_symmetric/freq_All-chrom_X-GC_All-AtoC.txt
2016-05-27 10:19:15	thales.uds.anu.edu.au:25757	INFO	output_file_path md5sum : bbe9a1f245b67c483963d3a45f259ba6
2016-05-27 10:19:15	thales.uds.anu.edu.au:25757	INFO	output_file_path : /Users/gavin/DevRepos/AnalyseMutations/data/ensembl_snps_79/counts/X/intergenic/directions_strand_symmetric/freq_All-chrom_X-GC_All-AtoG.txt
2016-05-27 10:19:15	thales.uds.anu.edu.au:25757	INFO	output_file_path md5sum : f0d8a7fbf0a7c6f1a461965b9cbde051
2016-05-27 10:19:15	thales.uds.anu.edu.au:25757	INFO	run duration (minutes) : 0.02
