2016-05-27 10:19:08	thales.uds.anu.edu.au:25705	INFO	system_details : system=Darwin Kernel Version 15.5.0: Tue Apr 19 18:36:36 PDT 2016; root:xnu-3248.50.21~8/RELEASE_X86_64
2016-05-27 10:19:08	thales.uds.anu.edu.au:25705	INFO	python : 2.7.10
2016-05-27 10:19:08	thales.uds.anu.edu.au:25705	INFO	user : gavin
2016-05-27 10:19:08	thales.uds.anu.edu.au:25705	INFO	command_string : /Users/gavin/.virtualenvs/trunk/bin/all_counts -F --counts_pattern=../data/ensembl_snps_79/counts/A/intron/directions/*.txt --output_path=../data/ensembl_snps_79/counts/A/intron/combined
2016-05-27 10:19:08	thales.uds.anu.edu.au:25705	INFO	vars : {'strand_symmetric': False, 'counts_pattern': u'../data/ensembl_snps_79/counts/A/intron/directions/*.txt', 'dry_run': False, 'split_dir': None, 'output_path': u'../data/ensembl_snps_79/counts/A/intron/combined', 'force_overwrite': True}
2016-05-27 10:19:08	thales.uds.anu.edu.au:25705	INFO	count_file : /Users/gavin/DevRepos/AnalyseMutations/data/ensembl_snps_79/counts/A/intron/directions/freq_All-chrom_A-GC_All-AtoC.txt
2016-05-27 10:19:08	thales.uds.anu.edu.au:25705	INFO	count_file md5sum : 23d29e9d66916c235278a87d7359b767
2016-05-27 10:19:08	thales.uds.anu.edu.au:25705	INFO	count_file : /Users/gavin/DevRepos/AnalyseMutations/data/ensembl_snps_79/counts/A/intron/directions/freq_All-chrom_A-GC_All-AtoG.txt
2016-05-27 10:19:08	thales.uds.anu.edu.au:25705	INFO	count_file md5sum : 400c655c6df0aa97829aae45d835b594
2016-05-27 10:19:08	thales.uds.anu.edu.au:25705	INFO	count_file : /Users/gavin/DevRepos/AnalyseMutations/data/ensembl_snps_79/counts/A/intron/directions/freq_All-chrom_A-GC_All-AtoT.txt
2016-05-27 10:19:08	thales.uds.anu.edu.au:25705	INFO	count_file md5sum : e4d38603940a167f7feb61270ca36c24
2016-05-27 10:19:08	thales.uds.anu.edu.au:25705	INFO	count_file : /Users/gavin/DevRepos/AnalyseMutations/data/ensembl_snps_79/counts/A/intron/directions/freq_All-chrom_A-GC_All-CtoA.txt
2016-05-27 10:19:08	thales.uds.anu.edu.au:25705	INFO	count_file md5sum : ea337d230bd63c7ec8c34397274a34fe
2016-05-27 10:19:08	thales.uds.anu.edu.au:25705	INFO	count_file : /Users/gavin/DevRepos/AnalyseMutations/data/ensembl_snps_79/counts/A/intron/directions/freq_All-chrom_A-GC_All-CtoG.txt
2016-05-27 10:19:08	thales.uds.anu.edu.au:25705	INFO	count_file md5sum : ecc07c3d5b4e5805fa2df6a1f5be02e2
2016-05-27 10:19:08	thales.uds.anu.edu.au:25705	INFO	count_file : /Users/gavin/DevRepos/AnalyseMutations/data/ensembl_snps_79/counts/A/intron/directions/freq_All-chrom_A-GC_All-CtoT.txt
2016-05-27 10:19:08	thales.uds.anu.edu.au:25705	INFO	count_file md5sum : 87d880937ebf1905a535bf720c35a518
2016-05-27 10:19:08	thales.uds.anu.edu.au:25705	INFO	count_file : /Users/gavin/DevRepos/AnalyseMutations/data/ensembl_snps_79/counts/A/intron/directions/freq_All-chrom_A-GC_All-GtoA.txt
2016-05-27 10:19:08	thales.uds.anu.edu.au:25705	INFO	count_file md5sum : 8d638663ceafa094ad54d2b612d63fc9
2016-05-27 10:19:08	thales.uds.anu.edu.au:25705	INFO	count_file : /Users/gavin/DevRepos/AnalyseMutations/data/ensembl_snps_79/counts/A/intron/directions/freq_All-chrom_A-GC_All-GtoC.txt
2016-05-27 10:19:08	thales.uds.anu.edu.au:25705	INFO	count_file md5sum : 793da192b8b0f52b0847b7252d133728
2016-05-27 10:19:08	thales.uds.anu.edu.au:25705	INFO	count_file : /Users/gavin/DevRepos/AnalyseMutations/data/ensembl_snps_79/counts/A/intron/directions/freq_All-chrom_A-GC_All-GtoT.txt
2016-05-27 10:19:08	thales.uds.anu.edu.au:25705	INFO	count_file md5sum : abbba02b723530a17ca32ba67dccd1f0
2016-05-27 10:19:08	thales.uds.anu.edu.au:25705	INFO	count_file : /Users/gavin/DevRepos/AnalyseMutations/data/ensembl_snps_79/counts/A/intron/directions/freq_All-chrom_A-GC_All-TtoA.txt
2016-05-27 10:19:08	thales.uds.anu.edu.au:25705	INFO	count_file md5sum : ac1a60439bb0f867a2ee69b1b9c28f7b
2016-05-27 10:19:08	thales.uds.anu.edu.au:25705	INFO	count_file : /Users/gavin/DevRepos/AnalyseMutations/data/ensembl_snps_79/counts/A/intron/directions/freq_All-chrom_A-GC_All-TtoC.txt
2016-05-27 10:19:08	thales.uds.anu.edu.au:25705	INFO	count_file md5sum : 6d8a9fe2d9882bfeeee1f031ab34e609
2016-05-27 10:19:08	thales.uds.anu.edu.au:25705	INFO	count_file : /Users/gavin/DevRepos/AnalyseMutations/data/ensembl_snps_79/counts/A/intron/directions/freq_All-chrom_A-GC_All-TtoG.txt
2016-05-27 10:19:08	thales.uds.anu.edu.au:25705	INFO	count_file md5sum : 64f66a4ecd373de04cd0b5dadb8fc54a
2016-05-27 10:19:08	thales.uds.anu.edu.au:25705	INFO	output_file_path : /Users/gavin/DevRepos/AnalyseMutations/data/ensembl_snps_79/counts/A/intron/combined/combined_counts.txt
2016-05-27 10:19:08	thales.uds.anu.edu.au:25705	INFO	output_file_path md5sum : 6711b868673088e6064ced82af4fe4fe
2016-05-27 10:19:08	thales.uds.anu.edu.au:25705	INFO	run duration (minutes) : 0.00
