2016-11-03 15:18:49	Thales.local:64865	INFO	system_details : system=Darwin Kernel Version 16.1.0: Thu Oct 13 21:26:57 PDT 2016; root:xnu-3789.21.3~60/RELEASE_X86_64
2016-11-03 15:18:49	Thales.local:64865	INFO	python : 3.5.1
2016-11-03 15:18:49	Thales.local:64865	INFO	user : gavin
2016-11-03 15:18:49	Thales.local:64865	INFO	command_string : /Users/gavin/miniconda2/envs/py35/bin/mutation_analysis nbr -1 ../data/ensembl_snps_79/counts/A/intergenic/directions/freq_All-chrom_A-GC_All-TtoC.txt -2 ../data/ensembl_snps_79/counts/X/intergenic/directions/freq_All-chrom_X-GC_All-TtoC.txt -o ../results/ensembl_snps_79/A_vs_X/intergenic/directions/TtoC
2016-11-03 15:18:49	Thales.local:64865	INFO	vars : {'countsfile2': '../data/ensembl_snps_79/counts/X/intergenic/directions/freq_All-chrom_X-GC_All-TtoC.txt', 'first_order': False, 'verbose': False, 'dry_run': False, 'group_label': None, 'countsfile': '../data/ensembl_snps_79/counts/A/intergenic/directions/freq_All-chrom_A-GC_All-TtoC.txt', 'strand_symmetry': False, 'no_type3': False, 'outpath': '../results/ensembl_snps_79/A_vs_X/intergenic/directions/TtoC', 'group_ref': None, 'format': 'pdf', 'plot_cfg': None}
2016-11-03 15:18:49	Thales.local:64865	INFO	countsfile1_path : /Users/gavin/DevRepos/AnalyseMutationsGenetics/data/ensembl_snps_79/counts/A/intergenic/directions/freq_All-chrom_A-GC_All-TtoC.txt
2016-11-03 15:18:49	Thales.local:64865	INFO	countsfile1_path md5sum : 07579bb5f4696a70bc52092527afc0b9
2016-11-03 15:18:49	Thales.local:64865	INFO	countsfile2_path : /Users/gavin/DevRepos/AnalyseMutationsGenetics/data/ensembl_snps_79/counts/X/intergenic/directions/freq_All-chrom_X-GC_All-TtoC.txt
2016-11-03 15:18:49	Thales.local:64865	INFO	countsfile2_path md5sum : 271b9247f125d2f10ed0087b79ddeb2b
2016-11-03 15:18:49	Thales.local:64865	INFO	group_counts : /Users/gavin/DevRepos/AnalyseMutationsGenetics/results/ensembl_snps_79/A_vs_X/intergenic/directions/TtoC/group_counts_table.txt
2016-11-03 15:18:49	Thales.local:64865	INFO	group_counts md5sum : 5cf50907509a2e5b593e36e6e838a020
2016-11-03 15:18:49	Thales.local:64865	INFO	analysis1 : /Users/gavin/DevRepos/AnalyseMutationsGenetics/results/ensembl_snps_79/A_vs_X/intergenic/directions/TtoC/1.json
2016-11-03 15:18:49	Thales.local:64865	INFO	analysis1 md5sum : 3fef3e2f09806a49d0acc7626ae058d2
2016-11-03 15:18:50	Thales.local:64865	INFO	analysis2 : /Users/gavin/DevRepos/AnalyseMutationsGenetics/results/ensembl_snps_79/A_vs_X/intergenic/directions/TtoC/2.json
2016-11-03 15:18:50	Thales.local:64865	INFO	analysis2 md5sum : c36dbda2deebd1041a9dadbebd191419
2016-11-03 15:18:51	Thales.local:64865	INFO	analysis3 : /Users/gavin/DevRepos/AnalyseMutationsGenetics/results/ensembl_snps_79/A_vs_X/intergenic/directions/TtoC/3.json
2016-11-03 15:18:51	Thales.local:64865	INFO	analysis3 md5sum : c75ac5600864a1d50490911b21b1d08f
2016-11-03 15:19:04	Thales.local:64865	INFO	analysis4 : /Users/gavin/DevRepos/AnalyseMutationsGenetics/results/ensembl_snps_79/A_vs_X/intergenic/directions/TtoC/4.json
2016-11-03 15:19:04	Thales.local:64865	INFO	analysis4 md5sum : 9e533a2eea9b70cccb267de64db7f0af
2016-11-03 15:19:07	Thales.local:64865	INFO	summary : /Users/gavin/DevRepos/AnalyseMutationsGenetics/results/ensembl_snps_79/A_vs_X/intergenic/directions/TtoC/summary.txt
2016-11-03 15:19:07	Thales.local:64865	INFO	summary md5sum : 29b39ba204b4d855c63e9ffd2abcb037
