2016-05-27 13:45:01	thales.uds.anu.edu.au:30442	INFO	system_details : system=Darwin Kernel Version 15.5.0: Tue Apr 19 18:36:36 PDT 2016; root:xnu-3248.50.21~8/RELEASE_X86_64
2016-05-27 13:45:01	thales.uds.anu.edu.au:30442	INFO	python : 2.7.10
2016-05-27 13:45:01	thales.uds.anu.edu.au:30442	INFO	user : gavin
2016-05-27 13:45:01	thales.uds.anu.edu.au:30442	INFO	command_string : /Users/gavin/.virtualenvs/trunk/bin/mutation_analysis -1 ../data/ensembl_snps_79/counts/A/intergenic/directions/freq_All-chrom_A-GC_All-GtoT.txt -2 ../data/ensembl_snps_79/counts/A/exon/directions/freq_All-chrom_A-GC_All-GtoT.txt -o ../results/ensembl_snps_79/A/intergenic_vs_exon/directions/GtoT nbr
2016-05-27 13:45:01	thales.uds.anu.edu.au:30442	INFO	vars : {'verbose': False, 'dry_run': False, 'format': 'pdf', 'group_ref': None, 'first_order': False, 'group_label': None, 'strand_symmetry': False, 'plot_cfg': None, 'force_overwrite': False, 'cfg_context': <mutation_motif.mutation_analysis.Config object at 0x10bda42d0>, 'outpath': u'../results/ensembl_snps_79/A/intergenic_vs_exon/directions/GtoT', 'countsfile2': u'../data/ensembl_snps_79/counts/A/exon/directions/freq_All-chrom_A-GC_All-GtoT.txt', 'countsfile': u'../data/ensembl_snps_79/counts/A/intergenic/directions/freq_All-chrom_A-GC_All-GtoT.txt'}
2016-05-27 13:45:01	thales.uds.anu.edu.au:30442	INFO	countsfile1_path : /Users/gavin/DevRepos/AnalyseMutations/data/ensembl_snps_79/counts/A/intergenic/directions/freq_All-chrom_A-GC_All-GtoT.txt
2016-05-27 13:45:01	thales.uds.anu.edu.au:30442	INFO	countsfile1_path md5sum : 90baffdc1fd042d67ba88238b5d86e97
2016-05-27 13:45:01	thales.uds.anu.edu.au:30442	INFO	countsfile2_path : /Users/gavin/DevRepos/AnalyseMutations/data/ensembl_snps_79/counts/A/exon/directions/freq_All-chrom_A-GC_All-GtoT.txt
2016-05-27 13:45:01	thales.uds.anu.edu.au:30442	INFO	countsfile2_path md5sum : 8c0079351c16700157ca0f17ec7cf523
2016-05-27 13:45:01	thales.uds.anu.edu.au:30442	INFO	group_counts : /Users/gavin/DevRepos/AnalyseMutations/results/ensembl_snps_79/A/intergenic_vs_exon/directions/GtoT/group_counts_table.txt
2016-05-27 13:45:01	thales.uds.anu.edu.au:30442	INFO	group_counts md5sum : 828d1474bb92f0dc6afef9dc9f0c2556
2016-05-27 13:45:01	thales.uds.anu.edu.au:30442	INFO	analysis1 : /Users/gavin/DevRepos/AnalyseMutations/results/ensembl_snps_79/A/intergenic_vs_exon/directions/GtoT/1.json
2016-05-27 13:45:01	thales.uds.anu.edu.au:30442	INFO	analysis1 md5sum : d3c4421eaad2e188cc6b480cce5df83e
2016-05-27 13:45:01	thales.uds.anu.edu.au:30442	INFO	analysis2 : /Users/gavin/DevRepos/AnalyseMutations/results/ensembl_snps_79/A/intergenic_vs_exon/directions/GtoT/2.json
2016-05-27 13:45:01	thales.uds.anu.edu.au:30442	INFO	analysis2 md5sum : 830252dc1b5ec100b2793884f710aaed
2016-05-27 13:45:03	thales.uds.anu.edu.au:30442	INFO	analysis3 : /Users/gavin/DevRepos/AnalyseMutations/results/ensembl_snps_79/A/intergenic_vs_exon/directions/GtoT/3.json
2016-05-27 13:45:03	thales.uds.anu.edu.au:30442	INFO	analysis3 md5sum : d8fe191b022f3c6273ee757120c93edc
2016-05-27 13:45:08	thales.uds.anu.edu.au:30442	INFO	analysis4 : /Users/gavin/DevRepos/AnalyseMutations/results/ensembl_snps_79/A/intergenic_vs_exon/directions/GtoT/4.json
2016-05-27 13:45:08	thales.uds.anu.edu.au:30442	INFO	analysis4 md5sum : a4719d716291da03b313e97d50d94f8c
2016-05-27 13:45:12	thales.uds.anu.edu.au:30442	INFO	summary : /Users/gavin/DevRepos/AnalyseMutations/results/ensembl_snps_79/A/intergenic_vs_exon/directions/GtoT/summary.txt
2016-05-27 13:45:12	thales.uds.anu.edu.au:30442	INFO	summary md5sum : 76e405f1f40e1e465e7446095c0fdba7
