2016-05-28 11:40:45	Thales.local:46219	INFO	system_details : system=Darwin Kernel Version 15.5.0: Tue Apr 19 18:36:36 PDT 2016; root:xnu-3248.50.21~8/RELEASE_X86_64
2016-05-28 11:40:45	Thales.local:46219	INFO	python : 2.7.10
2016-05-28 11:40:45	Thales.local:46219	INFO	user : gavin
2016-05-28 11:40:45	Thales.local:46219	INFO	command_string : /Users/gavin/.virtualenvs/trunk/bin/mutation_analysis -1 ../data/ensembl_snps_79/counts/A/intergenic/directions/freq_All-chrom_A-GC_All-CtoA.txt -2 ../data/ensembl_snps_79/counts/A/intron/directions/freq_All-chrom_A-GC_All-CtoA.txt -o ../results/ensembl_snps_79/A/intergenic_vs_intron/directions/CtoA nbr
2016-05-28 11:40:45	Thales.local:46219	INFO	vars : {'verbose': False, 'dry_run': False, 'format': 'pdf', 'group_ref': None, 'first_order': False, 'group_label': None, 'strand_symmetry': False, 'plot_cfg': None, 'force_overwrite': False, 'cfg_context': <mutation_motif.mutation_analysis.Config object at 0x114db9210>, 'outpath': u'../results/ensembl_snps_79/A/intergenic_vs_intron/directions/CtoA', 'countsfile2': u'../data/ensembl_snps_79/counts/A/intron/directions/freq_All-chrom_A-GC_All-CtoA.txt', 'countsfile': u'../data/ensembl_snps_79/counts/A/intergenic/directions/freq_All-chrom_A-GC_All-CtoA.txt'}
2016-05-28 11:40:45	Thales.local:46219	INFO	countsfile1_path : /Users/gavin/DevRepos/AnalyseMutations/data/ensembl_snps_79/counts/A/intergenic/directions/freq_All-chrom_A-GC_All-CtoA.txt
2016-05-28 11:40:45	Thales.local:46219	INFO	countsfile1_path md5sum : 253ef825f616fe96b8aedb3386481235
2016-05-28 11:40:45	Thales.local:46219	INFO	countsfile2_path : /Users/gavin/DevRepos/AnalyseMutations/data/ensembl_snps_79/counts/A/intron/directions/freq_All-chrom_A-GC_All-CtoA.txt
2016-05-28 11:40:45	Thales.local:46219	INFO	countsfile2_path md5sum : ea337d230bd63c7ec8c34397274a34fe
2016-05-28 11:40:45	Thales.local:46219	INFO	group_counts : /Users/gavin/DevRepos/AnalyseMutations/results/ensembl_snps_79/A/intergenic_vs_intron/directions/CtoA/group_counts_table.txt
2016-05-28 11:40:45	Thales.local:46219	INFO	group_counts md5sum : f54d535c7fa707fbe425dc92052d84d4
2016-05-28 11:40:45	Thales.local:46219	INFO	analysis1 : /Users/gavin/DevRepos/AnalyseMutations/results/ensembl_snps_79/A/intergenic_vs_intron/directions/CtoA/1.json
2016-05-28 11:40:45	Thales.local:46219	INFO	analysis1 md5sum : 0913a6a8542271b3c71af88956944359
2016-05-28 11:40:46	Thales.local:46219	INFO	analysis2 : /Users/gavin/DevRepos/AnalyseMutations/results/ensembl_snps_79/A/intergenic_vs_intron/directions/CtoA/2.json
2016-05-28 11:40:46	Thales.local:46219	INFO	analysis2 md5sum : 8d9758e2f005218bd6bc4ffe3c06ddab
2016-05-28 11:40:48	Thales.local:46219	INFO	analysis3 : /Users/gavin/DevRepos/AnalyseMutations/results/ensembl_snps_79/A/intergenic_vs_intron/directions/CtoA/3.json
2016-05-28 11:40:48	Thales.local:46219	INFO	analysis3 md5sum : e13452f79663246cfc73248d95bc7948
2016-05-28 11:40:54	Thales.local:46219	INFO	analysis4 : /Users/gavin/DevRepos/AnalyseMutations/results/ensembl_snps_79/A/intergenic_vs_intron/directions/CtoA/4.json
2016-05-28 11:40:54	Thales.local:46219	INFO	analysis4 md5sum : e7531a67b5982bb105025ce70812c6f4
2016-05-28 11:40:58	Thales.local:46219	INFO	summary : /Users/gavin/DevRepos/AnalyseMutations/results/ensembl_snps_79/A/intergenic_vs_intron/directions/CtoA/summary.txt
2016-05-28 11:40:58	Thales.local:46219	INFO	summary md5sum : 2d290ae57385469e8bdc342676e131a6
