2016-11-03 14:49:44	Thales.local:62324	INFO	system_details : system=Darwin Kernel Version 16.1.0: Thu Oct 13 21:26:57 PDT 2016; root:xnu-3789.21.3~60/RELEASE_X86_64
2016-11-03 14:49:44	Thales.local:62324	INFO	python : 3.5.1
2016-11-03 14:49:44	Thales.local:62324	INFO	user : gavin
2016-11-03 14:49:44	Thales.local:62324	INFO	command_string : /Users/gavin/miniconda2/envs/py35/bin/mutation_analysis nbr -1 ../data/ensembl_snps_79/counts/A/intergenic/directions/freq_All-chrom_A-GC_All-AtoG.txt -2 ../data/ensembl_snps_79/counts/A/exon/directions/freq_All-chrom_A-GC_All-AtoG.txt -o ../results/ensembl_snps_79/A/intergenic_vs_exon/directions/AtoG
2016-11-03 14:49:44	Thales.local:62324	INFO	vars : {'countsfile': '../data/ensembl_snps_79/counts/A/intergenic/directions/freq_All-chrom_A-GC_All-AtoG.txt', 'verbose': False, 'first_order': False, 'group_ref': None, 'no_type3': False, 'format': 'pdf', 'group_label': None, 'countsfile2': '../data/ensembl_snps_79/counts/A/exon/directions/freq_All-chrom_A-GC_All-AtoG.txt', 'dry_run': False, 'plot_cfg': None, 'outpath': '../results/ensembl_snps_79/A/intergenic_vs_exon/directions/AtoG', 'strand_symmetry': False}
2016-11-03 14:49:44	Thales.local:62324	INFO	countsfile1_path : /Users/gavin/DevRepos/AnalyseMutationsGenetics/data/ensembl_snps_79/counts/A/intergenic/directions/freq_All-chrom_A-GC_All-AtoG.txt
2016-11-03 14:49:44	Thales.local:62324	INFO	countsfile1_path md5sum : 30462cecb9c79612e6dc4044eaca2cee
2016-11-03 14:49:44	Thales.local:62324	INFO	countsfile2_path : /Users/gavin/DevRepos/AnalyseMutationsGenetics/data/ensembl_snps_79/counts/A/exon/directions/freq_All-chrom_A-GC_All-AtoG.txt
2016-11-03 14:49:44	Thales.local:62324	INFO	countsfile2_path md5sum : 8622eb9bc65f6509665fb13d8594705a
2016-11-03 14:49:44	Thales.local:62324	INFO	group_counts : /Users/gavin/DevRepos/AnalyseMutationsGenetics/results/ensembl_snps_79/A/intergenic_vs_exon/directions/AtoG/group_counts_table.txt
2016-11-03 14:49:44	Thales.local:62324	INFO	group_counts md5sum : df0d2f36d8cb55b1762db8bf35aa8029
2016-11-03 14:49:44	Thales.local:62324	INFO	analysis1 : /Users/gavin/DevRepos/AnalyseMutationsGenetics/results/ensembl_snps_79/A/intergenic_vs_exon/directions/AtoG/1.json
2016-11-03 14:49:44	Thales.local:62324	INFO	analysis1 md5sum : cac8c07fededb20787b8ade371a431d7
2016-11-03 14:49:45	Thales.local:62324	INFO	analysis2 : /Users/gavin/DevRepos/AnalyseMutationsGenetics/results/ensembl_snps_79/A/intergenic_vs_exon/directions/AtoG/2.json
2016-11-03 14:49:45	Thales.local:62324	INFO	analysis2 md5sum : c1618ccf00774c41c989c5552440b097
2016-11-03 14:49:48	Thales.local:62324	INFO	analysis3 : /Users/gavin/DevRepos/AnalyseMutationsGenetics/results/ensembl_snps_79/A/intergenic_vs_exon/directions/AtoG/3.json
2016-11-03 14:49:48	Thales.local:62324	INFO	analysis3 md5sum : 3c2c1faff2db54f6a10b1ca2c7b70843
2016-11-03 14:49:58	Thales.local:62324	INFO	analysis4 : /Users/gavin/DevRepos/AnalyseMutationsGenetics/results/ensembl_snps_79/A/intergenic_vs_exon/directions/AtoG/4.json
2016-11-03 14:49:58	Thales.local:62324	INFO	analysis4 md5sum : 7ef97b8982d8cad51e4ca85210b0e4af
2016-11-03 14:50:01	Thales.local:62324	INFO	summary : /Users/gavin/DevRepos/AnalyseMutationsGenetics/results/ensembl_snps_79/A/intergenic_vs_exon/directions/AtoG/summary.txt
2016-11-03 14:50:01	Thales.local:62324	INFO	summary md5sum : 3205c56cae4af164217eef1e1495e438
