2016-11-03 14:51:22	Thales.local:62501	INFO	system_details : system=Darwin Kernel Version 16.1.0: Thu Oct 13 21:26:57 PDT 2016; root:xnu-3789.21.3~60/RELEASE_X86_64
2016-11-03 14:51:22	Thales.local:62501	INFO	python : 3.5.1
2016-11-03 14:51:22	Thales.local:62501	INFO	user : gavin
2016-11-03 14:51:22	Thales.local:62501	INFO	command_string : /Users/gavin/miniconda2/envs/py35/bin/mutation_analysis nbr -1 ../data/ensembl_snps_79/counts/A/intergenic/directions/freq_All-chrom_A-GC_All-GtoA.txt -2 ../data/ensembl_snps_79/counts/A/exon/directions/freq_All-chrom_A-GC_All-GtoA.txt -o ../results/ensembl_snps_79/A/intergenic_vs_exon/directions/GtoA
2016-11-03 14:51:22	Thales.local:62501	INFO	vars : {'first_order': False, 'plot_cfg': None, 'outpath': '../results/ensembl_snps_79/A/intergenic_vs_exon/directions/GtoA', 'strand_symmetry': False, 'no_type3': False, 'dry_run': False, 'countsfile': '../data/ensembl_snps_79/counts/A/intergenic/directions/freq_All-chrom_A-GC_All-GtoA.txt', 'group_label': None, 'format': 'pdf', 'group_ref': None, 'countsfile2': '../data/ensembl_snps_79/counts/A/exon/directions/freq_All-chrom_A-GC_All-GtoA.txt', 'verbose': False}
2016-11-03 14:51:22	Thales.local:62501	INFO	countsfile1_path : /Users/gavin/DevRepos/AnalyseMutationsGenetics/data/ensembl_snps_79/counts/A/intergenic/directions/freq_All-chrom_A-GC_All-GtoA.txt
2016-11-03 14:51:22	Thales.local:62501	INFO	countsfile1_path md5sum : b3c4fa79ebc53a4147f46c0243eaf7ae
2016-11-03 14:51:22	Thales.local:62501	INFO	countsfile2_path : /Users/gavin/DevRepos/AnalyseMutationsGenetics/data/ensembl_snps_79/counts/A/exon/directions/freq_All-chrom_A-GC_All-GtoA.txt
2016-11-03 14:51:22	Thales.local:62501	INFO	countsfile2_path md5sum : 13d8b38673995c344dbc5a00a2c9e4ac
2016-11-03 14:51:22	Thales.local:62501	INFO	group_counts : /Users/gavin/DevRepos/AnalyseMutationsGenetics/results/ensembl_snps_79/A/intergenic_vs_exon/directions/GtoA/group_counts_table.txt
2016-11-03 14:51:22	Thales.local:62501	INFO	group_counts md5sum : 2bb0da9a154b33762d754933a4fc1693
2016-11-03 14:51:23	Thales.local:62501	INFO	analysis1 : /Users/gavin/DevRepos/AnalyseMutationsGenetics/results/ensembl_snps_79/A/intergenic_vs_exon/directions/GtoA/1.json
2016-11-03 14:51:23	Thales.local:62501	INFO	analysis1 md5sum : 6090029bf91a53c01e05fd1944c579d3
2016-11-03 14:51:23	Thales.local:62501	INFO	analysis2 : /Users/gavin/DevRepos/AnalyseMutationsGenetics/results/ensembl_snps_79/A/intergenic_vs_exon/directions/GtoA/2.json
2016-11-03 14:51:23	Thales.local:62501	INFO	analysis2 md5sum : 857344b5183195b4f489e9391871ee4f
2016-11-03 14:51:27	Thales.local:62501	INFO	analysis3 : /Users/gavin/DevRepos/AnalyseMutationsGenetics/results/ensembl_snps_79/A/intergenic_vs_exon/directions/GtoA/3.json
2016-11-03 14:51:27	Thales.local:62501	INFO	analysis3 md5sum : 735ee3015e1527b328d43bcaeff7a513
2016-11-03 14:51:33	Thales.local:62501	INFO	analysis4 : /Users/gavin/DevRepos/AnalyseMutationsGenetics/results/ensembl_snps_79/A/intergenic_vs_exon/directions/GtoA/4.json
2016-11-03 14:51:33	Thales.local:62501	INFO	analysis4 md5sum : 801624ff60b25f51287ca61a785267e8
2016-11-03 14:51:38	Thales.local:62501	INFO	summary : /Users/gavin/DevRepos/AnalyseMutationsGenetics/results/ensembl_snps_79/A/intergenic_vs_exon/directions/GtoA/summary.txt
2016-11-03 14:51:38	Thales.local:62501	INFO	summary md5sum : 0df1c2336d1caebb064bf9aee82a9434
