2016-11-03 14:47:58	Thales.local:62141	INFO	system_details : system=Darwin Kernel Version 16.1.0: Thu Oct 13 21:26:57 PDT 2016; root:xnu-3789.21.3~60/RELEASE_X86_64
2016-11-03 14:47:58	Thales.local:62141	INFO	python : 3.5.1
2016-11-03 14:47:58	Thales.local:62141	INFO	user : gavin
2016-11-03 14:47:58	Thales.local:62141	INFO	command_string : /Users/gavin/miniconda2/envs/py35/bin/mutation_analysis nbr -1 ../data/ensembl_snps_79/counts/A/intergenic/directions/freq_All-chrom_A-GC_All-GtoT.txt -2 ../data/ensembl_snps_79/counts/A/intron/directions/freq_All-chrom_A-GC_All-GtoT.txt -o ../results/ensembl_snps_79/A/intergenic_vs_intron/directions/GtoT
2016-11-03 14:47:58	Thales.local:62141	INFO	vars : {'dry_run': False, 'countsfile': '../data/ensembl_snps_79/counts/A/intergenic/directions/freq_All-chrom_A-GC_All-GtoT.txt', 'strand_symmetry': False, 'first_order': False, 'group_ref': None, 'group_label': None, 'no_type3': False, 'verbose': False, 'plot_cfg': None, 'format': 'pdf', 'countsfile2': '../data/ensembl_snps_79/counts/A/intron/directions/freq_All-chrom_A-GC_All-GtoT.txt', 'outpath': '../results/ensembl_snps_79/A/intergenic_vs_intron/directions/GtoT'}
2016-11-03 14:47:58	Thales.local:62141	INFO	countsfile1_path : /Users/gavin/DevRepos/AnalyseMutationsGenetics/data/ensembl_snps_79/counts/A/intergenic/directions/freq_All-chrom_A-GC_All-GtoT.txt
2016-11-03 14:47:58	Thales.local:62141	INFO	countsfile1_path md5sum : 90baffdc1fd042d67ba88238b5d86e97
2016-11-03 14:47:58	Thales.local:62141	INFO	countsfile2_path : /Users/gavin/DevRepos/AnalyseMutationsGenetics/data/ensembl_snps_79/counts/A/intron/directions/freq_All-chrom_A-GC_All-GtoT.txt
2016-11-03 14:47:58	Thales.local:62141	INFO	countsfile2_path md5sum : abbba02b723530a17ca32ba67dccd1f0
2016-11-03 14:47:58	Thales.local:62141	INFO	group_counts : /Users/gavin/DevRepos/AnalyseMutationsGenetics/results/ensembl_snps_79/A/intergenic_vs_intron/directions/GtoT/group_counts_table.txt
2016-11-03 14:47:58	Thales.local:62141	INFO	group_counts md5sum : 3a74fe69f7c04a4f5e051fb5c51f826f
2016-11-03 14:47:58	Thales.local:62141	INFO	analysis1 : /Users/gavin/DevRepos/AnalyseMutationsGenetics/results/ensembl_snps_79/A/intergenic_vs_intron/directions/GtoT/1.json
2016-11-03 14:47:58	Thales.local:62141	INFO	analysis1 md5sum : 6a3b9f904358d615df56fb317fb5d637
2016-11-03 14:47:59	Thales.local:62141	INFO	analysis2 : /Users/gavin/DevRepos/AnalyseMutationsGenetics/results/ensembl_snps_79/A/intergenic_vs_intron/directions/GtoT/2.json
2016-11-03 14:47:59	Thales.local:62141	INFO	analysis2 md5sum : 8ff768b190bf3f358e5b6c125d2dd59f
2016-11-03 14:48:03	Thales.local:62141	INFO	analysis3 : /Users/gavin/DevRepos/AnalyseMutationsGenetics/results/ensembl_snps_79/A/intergenic_vs_intron/directions/GtoT/3.json
2016-11-03 14:48:03	Thales.local:62141	INFO	analysis3 md5sum : b2fe2a41ee680bb0916c8ec870dd531e
2016-11-03 14:48:10	Thales.local:62141	INFO	analysis4 : /Users/gavin/DevRepos/AnalyseMutationsGenetics/results/ensembl_snps_79/A/intergenic_vs_intron/directions/GtoT/4.json
2016-11-03 14:48:10	Thales.local:62141	INFO	analysis4 md5sum : f0336a354861e9528e11016aea0f9a4b
2016-11-03 14:48:15	Thales.local:62141	INFO	summary : /Users/gavin/DevRepos/AnalyseMutationsGenetics/results/ensembl_snps_79/A/intergenic_vs_intron/directions/GtoT/summary.txt
2016-11-03 14:48:15	Thales.local:62141	INFO	summary md5sum : af37c190db6c7c45a3427831ea4b463e
