2016-11-03 15:16:39	Thales.local:64681	INFO	system_details : system=Darwin Kernel Version 16.1.0: Thu Oct 13 21:26:57 PDT 2016; root:xnu-3789.21.3~60/RELEASE_X86_64
2016-11-03 15:16:39	Thales.local:64681	INFO	python : 3.5.1
2016-11-03 15:16:39	Thales.local:64681	INFO	user : gavin
2016-11-03 15:16:39	Thales.local:64681	INFO	command_string : /Users/gavin/miniconda2/envs/py35/bin/mutation_analysis nbr -1 ../data/ensembl_snps_79/counts/A/intergenic/directions/freq_All-chrom_A-GC_All-GtoT.txt -2 ../data/ensembl_snps_79/counts/X/intergenic/directions/freq_All-chrom_X-GC_All-GtoT.txt -o ../results/ensembl_snps_79/A_vs_X/intergenic/directions/GtoT
2016-11-03 15:16:39	Thales.local:64681	INFO	vars : {'no_type3': False, 'outpath': '../results/ensembl_snps_79/A_vs_X/intergenic/directions/GtoT', 'countsfile': '../data/ensembl_snps_79/counts/A/intergenic/directions/freq_All-chrom_A-GC_All-GtoT.txt', 'strand_symmetry': False, 'group_label': None, 'first_order': False, 'group_ref': None, 'format': 'pdf', 'dry_run': False, 'verbose': False, 'plot_cfg': None, 'countsfile2': '../data/ensembl_snps_79/counts/X/intergenic/directions/freq_All-chrom_X-GC_All-GtoT.txt'}
2016-11-03 15:16:39	Thales.local:64681	INFO	countsfile1_path : /Users/gavin/DevRepos/AnalyseMutationsGenetics/data/ensembl_snps_79/counts/A/intergenic/directions/freq_All-chrom_A-GC_All-GtoT.txt
2016-11-03 15:16:39	Thales.local:64681	INFO	countsfile1_path md5sum : 90baffdc1fd042d67ba88238b5d86e97
2016-11-03 15:16:39	Thales.local:64681	INFO	countsfile2_path : /Users/gavin/DevRepos/AnalyseMutationsGenetics/data/ensembl_snps_79/counts/X/intergenic/directions/freq_All-chrom_X-GC_All-GtoT.txt
2016-11-03 15:16:39	Thales.local:64681	INFO	countsfile2_path md5sum : d7e79cec598c95af9d3ecf01742d6412
2016-11-03 15:16:39	Thales.local:64681	INFO	group_counts : /Users/gavin/DevRepos/AnalyseMutationsGenetics/results/ensembl_snps_79/A_vs_X/intergenic/directions/GtoT/group_counts_table.txt
2016-11-03 15:16:39	Thales.local:64681	INFO	group_counts md5sum : 1fcacc43fb9d73650800dc8b8c2ef8e1
2016-11-03 15:16:39	Thales.local:64681	INFO	analysis1 : /Users/gavin/DevRepos/AnalyseMutationsGenetics/results/ensembl_snps_79/A_vs_X/intergenic/directions/GtoT/1.json
2016-11-03 15:16:39	Thales.local:64681	INFO	analysis1 md5sum : 293d85bd1120620b1af1ecb058a09555
2016-11-03 15:16:40	Thales.local:64681	INFO	analysis2 : /Users/gavin/DevRepos/AnalyseMutationsGenetics/results/ensembl_snps_79/A_vs_X/intergenic/directions/GtoT/2.json
2016-11-03 15:16:40	Thales.local:64681	INFO	analysis2 md5sum : c975351ede5f80c72f39214f662eb14e
2016-11-03 15:16:41	Thales.local:64681	INFO	analysis3 : /Users/gavin/DevRepos/AnalyseMutationsGenetics/results/ensembl_snps_79/A_vs_X/intergenic/directions/GtoT/3.json
2016-11-03 15:16:41	Thales.local:64681	INFO	analysis3 md5sum : f5733b39cf0aee9c89c2665d07a38838
2016-11-03 15:16:53	Thales.local:64681	INFO	analysis4 : /Users/gavin/DevRepos/AnalyseMutationsGenetics/results/ensembl_snps_79/A_vs_X/intergenic/directions/GtoT/4.json
2016-11-03 15:16:53	Thales.local:64681	INFO	analysis4 md5sum : 4d154657037e2dcade7c23546cc494db
2016-11-03 15:16:55	Thales.local:64681	INFO	summary : /Users/gavin/DevRepos/AnalyseMutationsGenetics/results/ensembl_snps_79/A_vs_X/intergenic/directions/GtoT/summary.txt
2016-11-03 15:16:55	Thales.local:64681	INFO	summary md5sum : 57fa248b8fe66dc75ed77b23207270ad
