2016-11-03 14:56:01	Thales.local:62991	INFO	system_details : system=Darwin Kernel Version 16.1.0: Thu Oct 13 21:26:57 PDT 2016; root:xnu-3789.21.3~60/RELEASE_X86_64
2016-11-03 14:56:01	Thales.local:62991	INFO	python : 3.5.1
2016-11-03 14:56:01	Thales.local:62991	INFO	user : gavin
2016-11-03 14:56:01	Thales.local:62991	INFO	command_string : /Users/gavin/miniconda2/envs/py35/bin/mutation_analysis nbr -1 ../data/ensembl_snps_79/counts/A/intron/directions/freq_All-chrom_A-GC_All-GtoT.txt -2 ../data/ensembl_snps_79/counts/A/exon/directions/freq_All-chrom_A-GC_All-GtoT.txt -o ../results/ensembl_snps_79/A/intron_vs_exon/directions/GtoT
2016-11-03 14:56:01	Thales.local:62991	INFO	vars : {'outpath': '../results/ensembl_snps_79/A/intron_vs_exon/directions/GtoT', 'plot_cfg': None, 'countsfile2': '../data/ensembl_snps_79/counts/A/exon/directions/freq_All-chrom_A-GC_All-GtoT.txt', 'group_ref': None, 'first_order': False, 'dry_run': False, 'strand_symmetry': False, 'group_label': None, 'verbose': False, 'format': 'pdf', 'countsfile': '../data/ensembl_snps_79/counts/A/intron/directions/freq_All-chrom_A-GC_All-GtoT.txt', 'no_type3': False}
2016-11-03 14:56:01	Thales.local:62991	INFO	countsfile1_path : /Users/gavin/DevRepos/AnalyseMutationsGenetics/data/ensembl_snps_79/counts/A/intron/directions/freq_All-chrom_A-GC_All-GtoT.txt
2016-11-03 14:56:01	Thales.local:62991	INFO	countsfile1_path md5sum : abbba02b723530a17ca32ba67dccd1f0
2016-11-03 14:56:01	Thales.local:62991	INFO	countsfile2_path : /Users/gavin/DevRepos/AnalyseMutationsGenetics/data/ensembl_snps_79/counts/A/exon/directions/freq_All-chrom_A-GC_All-GtoT.txt
2016-11-03 14:56:01	Thales.local:62991	INFO	countsfile2_path md5sum : 8c0079351c16700157ca0f17ec7cf523
2016-11-03 14:56:01	Thales.local:62991	INFO	group_counts : /Users/gavin/DevRepos/AnalyseMutationsGenetics/results/ensembl_snps_79/A/intron_vs_exon/directions/GtoT/group_counts_table.txt
2016-11-03 14:56:01	Thales.local:62991	INFO	group_counts md5sum : bb1445cd3654c22c72d16958ffe85da1
2016-11-03 14:56:02	Thales.local:62991	INFO	analysis1 : /Users/gavin/DevRepos/AnalyseMutationsGenetics/results/ensembl_snps_79/A/intron_vs_exon/directions/GtoT/1.json
2016-11-03 14:56:02	Thales.local:62991	INFO	analysis1 md5sum : 6146d429ff0c356ff86a434c59cd2517
2016-11-03 14:56:02	Thales.local:62991	INFO	analysis2 : /Users/gavin/DevRepos/AnalyseMutationsGenetics/results/ensembl_snps_79/A/intron_vs_exon/directions/GtoT/2.json
2016-11-03 14:56:02	Thales.local:62991	INFO	analysis2 md5sum : af5cd2e5bd36c385caaaee29fc32392a
2016-11-03 14:56:05	Thales.local:62991	INFO	analysis3 : /Users/gavin/DevRepos/AnalyseMutationsGenetics/results/ensembl_snps_79/A/intron_vs_exon/directions/GtoT/3.json
2016-11-03 14:56:05	Thales.local:62991	INFO	analysis3 md5sum : 5fb5bdf3a8a1190ee4636fdb9c909346
2016-11-03 14:56:12	Thales.local:62991	INFO	analysis4 : /Users/gavin/DevRepos/AnalyseMutationsGenetics/results/ensembl_snps_79/A/intron_vs_exon/directions/GtoT/4.json
2016-11-03 14:56:12	Thales.local:62991	INFO	analysis4 md5sum : 889ee093dac4dfe85be980689bdab2c2
2016-11-03 14:56:16	Thales.local:62991	INFO	summary : /Users/gavin/DevRepos/AnalyseMutationsGenetics/results/ensembl_snps_79/A/intron_vs_exon/directions/GtoT/summary.txt
2016-11-03 14:56:16	Thales.local:62991	INFO	summary md5sum : 38e001b0d598d3851573eff746599e0f
