2016-11-03 15:19:52	Thales.local:64920	INFO	system_details : system=Darwin Kernel Version 16.1.0: Thu Oct 13 21:26:57 PDT 2016; root:xnu-3789.21.3~60/RELEASE_X86_64
2016-11-03 15:19:52	Thales.local:64920	INFO	python : 3.5.1
2016-11-03 15:19:52	Thales.local:64920	INFO	user : gavin
2016-11-03 15:19:52	Thales.local:64920	INFO	command_string : /Users/gavin/miniconda2/envs/py35/bin/mutation_analysis nbr -1 ../data/ensembl_snps_79/counts/A/intergenic/directions/freq_All-chrom_A-GC_All-TtoG.txt -2 ../data/ensembl_snps_79/counts/X/intergenic/directions/freq_All-chrom_X-GC_All-TtoG.txt -o ../results/ensembl_snps_79/A_vs_X/intergenic/directions/TtoG
2016-11-03 15:19:52	Thales.local:64920	INFO	vars : {'first_order': False, 'countsfile': '../data/ensembl_snps_79/counts/A/intergenic/directions/freq_All-chrom_A-GC_All-TtoG.txt', 'no_type3': False, 'outpath': '../results/ensembl_snps_79/A_vs_X/intergenic/directions/TtoG', 'plot_cfg': None, 'countsfile2': '../data/ensembl_snps_79/counts/X/intergenic/directions/freq_All-chrom_X-GC_All-TtoG.txt', 'format': 'pdf', 'dry_run': False, 'group_label': None, 'strand_symmetry': False, 'verbose': False, 'group_ref': None}
2016-11-03 15:19:52	Thales.local:64920	INFO	countsfile1_path : /Users/gavin/DevRepos/AnalyseMutationsGenetics/data/ensembl_snps_79/counts/A/intergenic/directions/freq_All-chrom_A-GC_All-TtoG.txt
2016-11-03 15:19:52	Thales.local:64920	INFO	countsfile1_path md5sum : c9008eba528b2aa53a6de53e0451bd06
2016-11-03 15:19:52	Thales.local:64920	INFO	countsfile2_path : /Users/gavin/DevRepos/AnalyseMutationsGenetics/data/ensembl_snps_79/counts/X/intergenic/directions/freq_All-chrom_X-GC_All-TtoG.txt
2016-11-03 15:19:52	Thales.local:64920	INFO	countsfile2_path md5sum : 9589d983226fbfe74d965fc0a55f8712
2016-11-03 15:19:52	Thales.local:64920	INFO	group_counts : /Users/gavin/DevRepos/AnalyseMutationsGenetics/results/ensembl_snps_79/A_vs_X/intergenic/directions/TtoG/group_counts_table.txt
2016-11-03 15:19:52	Thales.local:64920	INFO	group_counts md5sum : 795107f9a6b5b963fd31841e205d26ba
2016-11-03 15:19:52	Thales.local:64920	INFO	analysis1 : /Users/gavin/DevRepos/AnalyseMutationsGenetics/results/ensembl_snps_79/A_vs_X/intergenic/directions/TtoG/1.json
2016-11-03 15:19:52	Thales.local:64920	INFO	analysis1 md5sum : 286871af5de7a2a0c878068b7b95b0ca
2016-11-03 15:19:53	Thales.local:64920	INFO	analysis2 : /Users/gavin/DevRepos/AnalyseMutationsGenetics/results/ensembl_snps_79/A_vs_X/intergenic/directions/TtoG/2.json
2016-11-03 15:19:53	Thales.local:64920	INFO	analysis2 md5sum : 2da83761a04f0a07386d2550789cec3b
2016-11-03 15:19:54	Thales.local:64920	INFO	analysis3 : /Users/gavin/DevRepos/AnalyseMutationsGenetics/results/ensembl_snps_79/A_vs_X/intergenic/directions/TtoG/3.json
2016-11-03 15:19:54	Thales.local:64920	INFO	analysis3 md5sum : aadd0ace444de352810cd95a07b1c1b4
2016-11-03 15:20:08	Thales.local:64920	INFO	analysis4 : /Users/gavin/DevRepos/AnalyseMutationsGenetics/results/ensembl_snps_79/A_vs_X/intergenic/directions/TtoG/4.json
2016-11-03 15:20:08	Thales.local:64920	INFO	analysis4 md5sum : 02041f296fbfdac9132002493f986b04
2016-11-03 15:20:10	Thales.local:64920	INFO	summary : /Users/gavin/DevRepos/AnalyseMutationsGenetics/results/ensembl_snps_79/A_vs_X/intergenic/directions/TtoG/summary.txt
2016-11-03 15:20:10	Thales.local:64920	INFO	summary md5sum : c2420b0a6ee35143725b4adab70ae04c
