2016-11-03 15:19:29	Thales.local:64902	INFO	system_details : system=Darwin Kernel Version 16.1.0: Thu Oct 13 21:26:57 PDT 2016; root:xnu-3789.21.3~60/RELEASE_X86_64
2016-11-03 15:19:29	Thales.local:64902	INFO	python : 3.5.1
2016-11-03 15:19:29	Thales.local:64902	INFO	user : gavin
2016-11-03 15:19:29	Thales.local:64902	INFO	command_string : /Users/gavin/miniconda2/envs/py35/bin/mutation_analysis nbr -1 ../data/ensembl_snps_79/counts/A/exon/directions/freq_All-chrom_A-GC_All-TtoC.txt -2 ../data/ensembl_snps_79/counts/X/exon/directions/freq_All-chrom_X-GC_All-TtoC.txt -o ../results/ensembl_snps_79/A_vs_X/exon/directions/TtoC
2016-11-03 15:19:29	Thales.local:64902	INFO	vars : {'plot_cfg': None, 'no_type3': False, 'verbose': False, 'countsfile': '../data/ensembl_snps_79/counts/A/exon/directions/freq_All-chrom_A-GC_All-TtoC.txt', 'first_order': False, 'outpath': '../results/ensembl_snps_79/A_vs_X/exon/directions/TtoC', 'dry_run': False, 'group_label': None, 'strand_symmetry': False, 'group_ref': None, 'countsfile2': '../data/ensembl_snps_79/counts/X/exon/directions/freq_All-chrom_X-GC_All-TtoC.txt', 'format': 'pdf'}
2016-11-03 15:19:29	Thales.local:64902	INFO	countsfile1_path : /Users/gavin/DevRepos/AnalyseMutationsGenetics/data/ensembl_snps_79/counts/A/exon/directions/freq_All-chrom_A-GC_All-TtoC.txt
2016-11-03 15:19:29	Thales.local:64902	INFO	countsfile1_path md5sum : 79e8c1f579a265225cbc6883882f15bc
2016-11-03 15:19:29	Thales.local:64902	INFO	countsfile2_path : /Users/gavin/DevRepos/AnalyseMutationsGenetics/data/ensembl_snps_79/counts/X/exon/directions/freq_All-chrom_X-GC_All-TtoC.txt
2016-11-03 15:19:29	Thales.local:64902	INFO	countsfile2_path md5sum : 6c8fd5d42a29e567d98f8680ecd4043e
2016-11-03 15:19:29	Thales.local:64902	INFO	group_counts : /Users/gavin/DevRepos/AnalyseMutationsGenetics/results/ensembl_snps_79/A_vs_X/exon/directions/TtoC/group_counts_table.txt
2016-11-03 15:19:29	Thales.local:64902	INFO	group_counts md5sum : 5bba0a25076c83287d92f60b5e9c5d54
2016-11-03 15:19:29	Thales.local:64902	INFO	analysis1 : /Users/gavin/DevRepos/AnalyseMutationsGenetics/results/ensembl_snps_79/A_vs_X/exon/directions/TtoC/1.json
2016-11-03 15:19:29	Thales.local:64902	INFO	analysis1 md5sum : 403ce6ca92cc87add3bb093f2ec2b7c2
2016-11-03 15:19:29	Thales.local:64902	INFO	analysis2 : /Users/gavin/DevRepos/AnalyseMutationsGenetics/results/ensembl_snps_79/A_vs_X/exon/directions/TtoC/2.json
2016-11-03 15:19:29	Thales.local:64902	INFO	analysis2 md5sum : 41c67c90fb867c3b089e752623da8262
2016-11-03 15:19:32	Thales.local:64902	INFO	analysis3 : /Users/gavin/DevRepos/AnalyseMutationsGenetics/results/ensembl_snps_79/A_vs_X/exon/directions/TtoC/3.json
2016-11-03 15:19:32	Thales.local:64902	INFO	analysis3 md5sum : 50f894a2722f56156811fa34ede8fa64
2016-11-03 15:19:46	Thales.local:64902	INFO	analysis4 : /Users/gavin/DevRepos/AnalyseMutationsGenetics/results/ensembl_snps_79/A_vs_X/exon/directions/TtoC/4.json
2016-11-03 15:19:46	Thales.local:64902	INFO	analysis4 md5sum : 292696eaedf8b9a3138306029bf79503
2016-11-03 15:19:50	Thales.local:64902	INFO	summary : /Users/gavin/DevRepos/AnalyseMutationsGenetics/results/ensembl_snps_79/A_vs_X/exon/directions/TtoC/summary.txt
2016-11-03 15:19:50	Thales.local:64902	INFO	summary md5sum : e27ff7da17e402334deff351ec04735a
