2016-11-03 14:54:47	Thales.local:62872	INFO	system_details : system=Darwin Kernel Version 16.1.0: Thu Oct 13 21:26:57 PDT 2016; root:xnu-3789.21.3~60/RELEASE_X86_64
2016-11-03 14:54:47	Thales.local:62872	INFO	python : 3.5.1
2016-11-03 14:54:47	Thales.local:62872	INFO	user : gavin
2016-11-03 14:54:47	Thales.local:62872	INFO	command_string : /Users/gavin/miniconda2/envs/py35/bin/mutation_analysis nbr -1 ../data/ensembl_snps_79/counts/A/intron/directions/freq_All-chrom_A-GC_All-CtoG.txt -2 ../data/ensembl_snps_79/counts/A/exon/directions/freq_All-chrom_A-GC_All-CtoG.txt -o ../results/ensembl_snps_79/A/intron_vs_exon/directions/CtoG
2016-11-03 14:54:47	Thales.local:62872	INFO	vars : {'first_order': False, 'format': 'pdf', 'plot_cfg': None, 'strand_symmetry': False, 'outpath': '../results/ensembl_snps_79/A/intron_vs_exon/directions/CtoG', 'countsfile2': '../data/ensembl_snps_79/counts/A/exon/directions/freq_All-chrom_A-GC_All-CtoG.txt', 'no_type3': False, 'countsfile': '../data/ensembl_snps_79/counts/A/intron/directions/freq_All-chrom_A-GC_All-CtoG.txt', 'dry_run': False, 'verbose': False, 'group_ref': None, 'group_label': None}
2016-11-03 14:54:47	Thales.local:62872	INFO	countsfile1_path : /Users/gavin/DevRepos/AnalyseMutationsGenetics/data/ensembl_snps_79/counts/A/intron/directions/freq_All-chrom_A-GC_All-CtoG.txt
2016-11-03 14:54:47	Thales.local:62872	INFO	countsfile1_path md5sum : ecc07c3d5b4e5805fa2df6a1f5be02e2
2016-11-03 14:54:47	Thales.local:62872	INFO	countsfile2_path : /Users/gavin/DevRepos/AnalyseMutationsGenetics/data/ensembl_snps_79/counts/A/exon/directions/freq_All-chrom_A-GC_All-CtoG.txt
2016-11-03 14:54:47	Thales.local:62872	INFO	countsfile2_path md5sum : 62d9818c99593171c5455e1a34aea615
2016-11-03 14:54:47	Thales.local:62872	INFO	group_counts : /Users/gavin/DevRepos/AnalyseMutationsGenetics/results/ensembl_snps_79/A/intron_vs_exon/directions/CtoG/group_counts_table.txt
2016-11-03 14:54:47	Thales.local:62872	INFO	group_counts md5sum : 2878a740c910dd059e78020204fc7971
2016-11-03 14:54:48	Thales.local:62872	INFO	analysis1 : /Users/gavin/DevRepos/AnalyseMutationsGenetics/results/ensembl_snps_79/A/intron_vs_exon/directions/CtoG/1.json
2016-11-03 14:54:48	Thales.local:62872	INFO	analysis1 md5sum : de34335b5836c486c731437ced352bff
2016-11-03 14:54:48	Thales.local:62872	INFO	analysis2 : /Users/gavin/DevRepos/AnalyseMutationsGenetics/results/ensembl_snps_79/A/intron_vs_exon/directions/CtoG/2.json
2016-11-03 14:54:48	Thales.local:62872	INFO	analysis2 md5sum : 8d544300f17837388dd92bc8b37b4e75
2016-11-03 14:54:51	Thales.local:62872	INFO	analysis3 : /Users/gavin/DevRepos/AnalyseMutationsGenetics/results/ensembl_snps_79/A/intron_vs_exon/directions/CtoG/3.json
2016-11-03 14:54:51	Thales.local:62872	INFO	analysis3 md5sum : fec452170457523d4dec3c8ce18ea0f3
2016-11-03 14:55:00	Thales.local:62872	INFO	analysis4 : /Users/gavin/DevRepos/AnalyseMutationsGenetics/results/ensembl_snps_79/A/intron_vs_exon/directions/CtoG/4.json
2016-11-03 14:55:00	Thales.local:62872	INFO	analysis4 md5sum : 07ee31be06b8a00355b757fbba0a1482
2016-11-03 14:55:03	Thales.local:62872	INFO	summary : /Users/gavin/DevRepos/AnalyseMutationsGenetics/results/ensembl_snps_79/A/intron_vs_exon/directions/CtoG/summary.txt
2016-11-03 14:55:03	Thales.local:62872	INFO	summary md5sum : 6ecaf1deccf0a9e49dbf8cb56bf18193
