2016-11-03 15:14:57	Thales.local:64554	INFO	system_details : system=Darwin Kernel Version 16.1.0: Thu Oct 13 21:26:57 PDT 2016; root:xnu-3789.21.3~60/RELEASE_X86_64
2016-11-03 15:14:57	Thales.local:64554	INFO	python : 3.5.1
2016-11-03 15:14:57	Thales.local:64554	INFO	user : gavin
2016-11-03 15:14:57	Thales.local:64554	INFO	command_string : /Users/gavin/miniconda2/envs/py35/bin/mutation_analysis nbr -1 ../data/ensembl_snps_79/counts/A/exon/directions/freq_All-chrom_A-GC_All-CtoT.txt -2 ../data/ensembl_snps_79/counts/X/exon/directions/freq_All-chrom_X-GC_All-CtoT.txt -o ../results/ensembl_snps_79/A_vs_X/exon/directions/CtoT
2016-11-03 15:14:57	Thales.local:64554	INFO	vars : {'no_type3': False, 'format': 'pdf', 'plot_cfg': None, 'group_ref': None, 'first_order': False, 'outpath': '../results/ensembl_snps_79/A_vs_X/exon/directions/CtoT', 'strand_symmetry': False, 'verbose': False, 'countsfile2': '../data/ensembl_snps_79/counts/X/exon/directions/freq_All-chrom_X-GC_All-CtoT.txt', 'group_label': None, 'dry_run': False, 'countsfile': '../data/ensembl_snps_79/counts/A/exon/directions/freq_All-chrom_A-GC_All-CtoT.txt'}
2016-11-03 15:14:57	Thales.local:64554	INFO	countsfile1_path : /Users/gavin/DevRepos/AnalyseMutationsGenetics/data/ensembl_snps_79/counts/A/exon/directions/freq_All-chrom_A-GC_All-CtoT.txt
2016-11-03 15:14:57	Thales.local:64554	INFO	countsfile1_path md5sum : acabd07dcd5dd81e9bee6178671b5548
2016-11-03 15:14:57	Thales.local:64554	INFO	countsfile2_path : /Users/gavin/DevRepos/AnalyseMutationsGenetics/data/ensembl_snps_79/counts/X/exon/directions/freq_All-chrom_X-GC_All-CtoT.txt
2016-11-03 15:14:57	Thales.local:64554	INFO	countsfile2_path md5sum : 71b7e92a3f14b32e7e1bd2c2d4a3720b
2016-11-03 15:14:57	Thales.local:64554	INFO	group_counts : /Users/gavin/DevRepos/AnalyseMutationsGenetics/results/ensembl_snps_79/A_vs_X/exon/directions/CtoT/group_counts_table.txt
2016-11-03 15:14:57	Thales.local:64554	INFO	group_counts md5sum : 93f4e6bd96e3749c3dd02759020ff159
2016-11-03 15:14:57	Thales.local:64554	INFO	analysis1 : /Users/gavin/DevRepos/AnalyseMutationsGenetics/results/ensembl_snps_79/A_vs_X/exon/directions/CtoT/1.json
2016-11-03 15:14:57	Thales.local:64554	INFO	analysis1 md5sum : ae9356bf2b94f9764152a9659f7b92dc
2016-11-03 15:14:58	Thales.local:64554	INFO	analysis2 : /Users/gavin/DevRepos/AnalyseMutationsGenetics/results/ensembl_snps_79/A_vs_X/exon/directions/CtoT/2.json
2016-11-03 15:14:58	Thales.local:64554	INFO	analysis2 md5sum : 15bab230392cf5dad6a80d5970a71ea3
2016-11-03 15:14:59	Thales.local:64554	INFO	analysis3 : /Users/gavin/DevRepos/AnalyseMutationsGenetics/results/ensembl_snps_79/A_vs_X/exon/directions/CtoT/3.json
2016-11-03 15:14:59	Thales.local:64554	INFO	analysis3 md5sum : e984a3790e4222afe306b5d51d47ac9a
2016-11-03 15:15:05	Thales.local:64554	INFO	analysis4 : /Users/gavin/DevRepos/AnalyseMutationsGenetics/results/ensembl_snps_79/A_vs_X/exon/directions/CtoT/4.json
2016-11-03 15:15:05	Thales.local:64554	INFO	analysis4 md5sum : 8e49aeb2baba4cc6f954f29e4a51f5b1
2016-11-03 15:15:07	Thales.local:64554	INFO	summary : /Users/gavin/DevRepos/AnalyseMutationsGenetics/results/ensembl_snps_79/A_vs_X/exon/directions/CtoT/summary.txt
2016-11-03 15:15:07	Thales.local:64554	INFO	summary md5sum : 8d83fc48643929b16637e477f7b99e37
