2016-11-03 15:10:55	Thales.local:64289	INFO	system_details : system=Darwin Kernel Version 16.1.0: Thu Oct 13 21:26:57 PDT 2016; root:xnu-3789.21.3~60/RELEASE_X86_64
2016-11-03 15:10:55	Thales.local:64289	INFO	python : 3.5.1
2016-11-03 15:10:55	Thales.local:64289	INFO	user : gavin
2016-11-03 15:10:55	Thales.local:64289	INFO	command_string : /Users/gavin/miniconda2/envs/py35/bin/mutation_analysis nbr -1 ../data/ensembl_snps_79/counts/A/exon/directions/freq_All-chrom_A-GC_All-AtoC.txt -2 ../data/ensembl_snps_79/counts/X/exon/directions/freq_All-chrom_X-GC_All-AtoC.txt -o ../results/ensembl_snps_79/A_vs_X/exon/directions/AtoC
2016-11-03 15:10:55	Thales.local:64289	INFO	vars : {'countsfile': '../data/ensembl_snps_79/counts/A/exon/directions/freq_All-chrom_A-GC_All-AtoC.txt', 'outpath': '../results/ensembl_snps_79/A_vs_X/exon/directions/AtoC', 'first_order': False, 'group_ref': None, 'dry_run': False, 'group_label': None, 'strand_symmetry': False, 'format': 'pdf', 'no_type3': False, 'verbose': False, 'plot_cfg': None, 'countsfile2': '../data/ensembl_snps_79/counts/X/exon/directions/freq_All-chrom_X-GC_All-AtoC.txt'}
2016-11-03 15:10:55	Thales.local:64289	INFO	countsfile1_path : /Users/gavin/DevRepos/AnalyseMutationsGenetics/data/ensembl_snps_79/counts/A/exon/directions/freq_All-chrom_A-GC_All-AtoC.txt
2016-11-03 15:10:55	Thales.local:64289	INFO	countsfile1_path md5sum : 229e2fc356fa0e67e8b1db689d52fcdf
2016-11-03 15:10:55	Thales.local:64289	INFO	countsfile2_path : /Users/gavin/DevRepos/AnalyseMutationsGenetics/data/ensembl_snps_79/counts/X/exon/directions/freq_All-chrom_X-GC_All-AtoC.txt
2016-11-03 15:10:55	Thales.local:64289	INFO	countsfile2_path md5sum : 2c075f200c65c0f319996169641c4ee6
2016-11-03 15:10:55	Thales.local:64289	INFO	group_counts : /Users/gavin/DevRepos/AnalyseMutationsGenetics/results/ensembl_snps_79/A_vs_X/exon/directions/AtoC/group_counts_table.txt
2016-11-03 15:10:55	Thales.local:64289	INFO	group_counts md5sum : 49de3b7d243bee13a36cdbfad9749aa8
2016-11-03 15:10:55	Thales.local:64289	INFO	analysis1 : /Users/gavin/DevRepos/AnalyseMutationsGenetics/results/ensembl_snps_79/A_vs_X/exon/directions/AtoC/1.json
2016-11-03 15:10:55	Thales.local:64289	INFO	analysis1 md5sum : f7bf059d75a7aadc7b5acd6c7fe6116f
2016-11-03 15:10:55	Thales.local:64289	INFO	analysis2 : /Users/gavin/DevRepos/AnalyseMutationsGenetics/results/ensembl_snps_79/A_vs_X/exon/directions/AtoC/2.json
2016-11-03 15:10:55	Thales.local:64289	INFO	analysis2 md5sum : 6629bbf2f2783ac75dead57d54c109fe
2016-11-03 15:10:57	Thales.local:64289	INFO	analysis3 : /Users/gavin/DevRepos/AnalyseMutationsGenetics/results/ensembl_snps_79/A_vs_X/exon/directions/AtoC/3.json
2016-11-03 15:10:57	Thales.local:64289	INFO	analysis3 md5sum : eb8188310a3a6c65b4f27e945103685f
2016-11-03 15:11:14	Thales.local:64289	INFO	analysis4 : /Users/gavin/DevRepos/AnalyseMutationsGenetics/results/ensembl_snps_79/A_vs_X/exon/directions/AtoC/4.json
2016-11-03 15:11:14	Thales.local:64289	INFO	analysis4 md5sum : adf43fa8a237afa36830bd0022b07e62
2016-11-03 15:11:16	Thales.local:64289	INFO	summary : /Users/gavin/DevRepos/AnalyseMutationsGenetics/results/ensembl_snps_79/A_vs_X/exon/directions/AtoC/summary.txt
2016-11-03 15:11:16	Thales.local:64289	INFO	summary md5sum : 05ec443f90c23f039cf65095018db3ba
