2016-11-10 11:39:47	thales.uds.anu.edu.au:93627	INFO	system_details : system=Darwin Kernel Version 16.1.0: Thu Oct 13 21:26:57 PDT 2016; root:xnu-3789.21.3~60/RELEASE_X86_64
2016-11-10 11:39:47	thales.uds.anu.edu.au:93627	INFO	python : 3.5.1
2016-11-10 11:39:47	thales.uds.anu.edu.au:93627	INFO	user : gavin
2016-11-10 11:39:47	thales.uds.anu.edu.au:93627	INFO	command_string : /Users/gavin/miniconda2/envs/py35/bin/mutation_draw nbr_grid --sample_size --paths_cfg ../results/ensembl_snps_79/A/intergenic/directions/json1_paths.cfg
2016-11-10 11:39:47	thales.uds.anu.edu.au:93627	INFO	vars : {'force_overwrite': False, 'format': 'pdf', 'dry_run': False, 'sample_size': True, 'paths_cfg': '../results/ensembl_snps_79/A/intergenic/directions/json1_paths.cfg', 'plot_cfg': None, 'figpath': None, 'no_type3': False}
2016-11-10 11:39:47	thales.uds.anu.edu.au:93627	INFO	input_file_path : /Users/gavin/DevRepos/AnalyseMutationsGenetics/results/ensembl_snps_79/A/intergenic/directions/CtoG/1.json
2016-11-10 11:39:47	thales.uds.anu.edu.au:93627	INFO	input_file_path md5sum : d4c57dabfe0dc7f7e17629a4f81a4896
2016-11-10 11:39:47	thales.uds.anu.edu.au:93627	INFO	input_file_path : /Users/gavin/DevRepos/AnalyseMutationsGenetics/results/ensembl_snps_79/A/intergenic/directions/AtoC/1.json
2016-11-10 11:39:47	thales.uds.anu.edu.au:93627	INFO	input_file_path md5sum : c4b31fcf40615a2be66172bfa3221438
2016-11-10 11:39:47	thales.uds.anu.edu.au:93627	INFO	input_file_path : /Users/gavin/DevRepos/AnalyseMutationsGenetics/results/ensembl_snps_79/A/intergenic/directions/TtoA/1.json
2016-11-10 11:39:47	thales.uds.anu.edu.au:93627	INFO	input_file_path md5sum : 049549419e6f8368b40a4b5775423a87
2016-11-10 11:39:47	thales.uds.anu.edu.au:93627	INFO	input_file_path : /Users/gavin/DevRepos/AnalyseMutationsGenetics/results/ensembl_snps_79/A/intergenic/directions/TtoG/1.json
2016-11-10 11:39:47	thales.uds.anu.edu.au:93627	INFO	input_file_path md5sum : b45c55e07fe2ad10340f532b1fc4a9ca
2016-11-10 11:39:47	thales.uds.anu.edu.au:93627	INFO	input_file_path : /Users/gavin/DevRepos/AnalyseMutationsGenetics/results/ensembl_snps_79/A/intergenic/directions/TtoC/1.json
2016-11-10 11:39:47	thales.uds.anu.edu.au:93627	INFO	input_file_path md5sum : c8e255faa79f3af2e9037d2d168c2a6f
2016-11-10 11:39:47	thales.uds.anu.edu.au:93627	INFO	input_file_path : /Users/gavin/DevRepos/AnalyseMutationsGenetics/results/ensembl_snps_79/A/intergenic/directions/GtoA/1.json
2016-11-10 11:39:47	thales.uds.anu.edu.au:93627	INFO	input_file_path md5sum : 62d518dfa5d4cd7402ae7cbe4138ef54
2016-11-10 11:39:47	thales.uds.anu.edu.au:93627	INFO	input_file_path : /Users/gavin/DevRepos/AnalyseMutationsGenetics/results/ensembl_snps_79/A/intergenic/directions/AtoT/1.json
2016-11-10 11:39:47	thales.uds.anu.edu.au:93627	INFO	input_file_path md5sum : 2b19aae5b27f7a219e39c1f2b87ebbad
2016-11-10 11:39:47	thales.uds.anu.edu.au:93627	INFO	input_file_path : /Users/gavin/DevRepos/AnalyseMutationsGenetics/results/ensembl_snps_79/A/intergenic/directions/CtoT/1.json
2016-11-10 11:39:47	thales.uds.anu.edu.au:93627	INFO	input_file_path md5sum : 30ebbea64a3aada4ed329e260a938b56
2016-11-10 11:39:47	thales.uds.anu.edu.au:93627	INFO	input_file_path : /Users/gavin/DevRepos/AnalyseMutationsGenetics/results/ensembl_snps_79/A/intergenic/directions/GtoT/1.json
2016-11-10 11:39:47	thales.uds.anu.edu.au:93627	INFO	input_file_path md5sum : 625d43c51c138c9bbfe249e17e1f2ce3
2016-11-10 11:39:47	thales.uds.anu.edu.au:93627	INFO	input_file_path : /Users/gavin/DevRepos/AnalyseMutationsGenetics/results/ensembl_snps_79/A/intergenic/directions/CtoA/1.json
2016-11-10 11:39:47	thales.uds.anu.edu.au:93627	INFO	input_file_path md5sum : bdd23102b18067a980257a7111d63739
2016-11-10 11:39:47	thales.uds.anu.edu.au:93627	INFO	input_file_path : /Users/gavin/DevRepos/AnalyseMutationsGenetics/results/ensembl_snps_79/A/intergenic/directions/GtoC/1.json
2016-11-10 11:39:47	thales.uds.anu.edu.au:93627	INFO	input_file_path md5sum : dd2bf036cdf252b4bfa0c21729529640
2016-11-10 11:39:47	thales.uds.anu.edu.au:93627	INFO	input_file_path : /Users/gavin/DevRepos/AnalyseMutationsGenetics/results/ensembl_snps_79/A/intergenic/directions/AtoG/1.json
2016-11-10 11:39:47	thales.uds.anu.edu.au:93627	INFO	input_file_path md5sum : 5c2163daad8c3cd0f04b1ecf53a956f8
2016-11-10 11:39:49	thales.uds.anu.edu.au:93627	INFO	output_file_path : /Users/gavin/DevRepos/AnalyseMutationsGenetics/results/ensembl_snps_79/A/intergenic/directions/nbr_grid.pdf
2016-11-10 11:39:49	thales.uds.anu.edu.au:93627	INFO	output_file_path md5sum : 8e331448b846d0d1afe5c1978ab46087
