2016-11-03 14:55:06	Thales.local:62903	INFO	system_details : system=Darwin Kernel Version 16.1.0: Thu Oct 13 21:26:57 PDT 2016; root:xnu-3789.21.3~60/RELEASE_X86_64
2016-11-03 14:55:06	Thales.local:62903	INFO	python : 3.5.1
2016-11-03 14:55:06	Thales.local:62903	INFO	user : gavin
2016-11-03 14:55:06	Thales.local:62903	INFO	command_string : /Users/gavin/miniconda2/envs/py35/bin/mutation_analysis nbr -1 ../data/ensembl_snps_79/counts/A/intron/directions/freq_All-chrom_A-GC_All-CtoT.txt -2 ../data/ensembl_snps_79/counts/A/exon/directions/freq_All-chrom_A-GC_All-CtoT.txt -o ../results/ensembl_snps_79/A/intron_vs_exon/directions/CtoT
2016-11-03 14:55:06	Thales.local:62903	INFO	vars : {'no_type3': False, 'countsfile2': '../data/ensembl_snps_79/counts/A/exon/directions/freq_All-chrom_A-GC_All-CtoT.txt', 'countsfile': '../data/ensembl_snps_79/counts/A/intron/directions/freq_All-chrom_A-GC_All-CtoT.txt', 'plot_cfg': None, 'dry_run': False, 'group_ref': None, 'strand_symmetry': False, 'verbose': False, 'group_label': None, 'outpath': '../results/ensembl_snps_79/A/intron_vs_exon/directions/CtoT', 'first_order': False, 'format': 'pdf'}
2016-11-03 14:55:06	Thales.local:62903	INFO	countsfile1_path : /Users/gavin/DevRepos/AnalyseMutationsGenetics/data/ensembl_snps_79/counts/A/intron/directions/freq_All-chrom_A-GC_All-CtoT.txt
2016-11-03 14:55:06	Thales.local:62903	INFO	countsfile1_path md5sum : 87d880937ebf1905a535bf720c35a518
2016-11-03 14:55:06	Thales.local:62903	INFO	countsfile2_path : /Users/gavin/DevRepos/AnalyseMutationsGenetics/data/ensembl_snps_79/counts/A/exon/directions/freq_All-chrom_A-GC_All-CtoT.txt
2016-11-03 14:55:06	Thales.local:62903	INFO	countsfile2_path md5sum : acabd07dcd5dd81e9bee6178671b5548
2016-11-03 14:55:06	Thales.local:62903	INFO	group_counts : /Users/gavin/DevRepos/AnalyseMutationsGenetics/results/ensembl_snps_79/A/intron_vs_exon/directions/CtoT/group_counts_table.txt
2016-11-03 14:55:06	Thales.local:62903	INFO	group_counts md5sum : a3b123161a51b8530de1696708015c99
2016-11-03 14:55:06	Thales.local:62903	INFO	analysis1 : /Users/gavin/DevRepos/AnalyseMutationsGenetics/results/ensembl_snps_79/A/intron_vs_exon/directions/CtoT/1.json
2016-11-03 14:55:06	Thales.local:62903	INFO	analysis1 md5sum : b8be5ce423b501bdc840544814d5dd62
2016-11-03 14:55:07	Thales.local:62903	INFO	analysis2 : /Users/gavin/DevRepos/AnalyseMutationsGenetics/results/ensembl_snps_79/A/intron_vs_exon/directions/CtoT/2.json
2016-11-03 14:55:07	Thales.local:62903	INFO	analysis2 md5sum : f55ccfefbecf548d513147a8f88c1591
2016-11-03 14:55:09	Thales.local:62903	INFO	analysis3 : /Users/gavin/DevRepos/AnalyseMutationsGenetics/results/ensembl_snps_79/A/intron_vs_exon/directions/CtoT/3.json
2016-11-03 14:55:09	Thales.local:62903	INFO	analysis3 md5sum : c780065fa17ed0351810c0bc9b76e4f3
2016-11-03 14:55:16	Thales.local:62903	INFO	analysis4 : /Users/gavin/DevRepos/AnalyseMutationsGenetics/results/ensembl_snps_79/A/intron_vs_exon/directions/CtoT/4.json
2016-11-03 14:55:16	Thales.local:62903	INFO	analysis4 md5sum : e6f563415e4c616294497a97655912e4
2016-11-03 14:55:20	Thales.local:62903	INFO	summary : /Users/gavin/DevRepos/AnalyseMutationsGenetics/results/ensembl_snps_79/A/intron_vs_exon/directions/CtoT/summary.txt
2016-11-03 14:55:20	Thales.local:62903	INFO	summary md5sum : 8f68727936635dd47c443b151bef976a
