2016-11-03 15:17:16	Thales.local:64732	INFO	system_details : system=Darwin Kernel Version 16.1.0: Thu Oct 13 21:26:57 PDT 2016; root:xnu-3789.21.3~60/RELEASE_X86_64
2016-11-03 15:17:16	Thales.local:64732	INFO	python : 3.5.1
2016-11-03 15:17:16	Thales.local:64732	INFO	user : gavin
2016-11-03 15:17:16	Thales.local:64732	INFO	command_string : /Users/gavin/miniconda2/envs/py35/bin/mutation_analysis nbr -1 ../data/ensembl_snps_79/counts/A/exon/directions/freq_All-chrom_A-GC_All-GtoT.txt -2 ../data/ensembl_snps_79/counts/X/exon/directions/freq_All-chrom_X-GC_All-GtoT.txt -o ../results/ensembl_snps_79/A_vs_X/exon/directions/GtoT
2016-11-03 15:17:16	Thales.local:64732	INFO	vars : {'outpath': '../results/ensembl_snps_79/A_vs_X/exon/directions/GtoT', 'dry_run': False, 'format': 'pdf', 'plot_cfg': None, 'group_label': None, 'verbose': False, 'strand_symmetry': False, 'first_order': False, 'countsfile': '../data/ensembl_snps_79/counts/A/exon/directions/freq_All-chrom_A-GC_All-GtoT.txt', 'countsfile2': '../data/ensembl_snps_79/counts/X/exon/directions/freq_All-chrom_X-GC_All-GtoT.txt', 'no_type3': False, 'group_ref': None}
2016-11-03 15:17:16	Thales.local:64732	INFO	countsfile1_path : /Users/gavin/DevRepos/AnalyseMutationsGenetics/data/ensembl_snps_79/counts/A/exon/directions/freq_All-chrom_A-GC_All-GtoT.txt
2016-11-03 15:17:16	Thales.local:64732	INFO	countsfile1_path md5sum : 8c0079351c16700157ca0f17ec7cf523
2016-11-03 15:17:16	Thales.local:64732	INFO	countsfile2_path : /Users/gavin/DevRepos/AnalyseMutationsGenetics/data/ensembl_snps_79/counts/X/exon/directions/freq_All-chrom_X-GC_All-GtoT.txt
2016-11-03 15:17:16	Thales.local:64732	INFO	countsfile2_path md5sum : 952981e7992b6f30f01b7684fc6cd450
2016-11-03 15:17:16	Thales.local:64732	INFO	group_counts : /Users/gavin/DevRepos/AnalyseMutationsGenetics/results/ensembl_snps_79/A_vs_X/exon/directions/GtoT/group_counts_table.txt
2016-11-03 15:17:16	Thales.local:64732	INFO	group_counts md5sum : 8df469a46d30da947d8be903ef20c4ed
2016-11-03 15:17:16	Thales.local:64732	INFO	analysis1 : /Users/gavin/DevRepos/AnalyseMutationsGenetics/results/ensembl_snps_79/A_vs_X/exon/directions/GtoT/1.json
2016-11-03 15:17:16	Thales.local:64732	INFO	analysis1 md5sum : 2bf609e483cc0934020cbdbacc0f8cbb
2016-11-03 15:17:16	Thales.local:64732	INFO	analysis2 : /Users/gavin/DevRepos/AnalyseMutationsGenetics/results/ensembl_snps_79/A_vs_X/exon/directions/GtoT/2.json
2016-11-03 15:17:16	Thales.local:64732	INFO	analysis2 md5sum : 861946317262a85502b76d3e50b3f5a7
2016-11-03 15:17:18	Thales.local:64732	INFO	analysis3 : /Users/gavin/DevRepos/AnalyseMutationsGenetics/results/ensembl_snps_79/A_vs_X/exon/directions/GtoT/3.json
2016-11-03 15:17:18	Thales.local:64732	INFO	analysis3 md5sum : 8630c3002890edda7a1cc7416d64738c
2016-11-03 15:17:35	Thales.local:64732	INFO	analysis4 : /Users/gavin/DevRepos/AnalyseMutationsGenetics/results/ensembl_snps_79/A_vs_X/exon/directions/GtoT/4.json
2016-11-03 15:17:35	Thales.local:64732	INFO	analysis4 md5sum : 912479b975d0af40d7f754ac04621a0c
2016-11-03 15:17:37	Thales.local:64732	INFO	summary : /Users/gavin/DevRepos/AnalyseMutationsGenetics/results/ensembl_snps_79/A_vs_X/exon/directions/GtoT/summary.txt
2016-11-03 15:17:37	Thales.local:64732	INFO	summary md5sum : 3f633f0cbe56fe1cc9c94ef0b2b93da0
