2016-11-03 15:13:48	Thales.local:64467	INFO	system_details : system=Darwin Kernel Version 16.1.0: Thu Oct 13 21:26:57 PDT 2016; root:xnu-3789.21.3~60/RELEASE_X86_64
2016-11-03 15:13:48	Thales.local:64467	INFO	python : 3.5.1
2016-11-03 15:13:48	Thales.local:64467	INFO	user : gavin
2016-11-03 15:13:48	Thales.local:64467	INFO	command_string : /Users/gavin/miniconda2/envs/py35/bin/mutation_analysis nbr -1 ../data/ensembl_snps_79/counts/A/intergenic/directions/freq_All-chrom_A-GC_All-CtoG.txt -2 ../data/ensembl_snps_79/counts/X/intergenic/directions/freq_All-chrom_X-GC_All-CtoG.txt -o ../results/ensembl_snps_79/A_vs_X/intergenic/directions/CtoG
2016-11-03 15:13:48	Thales.local:64467	INFO	vars : {'group_label': None, 'group_ref': None, 'dry_run': False, 'plot_cfg': None, 'format': 'pdf', 'countsfile2': '../data/ensembl_snps_79/counts/X/intergenic/directions/freq_All-chrom_X-GC_All-CtoG.txt', 'strand_symmetry': False, 'outpath': '../results/ensembl_snps_79/A_vs_X/intergenic/directions/CtoG', 'countsfile': '../data/ensembl_snps_79/counts/A/intergenic/directions/freq_All-chrom_A-GC_All-CtoG.txt', 'verbose': False, 'first_order': False, 'no_type3': False}
2016-11-03 15:13:48	Thales.local:64467	INFO	countsfile1_path : /Users/gavin/DevRepos/AnalyseMutationsGenetics/data/ensembl_snps_79/counts/A/intergenic/directions/freq_All-chrom_A-GC_All-CtoG.txt
2016-11-03 15:13:48	Thales.local:64467	INFO	countsfile1_path md5sum : a3d5af6d278d17ba3f7ad3b5a71ba1a6
2016-11-03 15:13:48	Thales.local:64467	INFO	countsfile2_path : /Users/gavin/DevRepos/AnalyseMutationsGenetics/data/ensembl_snps_79/counts/X/intergenic/directions/freq_All-chrom_X-GC_All-CtoG.txt
2016-11-03 15:13:48	Thales.local:64467	INFO	countsfile2_path md5sum : 0e0cfb65a6a3d32868a0535eaec6a12e
2016-11-03 15:13:48	Thales.local:64467	INFO	group_counts : /Users/gavin/DevRepos/AnalyseMutationsGenetics/results/ensembl_snps_79/A_vs_X/intergenic/directions/CtoG/group_counts_table.txt
2016-11-03 15:13:48	Thales.local:64467	INFO	group_counts md5sum : 4f524edd356140d357dd239dfdd6e20f
2016-11-03 15:13:48	Thales.local:64467	INFO	analysis1 : /Users/gavin/DevRepos/AnalyseMutationsGenetics/results/ensembl_snps_79/A_vs_X/intergenic/directions/CtoG/1.json
2016-11-03 15:13:48	Thales.local:64467	INFO	analysis1 md5sum : 849283d9b6ad6a6fd7ba2f8b199427c6
2016-11-03 15:13:49	Thales.local:64467	INFO	analysis2 : /Users/gavin/DevRepos/AnalyseMutationsGenetics/results/ensembl_snps_79/A_vs_X/intergenic/directions/CtoG/2.json
2016-11-03 15:13:49	Thales.local:64467	INFO	analysis2 md5sum : a56f1beb682905ff1256b423c59c9657
2016-11-03 15:13:51	Thales.local:64467	INFO	analysis3 : /Users/gavin/DevRepos/AnalyseMutationsGenetics/results/ensembl_snps_79/A_vs_X/intergenic/directions/CtoG/3.json
2016-11-03 15:13:51	Thales.local:64467	INFO	analysis3 md5sum : bf9995812d846cafab55bc127966ffff
2016-11-03 15:13:56	Thales.local:64467	INFO	analysis4 : /Users/gavin/DevRepos/AnalyseMutationsGenetics/results/ensembl_snps_79/A_vs_X/intergenic/directions/CtoG/4.json
2016-11-03 15:13:56	Thales.local:64467	INFO	analysis4 md5sum : c3b34b90112b658b54e243ed4dfcb6d7
2016-11-03 15:13:58	Thales.local:64467	INFO	summary : /Users/gavin/DevRepos/AnalyseMutationsGenetics/results/ensembl_snps_79/A_vs_X/intergenic/directions/CtoG/summary.txt
2016-11-03 15:13:58	Thales.local:64467	INFO	summary md5sum : cbbce23da6145b486d9aa8b7a7647e49
