2016-11-03 15:11:57	Thales.local:64358	INFO	system_details : system=Darwin Kernel Version 16.1.0: Thu Oct 13 21:26:57 PDT 2016; root:xnu-3789.21.3~60/RELEASE_X86_64
2016-11-03 15:11:57	Thales.local:64358	INFO	python : 3.5.1
2016-11-03 15:11:57	Thales.local:64358	INFO	user : gavin
2016-11-03 15:11:57	Thales.local:64358	INFO	command_string : /Users/gavin/miniconda2/envs/py35/bin/mutation_analysis nbr -1 ../data/ensembl_snps_79/counts/A/intergenic/directions/freq_All-chrom_A-GC_All-AtoT.txt -2 ../data/ensembl_snps_79/counts/X/intergenic/directions/freq_All-chrom_X-GC_All-AtoT.txt -o ../results/ensembl_snps_79/A_vs_X/intergenic/directions/AtoT
2016-11-03 15:11:57	Thales.local:64358	INFO	vars : {'countsfile': '../data/ensembl_snps_79/counts/A/intergenic/directions/freq_All-chrom_A-GC_All-AtoT.txt', 'dry_run': False, 'group_label': None, 'outpath': '../results/ensembl_snps_79/A_vs_X/intergenic/directions/AtoT', 'countsfile2': '../data/ensembl_snps_79/counts/X/intergenic/directions/freq_All-chrom_X-GC_All-AtoT.txt', 'strand_symmetry': False, 'first_order': False, 'group_ref': None, 'plot_cfg': None, 'format': 'pdf', 'no_type3': False, 'verbose': False}
2016-11-03 15:11:57	Thales.local:64358	INFO	countsfile1_path : /Users/gavin/DevRepos/AnalyseMutationsGenetics/data/ensembl_snps_79/counts/A/intergenic/directions/freq_All-chrom_A-GC_All-AtoT.txt
2016-11-03 15:11:57	Thales.local:64358	INFO	countsfile1_path md5sum : 21c8bb81a2d4a55926a0bccefd6d08c2
2016-11-03 15:11:57	Thales.local:64358	INFO	countsfile2_path : /Users/gavin/DevRepos/AnalyseMutationsGenetics/data/ensembl_snps_79/counts/X/intergenic/directions/freq_All-chrom_X-GC_All-AtoT.txt
2016-11-03 15:11:57	Thales.local:64358	INFO	countsfile2_path md5sum : d9a2319b3e687afdad2ccc0a6b5ce4a3
2016-11-03 15:11:57	Thales.local:64358	INFO	group_counts : /Users/gavin/DevRepos/AnalyseMutationsGenetics/results/ensembl_snps_79/A_vs_X/intergenic/directions/AtoT/group_counts_table.txt
2016-11-03 15:11:57	Thales.local:64358	INFO	group_counts md5sum : 126f473946b7e6f1dfa3b7d1efd493f2
2016-11-03 15:11:57	Thales.local:64358	INFO	analysis1 : /Users/gavin/DevRepos/AnalyseMutationsGenetics/results/ensembl_snps_79/A_vs_X/intergenic/directions/AtoT/1.json
2016-11-03 15:11:57	Thales.local:64358	INFO	analysis1 md5sum : defe3395530d16f07f09f1a8162ea3b7
2016-11-03 15:11:57	Thales.local:64358	INFO	analysis2 : /Users/gavin/DevRepos/AnalyseMutationsGenetics/results/ensembl_snps_79/A_vs_X/intergenic/directions/AtoT/2.json
2016-11-03 15:11:57	Thales.local:64358	INFO	analysis2 md5sum : c35a033d671c15e79a2a3a8b1026b2f7
2016-11-03 15:11:59	Thales.local:64358	INFO	analysis3 : /Users/gavin/DevRepos/AnalyseMutationsGenetics/results/ensembl_snps_79/A_vs_X/intergenic/directions/AtoT/3.json
2016-11-03 15:11:59	Thales.local:64358	INFO	analysis3 md5sum : a4776d43287da55bfc4a002c16bb938b
2016-11-03 15:12:10	Thales.local:64358	INFO	analysis4 : /Users/gavin/DevRepos/AnalyseMutationsGenetics/results/ensembl_snps_79/A_vs_X/intergenic/directions/AtoT/4.json
2016-11-03 15:12:10	Thales.local:64358	INFO	analysis4 md5sum : 439b406fbeda4aa6b5412e6e7beba42d
2016-11-03 15:12:12	Thales.local:64358	INFO	summary : /Users/gavin/DevRepos/AnalyseMutationsGenetics/results/ensembl_snps_79/A_vs_X/intergenic/directions/AtoT/summary.txt
2016-11-03 15:12:12	Thales.local:64358	INFO	summary md5sum : bd113fbce1e55962ac6bfa6c3cbb9e04
