2016-05-28 12:09:47	Thales.local:48051	INFO	system_details : system=Darwin Kernel Version 15.5.0: Tue Apr 19 18:36:36 PDT 2016; root:xnu-3248.50.21~8/RELEASE_X86_64
2016-05-28 12:09:47	Thales.local:48051	INFO	python : 2.7.10
2016-05-28 12:09:47	Thales.local:48051	INFO	user : gavin
2016-05-28 12:09:47	Thales.local:48051	INFO	command_string : /Users/gavin/.virtualenvs/trunk/bin/mutation_analysis -1 ../data/ensembl_snps_79/counts/A/exon/directions/freq_All-chrom_A-GC_All-GtoA.txt -2 ../data/ensembl_snps_79/counts/malignant_melanoma/directions/freq_All-chrom_All-GC_All-GtoA.txt -o ../results/ensembl_snps_79/Aexon_vs_Melanoma/directions/GtoA nbr
2016-05-28 12:09:47	Thales.local:48051	INFO	vars : {'verbose': False, 'dry_run': False, 'format': 'pdf', 'group_ref': None, 'first_order': False, 'group_label': None, 'strand_symmetry': False, 'plot_cfg': None, 'force_overwrite': False, 'cfg_context': <mutation_motif.mutation_analysis.Config object at 0x10aff8210>, 'outpath': u'../results/ensembl_snps_79/Aexon_vs_Melanoma/directions/GtoA', 'countsfile2': u'../data/ensembl_snps_79/counts/malignant_melanoma/directions/freq_All-chrom_All-GC_All-GtoA.txt', 'countsfile': u'../data/ensembl_snps_79/counts/A/exon/directions/freq_All-chrom_A-GC_All-GtoA.txt'}
2016-05-28 12:09:47	Thales.local:48051	INFO	countsfile1_path : /Users/gavin/DevRepos/AnalyseMutations/data/ensembl_snps_79/counts/A/exon/directions/freq_All-chrom_A-GC_All-GtoA.txt
2016-05-28 12:09:47	Thales.local:48051	INFO	countsfile1_path md5sum : 13d8b38673995c344dbc5a00a2c9e4ac
2016-05-28 12:09:47	Thales.local:48051	INFO	countsfile2_path : /Users/gavin/DevRepos/AnalyseMutations/data/ensembl_snps_79/counts/malignant_melanoma/directions/freq_All-chrom_All-GC_All-GtoA.txt
2016-05-28 12:09:47	Thales.local:48051	INFO	countsfile2_path md5sum : f0a547146baca47bb655e2533cb67161
2016-05-28 12:09:47	Thales.local:48051	INFO	group_counts : /Users/gavin/DevRepos/AnalyseMutations/results/ensembl_snps_79/Aexon_vs_Melanoma/directions/GtoA/group_counts_table.txt
2016-05-28 12:09:47	Thales.local:48051	INFO	group_counts md5sum : d99c5dae0ec7ac8c51fa6fc3a94ad44d
2016-05-28 12:09:47	Thales.local:48051	INFO	analysis1 : /Users/gavin/DevRepos/AnalyseMutations/results/ensembl_snps_79/Aexon_vs_Melanoma/directions/GtoA/1.json
2016-05-28 12:09:47	Thales.local:48051	INFO	analysis1 md5sum : a4814b54114389c270dfdd75c9248c38
2016-05-28 12:09:47	Thales.local:48051	INFO	analysis2 : /Users/gavin/DevRepos/AnalyseMutations/results/ensembl_snps_79/Aexon_vs_Melanoma/directions/GtoA/2.json
2016-05-28 12:09:47	Thales.local:48051	INFO	analysis2 md5sum : 22f2c4a293cf2b7912d89a367dfe7207
2016-05-28 12:09:49	Thales.local:48051	INFO	analysis3 : /Users/gavin/DevRepos/AnalyseMutations/results/ensembl_snps_79/Aexon_vs_Melanoma/directions/GtoA/3.json
2016-05-28 12:09:49	Thales.local:48051	INFO	analysis3 md5sum : 5f7a246cfed3bc0689416e8d7095f084
2016-05-28 12:09:56	Thales.local:48051	INFO	analysis4 : /Users/gavin/DevRepos/AnalyseMutations/results/ensembl_snps_79/Aexon_vs_Melanoma/directions/GtoA/4.json
2016-05-28 12:09:56	Thales.local:48051	INFO	analysis4 md5sum : 4617417385eced709d5c5c3e880aad51
2016-05-28 12:09:59	Thales.local:48051	INFO	summary : /Users/gavin/DevRepos/AnalyseMutations/results/ensembl_snps_79/Aexon_vs_Melanoma/directions/GtoA/summary.txt
2016-05-28 12:09:59	Thales.local:48051	INFO	summary md5sum : 0a4d0447865ece66218d5f2b07d01863
