2016-05-27 13:47:36	thales.uds.anu.edu.au:30649	INFO	system_details : system=Darwin Kernel Version 15.5.0: Tue Apr 19 18:36:36 PDT 2016; root:xnu-3248.50.21~8/RELEASE_X86_64
2016-05-27 13:47:36	thales.uds.anu.edu.au:30649	INFO	python : 2.7.10
2016-05-27 13:47:36	thales.uds.anu.edu.au:30649	INFO	user : gavin
2016-05-27 13:47:36	thales.uds.anu.edu.au:30649	INFO	command_string : /Users/gavin/.virtualenvs/trunk/bin/mutation_analysis -1 ../data/ensembl_snps_79/counts/A/intron/directions/freq_All-chrom_A-GC_All-TtoA.txt -2 ../data/ensembl_snps_79/counts/A/exon/directions/freq_All-chrom_A-GC_All-TtoA.txt -o ../results/ensembl_snps_79/A/intron_vs_exon/directions/TtoA nbr
2016-05-27 13:47:36	thales.uds.anu.edu.au:30649	INFO	vars : {'verbose': False, 'dry_run': False, 'format': 'pdf', 'group_ref': None, 'first_order': False, 'group_label': None, 'strand_symmetry': False, 'plot_cfg': None, 'force_overwrite': False, 'cfg_context': <mutation_motif.mutation_analysis.Config object at 0x109c042d0>, 'outpath': u'../results/ensembl_snps_79/A/intron_vs_exon/directions/TtoA', 'countsfile2': u'../data/ensembl_snps_79/counts/A/exon/directions/freq_All-chrom_A-GC_All-TtoA.txt', 'countsfile': u'../data/ensembl_snps_79/counts/A/intron/directions/freq_All-chrom_A-GC_All-TtoA.txt'}
2016-05-27 13:47:36	thales.uds.anu.edu.au:30649	INFO	countsfile1_path : /Users/gavin/DevRepos/AnalyseMutations/data/ensembl_snps_79/counts/A/intron/directions/freq_All-chrom_A-GC_All-TtoA.txt
2016-05-27 13:47:36	thales.uds.anu.edu.au:30649	INFO	countsfile1_path md5sum : ac1a60439bb0f867a2ee69b1b9c28f7b
2016-05-27 13:47:36	thales.uds.anu.edu.au:30649	INFO	countsfile2_path : /Users/gavin/DevRepos/AnalyseMutations/data/ensembl_snps_79/counts/A/exon/directions/freq_All-chrom_A-GC_All-TtoA.txt
2016-05-27 13:47:36	thales.uds.anu.edu.au:30649	INFO	countsfile2_path md5sum : a591a3402230e5660eab46ce8d1f92e9
2016-05-27 13:47:36	thales.uds.anu.edu.au:30649	INFO	group_counts : /Users/gavin/DevRepos/AnalyseMutations/results/ensembl_snps_79/A/intron_vs_exon/directions/TtoA/group_counts_table.txt
2016-05-27 13:47:36	thales.uds.anu.edu.au:30649	INFO	group_counts md5sum : e02d82d89542572ef49317720ea0845d
2016-05-27 13:47:36	thales.uds.anu.edu.au:30649	INFO	analysis1 : /Users/gavin/DevRepos/AnalyseMutations/results/ensembl_snps_79/A/intron_vs_exon/directions/TtoA/1.json
2016-05-27 13:47:36	thales.uds.anu.edu.au:30649	INFO	analysis1 md5sum : 24b8a36b0d2d09d73d10e20059058d5f
2016-05-27 13:47:37	thales.uds.anu.edu.au:30649	INFO	analysis2 : /Users/gavin/DevRepos/AnalyseMutations/results/ensembl_snps_79/A/intron_vs_exon/directions/TtoA/2.json
2016-05-27 13:47:37	thales.uds.anu.edu.au:30649	INFO	analysis2 md5sum : 92dd72d697ab8244ffc01e72775be319
2016-05-27 13:47:38	thales.uds.anu.edu.au:30649	INFO	analysis3 : /Users/gavin/DevRepos/AnalyseMutations/results/ensembl_snps_79/A/intron_vs_exon/directions/TtoA/3.json
2016-05-27 13:47:38	thales.uds.anu.edu.au:30649	INFO	analysis3 md5sum : d86f54a416bc4b686f327fff4931e741
2016-05-27 13:47:44	thales.uds.anu.edu.au:30649	INFO	analysis4 : /Users/gavin/DevRepos/AnalyseMutations/results/ensembl_snps_79/A/intron_vs_exon/directions/TtoA/4.json
2016-05-27 13:47:44	thales.uds.anu.edu.au:30649	INFO	analysis4 md5sum : f45fe0fab86c25f9f70772107bd082fd
2016-05-27 13:47:47	thales.uds.anu.edu.au:30649	INFO	summary : /Users/gavin/DevRepos/AnalyseMutations/results/ensembl_snps_79/A/intron_vs_exon/directions/TtoA/summary.txt
2016-05-27 13:47:47	thales.uds.anu.edu.au:30649	INFO	summary md5sum : 96d28913642f682d42d7f8f83513e9d9
